\BOOKMARK [0][-]{chapter*.2}{Acknowledgment}{}% 1
\BOOKMARK [0][-]{chapter*.8}{Preface}{}% 2
\BOOKMARK [0][-]{chapter.1}{Teach yourself Programming in 10 Years}{}% 3
\BOOKMARK [1][-]{section.1.1}{Why is everyone in such a rush?}{chapter.1}% 4
\BOOKMARK [1][-]{section.1.2}{Teach Yourself Programming in Ten Years}{chapter.1}% 5
\BOOKMARK [1][-]{section.1.3}{So You Want to be a Programmer}{chapter.1}% 6
\BOOKMARK [0][-]{chapter.2}{Programming Languages Are Not The Same}{}% 7
\BOOKMARK [1][-]{section.2.1}{Basis for Comparing Programming Languages}{chapter.2}% 8
\BOOKMARK [2][-]{subsection.2.1.1}{Object Orientation}{section.2.1}% 9
\BOOKMARK [2][-]{subsection.2.1.2}{Static vs. Dynamic Typing}{section.2.1}% 10
\BOOKMARK [2][-]{subsection.2.1.3}{Generic Classes}{section.2.1}% 11
\BOOKMARK [2][-]{subsection.2.1.4}{Inheritence}{section.2.1}% 12
\BOOKMARK [2][-]{subsection.2.1.5}{Feature Renaming}{section.2.1}% 13
\BOOKMARK [2][-]{subsection.2.1.6}{Method Overloading}{section.2.1}% 14
\BOOKMARK [2][-]{subsection.2.1.7}{Operator Overloading}{section.2.1}% 15
\BOOKMARK [2][-]{subsection.2.1.8}{Higher Order Functions \046 Lexical Closures}{section.2.1}% 16
\BOOKMARK [2][-]{subsection.2.1.9}{Garbage Collection}{section.2.1}% 17
\BOOKMARK [2][-]{subsection.2.1.10}{Uniform Access}{section.2.1}% 18
\BOOKMARK [2][-]{subsection.2.1.11}{Class Variables/Methods}{section.2.1}% 19
\BOOKMARK [2][-]{subsection.2.1.12}{Reflection}{section.2.1}% 20
\BOOKMARK [2][-]{subsection.2.1.13}{Access Control}{section.2.1}% 21
\BOOKMARK [2][-]{subsection.2.1.14}{Design by Contract}{section.2.1}% 22
\BOOKMARK [2][-]{subsection.2.1.15}{Multithreading}{section.2.1}% 23
\BOOKMARK [2][-]{subsection.2.1.16}{Regular Expressions}{section.2.1}% 24
\BOOKMARK [2][-]{subsection.2.1.17}{Pointer Arithmetic}{section.2.1}% 25
\BOOKMARK [2][-]{subsection.2.1.18}{Language Integration}{section.2.1}% 26
\BOOKMARK [2][-]{subsection.2.1.19}{Built-In Security}{section.2.1}% 27
\BOOKMARK [1][-]{section.2.2}{Comparing based on Performance and Optimization}{chapter.2}% 28
\BOOKMARK [0][-]{chapter.3}{Python Tutorial}{}% 29
\BOOKMARK [0][-]{chapter.4}{Advanced Python}{}% 30
\BOOKMARK [0][-]{chapter.5}{Object Oriented Python Concepts}{}% 31
\BOOKMARK [0][-]{chapter.6}{Python Magic}{}% 32
\BOOKMARK [0][-]{chapter.7}{Python GUI}{}% 33
\BOOKMARK [0][-]{chapter.8}{Network Programming}{}% 34
\BOOKMARK [0][-]{chapter.9}{Python Facts}{}% 35
\BOOKMARK [1][-]{section.9.1}{Zip}{chapter.9}% 36
\BOOKMARK [1][-]{section.9.2}{List Comprehensions Support Conditions}{chapter.9}% 37
\BOOKMARK [1][-]{section.9.3}{Expanding arrays to function arguments}{chapter.9}% 38
\BOOKMARK [1][-]{section.9.4}{Ordered and Named Function Arguments}{chapter.9}% 39
\BOOKMARK [1][-]{section.9.5}{Functions as objects}{chapter.9}% 40
\BOOKMARK [1][-]{section.9.6}{Mutability}{chapter.9}% 41
\BOOKMARK [1][-]{section.9.7}{Change mutable lists using another name}{chapter.9}% 42
\BOOKMARK [1][-]{section.9.8}{Factorial Function}{chapter.9}% 43
\BOOKMARK [1][-]{section.9.9}{String formatting using dictionaries}{chapter.9}% 44
\BOOKMARK [1][-]{section.9.10}{Never Define One Line Functions}{chapter.9}% 45
\BOOKMARK [1][-]{section.9.11}{Number from Digits}{chapter.9}% 46
\BOOKMARK [1][-]{section.9.12}{Generator Functions}{chapter.9}% 47
\BOOKMARK [1][-]{section.9.13}{Parsing REST API}{chapter.9}% 48
\BOOKMARK [1][-]{section.9.14}{Sets for finding unions and intersections}{chapter.9}% 49
\BOOKMARK [1][-]{section.9.15}{Locals and strings}{chapter.9}% 50
\BOOKMARK [1][-]{section.9.16}{Encoding \046 Decoding}{chapter.9}% 51
\BOOKMARK [1][-]{section.9.17}{Set Comprehensions}{chapter.9}% 52
\BOOKMARK [1][-]{section.9.18}{dict\(\) and zip\(\) make for a powerful combination}{chapter.9}% 53
\BOOKMARK [1][-]{section.9.19}{Bools inherit from int}{chapter.9}% 54
\BOOKMARK [1][-]{section.9.20}{The Zen of Python}{chapter.9}% 55
\BOOKMARK [0][-]{chapter.10}{Python Glossary}{}% 56
\BOOKMARK [1][-]{section.10.1}{List}{chapter.10}% 57
\BOOKMARK [1][-]{section.10.2}{Slice}{chapter.10}% 58
\BOOKMARK [1][-]{section.10.3}{Variables}{chapter.10}% 59
\BOOKMARK [1][-]{section.10.4}{Functions}{chapter.10}% 60
\BOOKMARK [1][-]{section.10.5}{Tuples}{chapter.10}% 61
\BOOKMARK [1][-]{section.10.6}{List Comprehensions}{chapter.10}% 62
\BOOKMARK [1][-]{section.10.7}{Sets}{chapter.10}% 63
\BOOKMARK [1][-]{section.10.8}{Dictionaries}{chapter.10}% 64
\BOOKMARK [1][-]{section.10.9}{Strings}{chapter.10}% 65
\BOOKMARK [1][-]{section.10.10}{The len\(\) Function}{chapter.10}% 66
\BOOKMARK [1][-]{section.10.11}{Single Line Comments}{chapter.10}% 67
\BOOKMARK [1][-]{section.10.12}{Multi-line Comments}{chapter.10}% 68
\BOOKMARK [1][-]{section.10.13}{Print}{chapter.10}% 69
\BOOKMARK [1][-]{section.10.14}{The range\(\) Function}{chapter.10}% 70
\BOOKMARK [1][-]{section.10.15}{For Loops}{chapter.10}% 71
\BOOKMARK [1][-]{section.10.16}{While Loops}{chapter.10}% 72
\BOOKMARK [1][-]{section.10.17}{The str\(\) Function}{chapter.10}% 73
\BOOKMARK [1][-]{section.10.18}{>>>}{chapter.10}% 74
\BOOKMARK [1][-]{section.10.19}{...}{chapter.10}% 75
\BOOKMARK [1][-]{section.10.20}{2to3}{chapter.10}% 76
\BOOKMARK [1][-]{section.10.21}{abstract base class}{chapter.10}% 77
\BOOKMARK [1][-]{section.10.22}{argument}{chapter.10}% 78
\BOOKMARK [1][-]{section.10.23}{attribute}{chapter.10}% 79
\BOOKMARK [1][-]{section.10.24}{BDFL}{chapter.10}% 80
\BOOKMARK [1][-]{section.10.25}{bytecode}{chapter.10}% 81
\BOOKMARK [1][-]{section.10.26}{class}{chapter.10}% 82
\BOOKMARK [1][-]{section.10.27}{classic class}{chapter.10}% 83
\BOOKMARK [1][-]{section.10.28}{coercion}{chapter.10}% 84
\BOOKMARK [1][-]{section.10.29}{complex number}{chapter.10}% 85
\BOOKMARK [1][-]{section.10.30}{context manager}{chapter.10}% 86
\BOOKMARK [1][-]{section.10.31}{CPython}{chapter.10}% 87
\BOOKMARK [1][-]{section.10.32}{decorator}{chapter.10}% 88
\BOOKMARK [1][-]{section.10.33}{descriptor}{chapter.10}% 89
\BOOKMARK [1][-]{section.10.34}{dictionary}{chapter.10}% 90
\BOOKMARK [1][-]{section.10.35}{docstring}{chapter.10}% 91
\BOOKMARK [1][-]{section.10.36}{duck-typing}{chapter.10}% 92
\BOOKMARK [1][-]{section.10.37}{EAFP}{chapter.10}% 93
\BOOKMARK [1][-]{section.10.38}{expression}{chapter.10}% 94
\BOOKMARK [1][-]{section.10.39}{extension module}{chapter.10}% 95
\BOOKMARK [1][-]{section.10.40}{file object}{chapter.10}% 96
\BOOKMARK [1][-]{section.10.41}{file-like object}{chapter.10}% 97
\BOOKMARK [1][-]{section.10.42}{finder}{chapter.10}% 98
\BOOKMARK [1][-]{section.10.43}{floor division}{chapter.10}% 99
\BOOKMARK [1][-]{section.10.44}{function}{chapter.10}% 100
\BOOKMARK [1][-]{section.10.45}{\137\137future\137\137}{chapter.10}% 101
\BOOKMARK [1][-]{section.10.46}{garbage collection}{chapter.10}% 102
\BOOKMARK [1][-]{section.10.47}{generator}{chapter.10}% 103
\BOOKMARK [1][-]{section.10.48}{generator expression}{chapter.10}% 104
\BOOKMARK [1][-]{section.10.49}{GIL}{chapter.10}% 105
\BOOKMARK [1][-]{section.10.50}{global interpreter lock}{chapter.10}% 106
\BOOKMARK [1][-]{section.10.51}{hashable}{chapter.10}% 107
\BOOKMARK [1][-]{section.10.52}{IDLE}{chapter.10}% 108
\BOOKMARK [1][-]{section.10.53}{immutable}{chapter.10}% 109
\BOOKMARK [1][-]{section.10.54}{integer division}{chapter.10}% 110
\BOOKMARK [1][-]{section.10.55}{importer}{chapter.10}% 111
\BOOKMARK [1][-]{section.10.56}{interactive}{chapter.10}% 112
\BOOKMARK [1][-]{section.10.57}{interpreted}{chapter.10}% 113
\BOOKMARK [1][-]{section.10.58}{iterable}{chapter.10}% 114
\BOOKMARK [1][-]{section.10.59}{iterator}{chapter.10}% 115
\BOOKMARK [1][-]{section.10.60}{key function}{chapter.10}% 116
\BOOKMARK [1][-]{section.10.61}{keyword argument}{chapter.10}% 117
\BOOKMARK [1][-]{section.10.62}{lambda}{chapter.10}% 118
\BOOKMARK [1][-]{section.10.63}{LBYL}{chapter.10}% 119
\BOOKMARK [1][-]{section.10.64}{list}{chapter.10}% 120
\BOOKMARK [1][-]{section.10.65}{list comprehension}{chapter.10}% 121
\BOOKMARK [1][-]{section.10.66}{loader}{chapter.10}% 122
\BOOKMARK [1][-]{section.10.67}{mapping}{chapter.10}% 123
\BOOKMARK [1][-]{section.10.68}{metaclass}{chapter.10}% 124
\BOOKMARK [1][-]{section.10.69}{method}{chapter.10}% 125
\BOOKMARK [1][-]{section.10.70}{method resolution order}{chapter.10}% 126
\BOOKMARK [1][-]{section.10.71}{MRO}{chapter.10}% 127
\BOOKMARK [1][-]{section.10.72}{mutable}{chapter.10}% 128
\BOOKMARK [1][-]{section.10.73}{named tuple}{chapter.10}% 129
\BOOKMARK [1][-]{section.10.74}{namespace}{chapter.10}% 130
\BOOKMARK [1][-]{section.10.75}{nested scope}{chapter.10}% 131
\BOOKMARK [1][-]{section.10.76}{new-style class}{chapter.10}% 132
\BOOKMARK [1][-]{section.10.77}{object}{chapter.10}% 133
\BOOKMARK [1][-]{section.10.78}{parameter}{chapter.10}% 134
\BOOKMARK [1][-]{section.10.79}{positional argument}{chapter.10}% 135
\BOOKMARK [1][-]{section.10.80}{Python 3000}{chapter.10}% 136
\BOOKMARK [1][-]{section.10.81}{Pythonic}{chapter.10}% 137
\BOOKMARK [1][-]{section.10.82}{\137\137slots\137\137}{chapter.10}% 138
\BOOKMARK [1][-]{section.10.83}{sequence}{chapter.10}% 139
\BOOKMARK [1][-]{section.10.84}{slice}{chapter.10}% 140
\BOOKMARK [1][-]{section.10.85}{special method}{chapter.10}% 141
\BOOKMARK [1][-]{section.10.86}{statement}{chapter.10}% 142
\BOOKMARK [1][-]{section.10.87}{struct sequence}{chapter.10}% 143
\BOOKMARK [1][-]{section.10.88}{type}{chapter.10}% 144
\BOOKMARK [1][-]{section.10.89}{view}{chapter.10}% 145
\BOOKMARK [1][-]{section.10.90}{virtual machine}{chapter.10}% 146
\BOOKMARK [1][-]{section.10.91}{Zen of Python}{chapter.10}% 147
\BOOKMARK [0][-]{chapter.11}{Project}{}% 148
\BOOKMARK [0][-]{chapter.12}{List Methods}{}% 149
\BOOKMARK [0][-]{chapter.13}{String Formattig}{}% 150
\BOOKMARK [0][-]{chapter.14}{Built-in Modules}{}% 151
\BOOKMARK [-1][-]{part.1}{I Python Labs}{}% 152
\BOOKMARK [0][-]{chapter.15}{Python Syntax}{part.1}% 153
\BOOKMARK [1][-]{section.15.1}{Variables and Data Types}{chapter.15}% 154
\BOOKMARK [2][-]{subsection.15.1.1}{Variables}{section.15.1}% 155
\BOOKMARK [2][-]{subsection.15.1.2}{Data Types}{section.15.1}% 156
\BOOKMARK [2][-]{subsection.15.1.3}{You've Been Reassigned}{section.15.1}% 157
\BOOKMARK [1][-]{section.15.2}{Whitespace and Statements}{chapter.15}% 158
\BOOKMARK [2][-]{subsection.15.2.1}{What's a Statement?}{section.15.2}% 159
\BOOKMARK [2][-]{subsection.15.2.2}{Whitespace Means Right Space}{section.15.2}% 160
\BOOKMARK [2][-]{subsection.15.2.3}{A Matter of Interpretation}{section.15.2}% 161
\BOOKMARK [1][-]{section.15.3}{Comments}{chapter.15}% 162
\BOOKMARK [2][-]{subsection.15.3.1}{Single Line Comments}{section.15.3}% 163
\BOOKMARK [2][-]{subsection.15.3.2}{Multi-Line Comments}{section.15.3}% 164
\BOOKMARK [1][-]{section.15.4}{Math Operations}{chapter.15}% 165
\BOOKMARK [2][-]{subsection.15.4.1}{Arithmetic Operators}{section.15.4}% 166
\BOOKMARK [2][-]{subsection.15.4.2}{Subtraction}{section.15.4}% 167
\BOOKMARK [2][-]{subsection.15.4.3}{Multiplication}{section.15.4}% 168
\BOOKMARK [2][-]{subsection.15.4.4}{Division}{section.15.4}% 169
\BOOKMARK [2][-]{subsection.15.4.5}{Exponentiation}{section.15.4}% 170
\BOOKMARK [2][-]{subsection.15.4.6}{Modulo}{section.15.4}% 171
\BOOKMARK [1][-]{section.15.5}{Review}{chapter.15}% 172
\BOOKMARK [2][-]{subsection.15.5.1}{Bringing It All Together}{section.15.5}% 173
\BOOKMARK [1][-]{section.15.6}{Project: Tip Calculator}{chapter.15}% 174
\BOOKMARK [2][-]{subsection.15.6.1}{Your Favorite Meal}{section.15.6}% 175
\BOOKMARK [2][-]{subsection.15.6.2}{The Tax}{section.15.6}% 176
\BOOKMARK [2][-]{subsection.15.6.3}{The Tip}{section.15.6}% 177
\BOOKMARK [2][-]{subsection.15.6.4}{Reassign in a Single Line}{section.15.6}% 178
\BOOKMARK [2][-]{subsection.15.6.5}{Second Verse, Same as the First}{section.15.6}% 179
\BOOKMARK [0][-]{chapter.16}{Strings and Console Output}{part.1}% 180
\BOOKMARK [1][-]{section.16.1}{Strings}{chapter.16}% 181
\BOOKMARK [2][-]{subsection.16.1.1}{Step One: Strings}{section.16.1}% 182
\BOOKMARK [2][-]{subsection.16.1.2}{Step Two: Things}{section.16.1}% 183
\BOOKMARK [2][-]{subsection.16.1.3}{Step Three: Escape!}{section.16.1}% 184
\BOOKMARK [2][-]{subsection.16.1.4}{Access by Offset}{section.16.1}% 185
\BOOKMARK [1][-]{section.16.2}{String Methods}{chapter.16}% 186
\BOOKMARK [2][-]{subsection.16.2.1}{Four Methods to the Madness}{section.16.2}% 187
\BOOKMARK [2][-]{subsection.16.2.2}{lower\(\)}{section.16.2}% 188
\BOOKMARK [2][-]{subsection.16.2.3}{upper\(\)}{section.16.2}% 189
\BOOKMARK [2][-]{subsection.16.2.4}{str\(\)}{section.16.2}% 190
\BOOKMARK [2][-]{subsection.16.2.5}{Dot Notation}{section.16.2}% 191
\BOOKMARK [1][-]{section.16.3}{Print}{chapter.16}% 192
\BOOKMARK [2][-]{subsection.16.3.1}{Printing with String Literals}{section.16.3}% 193
\BOOKMARK [2][-]{subsection.16.3.2}{Printing with Variables}{section.16.3}% 194
\BOOKMARK [1][-]{section.16.4}{Advanced Printing}{chapter.16}% 195
\BOOKMARK [2][-]{subsection.16.4.1}{String Concatenation}{section.16.4}% 196
\BOOKMARK [2][-]{subsection.16.4.2}{Explicit String Conversion}{section.16.4}% 197
\BOOKMARK [2][-]{subsection.16.4.3}{String Formatting with \045, Part 1}{section.16.4}% 198
\BOOKMARK [2][-]{subsection.16.4.4}{String Formatting with \045, Part 2}{section.16.4}% 199
\BOOKMARK [1][-]{section.16.5}{Review}{chapter.16}% 200
\BOOKMARK [2][-]{subsection.16.5.1}{INSTRUCTIONS}{section.16.5}% 201
\BOOKMARK [1][-]{section.16.6}{Project: Date and Time}{chapter.16}% 202
\BOOKMARK [2][-]{subsection.16.6.1}{The datetime Library}{section.16.6}% 203
\BOOKMARK [2][-]{subsection.16.6.2}{Getting the Current Date and Time}{section.16.6}% 204
\BOOKMARK [2][-]{subsection.16.6.3}{Extracting Information}{section.16.6}% 205
\BOOKMARK [2][-]{subsection.16.6.4}{Hot Date}{section.16.6}% 206
\BOOKMARK [2][-]{subsection.16.6.5}{Pretty Time}{section.16.6}% 207
\BOOKMARK [2][-]{subsection.16.6.6}{Grand Finale}{section.16.6}% 208
\BOOKMARK [0][-]{chapter.17}{Conditionals and Control Flow}{part.1}% 209
\BOOKMARK [1][-]{section.17.1}{Introduction to Control Flow}{chapter.17}% 210
\BOOKMARK [2][-]{subsection.17.1.1}{Go With the Flow}{section.17.1}% 211
\BOOKMARK [1][-]{section.17.2}{Comparators}{chapter.17}% 212
\BOOKMARK [2][-]{subsection.17.2.1}{Compare Closely!}{section.17.2}% 213
\BOOKMARK [2][-]{subsection.17.2.2}{Compare... Closelier}{section.17.2}% 214
\BOOKMARK [2][-]{subsection.17.2.3}{How the Tables Have Turned}{section.17.2}% 215
\BOOKMARK [1][-]{section.17.3}{Boolean Operators}{chapter.17}% 216
\BOOKMARK [2][-]{subsection.17.3.1}{To Be and/or Not to Be}{section.17.3}% 217
\BOOKMARK [2][-]{subsection.17.3.2}{And}{section.17.3}% 218
\BOOKMARK [2][-]{subsection.17.3.3}{Or}{section.17.3}% 219
\BOOKMARK [2][-]{subsection.17.3.4}{Not}{section.17.3}% 220
\BOOKMARK [2][-]{subsection.17.3.5}{This and That \(or This, But Not That!\)}{section.17.3}% 221
\BOOKMARK [2][-]{subsection.17.3.6}{Mix 'n Match}{section.17.3}% 222
\BOOKMARK [1][-]{section.17.4}{If, Else and Elif}{chapter.17}% 223
\BOOKMARK [2][-]{subsection.17.4.1}{Conditional Statement Syntax}{section.17.4}% 224
\BOOKMARK [2][-]{subsection.17.4.2}{If You're Having...}{section.17.4}% 225
\BOOKMARK [2][-]{subsection.17.4.3}{Else Problems, I Feel Bad for You, Son...}{section.17.4}% 226
\BOOKMARK [2][-]{subsection.17.4.4}{I Got 99 Problems, But a Switch Ain't One}{section.17.4}% 227
\BOOKMARK [1][-]{section.17.5}{Review}{chapter.17}% 228
\BOOKMARK [2][-]{subsection.17.5.1}{The Big If}{section.17.5}% 229
\BOOKMARK [0][-]{chapter.18}{Project: PygLatin}{part.1}% 230
\BOOKMARK [1][-]{section.18.1}{PygLatin Part 1}{chapter.18}% 231
\BOOKMARK [2][-]{subsection.18.1.1}{Break It Down}{section.18.1}% 232
\BOOKMARK [2][-]{subsection.18.1.2}{Ahoy! \(or Should I Say Ahoyay!\)}{section.18.1}% 233
\BOOKMARK [2][-]{subsection.18.1.3}{Input!}{section.18.1}% 234
\BOOKMARK [2][-]{subsection.18.1.4}{Check Yourself!}{section.18.1}% 235
\BOOKMARK [2][-]{subsection.18.1.5}{Check Yourself... Some More}{section.18.1}% 236
\BOOKMARK [2][-]{subsection.18.1.6}{Pop Quiz!}{section.18.1}% 237
\BOOKMARK [1][-]{section.18.2}{PygLatin Part 2}{chapter.18}% 238
\BOOKMARK [2][-]{subsection.18.2.1}{Ay B C}{section.18.2}% 239
\BOOKMARK [2][-]{subsection.18.2.2}{Word Up}{section.18.2}% 240
\BOOKMARK [2][-]{subsection.18.2.3}{E-I-E-I-O}{section.18.2}% 241
\BOOKMARK [2][-]{subsection.18.2.4}{I'd Like to Buy a Vowel}{section.18.2}% 242
\BOOKMARK [2][-]{subsection.18.2.5}{Almost Oneday!}{section.18.2}% 243
\BOOKMARK [2][-]{subsection.18.2.6}{Testing, Testing, is This Thing On?}{section.18.2}% 244
\BOOKMARK [0][-]{chapter.19}{Functions}{part.1}% 245
\BOOKMARK [1][-]{section.19.1}{Introduction to Functions}{chapter.19}% 246
\BOOKMARK [2][-]{subsection.19.1.1}{Documentation: a PSA}{section.19.1}% 247
\BOOKMARK [2][-]{subsection.19.1.2}{Ample Examples}{section.19.1}% 248
\BOOKMARK [1][-]{section.19.2}{Function Syntax}{chapter.19}% 249
\BOOKMARK [2][-]{subsection.19.2.1}{Function Junction}{section.19.2}% 250
\BOOKMARK [2][-]{subsection.19.2.2}{Call and Response}{section.19.2}% 251
\BOOKMARK [2][-]{subsection.19.2.3}{No One Ever Does}{section.19.2}% 252
\BOOKMARK [2][-]{subsection.19.2.4}{Splat!}{section.19.2}% 253
\BOOKMARK [2][-]{subsection.19.2.5}{Functions Calling Functions}{section.19.2}% 254
\BOOKMARK [2][-]{subsection.19.2.6}{Practice Makes Perfect}{section.19.2}% 255
\BOOKMARK [1][-]{section.19.3}{Importing Modules}{chapter.19}% 256
\BOOKMARK [2][-]{subsection.19.3.1}{I Know Kung Fu}{section.19.3}% 257
\BOOKMARK [2][-]{subsection.19.3.2}{Generic Imports}{section.19.3}% 258
\BOOKMARK [2][-]{subsection.19.3.3}{Function Imports}{section.19.3}% 259
\BOOKMARK [2][-]{subsection.19.3.4}{Universal Imports}{section.19.3}% 260
\BOOKMARK [2][-]{subsection.19.3.5}{Here Be Dragons}{section.19.3}% 261
\BOOKMARK [1][-]{section.19.4}{Built-In Functions}{chapter.19}% 262
\BOOKMARK [2][-]{subsection.19.4.1}{On Beyond Strings}{section.19.4}% 263
\BOOKMARK [2][-]{subsection.19.4.2}{max\(\)}{section.19.4}% 264
\BOOKMARK [2][-]{subsection.19.4.3}{min\(\)}{section.19.4}% 265
\BOOKMARK [2][-]{subsection.19.4.4}{abs\(\)}{section.19.4}% 266
\BOOKMARK [2][-]{subsection.19.4.5}{type\(\)}{section.19.4}% 267
\BOOKMARK [1][-]{section.19.5}{Review}{chapter.19}% 268
\BOOKMARK [2][-]{subsection.19.5.1}{Review: Functions}{section.19.5}% 269
\BOOKMARK [2][-]{subsection.19.5.2}{Review: Modules}{section.19.5}% 270
\BOOKMARK [2][-]{subsection.19.5.3}{Review: Built-In Functions}{section.19.5}% 271
\BOOKMARK [0][-]{chapter.20}{Taking a Vacation}{part.1}% 272
\BOOKMARK [1][-]{section.20.1}{A Review of Function Creation}{chapter.20}% 273
\BOOKMARK [2][-]{subsection.20.1.1}{Before We Begin}{section.20.1}% 274
\BOOKMARK [2][-]{subsection.20.1.2}{Finding Your Identity}{section.20.1}% 275
\BOOKMARK [2][-]{subsection.20.1.3}{Call Me Maybe?}{section.20.1}% 276
\BOOKMARK [2][-]{subsection.20.1.4}{Function and Control Flow}{section.20.1}% 277
\BOOKMARK [2][-]{subsection.20.1.5}{Problem Solvers}{section.20.1}% 278
\BOOKMARK [1][-]{section.20.2}{Planes, Hotels and Automobiles}{chapter.20}% 279
\BOOKMARK [2][-]{subsection.20.2.1}{Planning Your Trip}{section.20.2}% 280
\BOOKMARK [2][-]{subsection.20.2.2}{Getting There}{section.20.2}% 281
\BOOKMARK [2][-]{subsection.20.2.3}{Transportation}{section.20.2}% 282
\BOOKMARK [2][-]{subsection.20.2.4}{Pull it Together}{section.20.2}% 283
\BOOKMARK [2][-]{subsection.20.2.5}{Hey, You Never Know!}{section.20.2}% 284
\BOOKMARK [2][-]{subsection.20.2.6}{Plan Your Trip!}{section.20.2}% 285
\BOOKMARK [1][-]{section.20.3}{Return to Base}{chapter.20}% 286
\BOOKMARK [2][-]{subsection.20.3.1}{Coming Back Home}{section.20.3}% 287
\BOOKMARK [2][-]{subsection.20.3.2}{Gotta Give Me Some Credit}{section.20.3}% 288
\BOOKMARK [2][-]{subsection.20.3.3}{At a Bare Minimum}{section.20.3}% 289
\BOOKMARK [2][-]{subsection.20.3.4}{Something of Interest}{section.20.3}% 290
\BOOKMARK [2][-]{subsection.20.3.5}{Paying Up}{section.20.3}% 291
\BOOKMARK [2][-]{subsection.20.3.6}{Run It}{section.20.3}% 292
\BOOKMARK [0][-]{chapter.21}{Lists and Dictionaries}{part.1}% 293
\BOOKMARK [1][-]{section.21.1}{Lists}{chapter.21}% 294
\BOOKMARK [2][-]{subsection.21.1.1}{Introduction to Lists}{section.21.1}% 295
\BOOKMARK [2][-]{subsection.21.1.2}{Access by Index}{section.21.1}% 296
\BOOKMARK [2][-]{subsection.21.1.3}{New Neighbors}{section.21.1}% 297
\BOOKMARK [1][-]{section.21.2}{List Capabilities and Functions}{chapter.21}% 298
\BOOKMARK [2][-]{subsection.21.2.1}{Late Arrivals \046 List Length}{section.21.2}% 299
\BOOKMARK [2][-]{subsection.21.2.2}{List Slicing}{section.21.2}% 300
\BOOKMARK [2][-]{subsection.21.2.3}{Slicing Lists and Strings}{section.21.2}% 301
\BOOKMARK [2][-]{subsection.21.2.4}{Maintaining Order}{section.21.2}% 302
\BOOKMARK [2][-]{subsection.21.2.5}{For One and All}{section.21.2}% 303
\BOOKMARK [2][-]{subsection.21.2.6}{More with 'for'}{section.21.2}% 304
\BOOKMARK [1][-]{section.21.3}{Dictionaries}{chapter.21}% 305
\BOOKMARK [2][-]{subsection.21.3.1}{This Next Part is Key}{section.21.3}% 306
\BOOKMARK [2][-]{subsection.21.3.2}{New Entries}{section.21.3}% 307
\BOOKMARK [2][-]{subsection.21.3.3}{Changing Your Mind}{section.21.3}% 308
\BOOKMARK [2][-]{subsection.21.3.4}{It's Dangerous to Go Alone! Take This}{section.21.3}% 309
\BOOKMARK [0][-]{chapter.22}{Project: A Day at the Supermarket}{part.1}% 310
\BOOKMARK [1][-]{section.22.1}{Looping with Lists and Dictionaries}{chapter.22}% 311
\BOOKMARK [2][-]{subsection.22.1.1}{BeFOR We Begin}{section.22.1}% 312
\BOOKMARK [2][-]{subsection.22.1.2}{This is KEY!}{section.22.1}% 313
\BOOKMARK [2][-]{subsection.22.1.3}{Control Flow and Looping}{section.22.1}% 314
\BOOKMARK [2][-]{subsection.22.1.4}{Lists + Functions}{section.22.1}% 315
\BOOKMARK [2][-]{subsection.22.1.5}{String Looping}{section.22.1}% 316
\BOOKMARK [1][-]{section.22.2}{Owning a Store}{chapter.22}% 317
\BOOKMARK [2][-]{subsection.22.2.1}{Your Own Store!}{section.22.2}% 318
\BOOKMARK [2][-]{subsection.22.2.2}{Investing in Stock}{section.22.2}% 319
\BOOKMARK [2][-]{subsection.22.2.3}{Keeping Track of the Produce}{section.22.2}% 320
\BOOKMARK [2][-]{subsection.22.2.4}{Something of Value}{section.22.2}% 321
\BOOKMARK [1][-]{section.22.3}{Shopping Trip!}{chapter.22}% 322
\BOOKMARK [2][-]{subsection.22.3.1}{Shopping at the Market}{section.22.3}% 323
\BOOKMARK [2][-]{subsection.22.3.2}{Making a Purchase}{section.22.3}% 324
\BOOKMARK [2][-]{subsection.22.3.3}{Stocking Out}{section.22.3}% 325
\BOOKMARK [2][-]{subsection.22.3.4}{Let's Check Out!}{section.22.3}% 326
\BOOKMARK [0][-]{chapter.23}{Lists and Functions}{part.1}% 327
\BOOKMARK [0][-]{chapter.24}{Loops}{part.1}% 328
\BOOKMARK [0][-]{chapter.25}{Exam Statistics}{part.1}% 329
\BOOKMARK [0][-]{chapter.26}{Advanced Topics in Python}{part.1}% 330
\BOOKMARK [0][-]{chapter.27}{Introduction to Classes}{part.1}% 331
\BOOKMARK [0][-]{chapter.28}{File Input and Output}{part.1}% 332
\BOOKMARK [0][-]{appendix.A}{Resources}{part.1}% 333
