This is pdfTeX, Version 3.1415926-2.4-1.40.13 (TeX Live 2012) (format=pdflatex 2013.3.21)  22 MAR 2013 22:49
entering extended mode
 restricted \write18 enabled.
 %&-line parsing enabled.
**EAI-Book.tex
(./EAI-Book.tex
LaTeX2e <2011/06/27>
Babel <v3.8m> and hyphenation patterns for english, dumylang, nohyphenation, ge
rman-x-2012-05-30, ngerman-x-2012-05-30, afrikaans, ancientgreek, ibycus, arabi
c, armenian, basque, bulgarian, catalan, pinyin, coptic, croatian, czech, danis
h, dutch, ukenglish, usenglishmax, esperanto, estonian, ethiopic, farsi, finnis
h, french, friulan, galician, german, ngerman, swissgerman, monogreek, greek, h
ungarian, icelandic, assamese, bengali, gujarati, hindi, kannada, malayalam, ma
rathi, oriya, panjabi, tamil, telugu, indonesian, interlingua, irish, italian, 
kurmanji, latin, latvian, lithuanian, mongolian, mongolianlmc, bokmal, nynorsk,
 polish, portuguese, romanian, romansh, russian, sanskrit, serbian, serbianc, s
lovak, slovenian, spanish, swedish, turkish, turkmen, ukrainian, uppersorbian, 
welsh, loaded.
(/usr/local/texlive/2012/texmf-dist/tex/latex/base/book.cls
Document Class: book 2007/10/19 v1.4h Standard LaTeX document class
(/usr/local/texlive/2012/texmf-dist/tex/latex/base/bk12.clo
File: bk12.clo 2007/10/19 v1.4h Standard LaTeX file (size option)
)
\c@part=\count79
\c@chapter=\count80
\c@section=\count81
\c@subsection=\count82
\c@subsubsection=\count83
\c@paragraph=\count84
\c@subparagraph=\count85
\c@figure=\count86
\c@table=\count87
\abovecaptionskip=\skip41
\belowcaptionskip=\skip42
\bibindent=\dimen102
)
(/usr/local/texlive/2012/texmf-dist/tex/latex/adjustbox/adjustbox.sty
Package: adjustbox 2012/05/21 v1.0 Adjusting TeX boxes (trim, clip, ...)

(/usr/local/texlive/2012/texmf-dist/tex/latex/xkeyval/xkeyval.sty
Package: xkeyval 2008/08/13 v2.6a package option processing (HA)

(/usr/local/texlive/2012/texmf-dist/tex/generic/xkeyval/xkeyval.tex
\XKV@toks=\toks14
\XKV@tempa@toks=\toks15
\XKV@depth=\count88
File: xkeyval.tex 2008/08/13 v2.6a key=value parser (HA)

(/usr/local/texlive/2012/texmf-dist/tex/generic/xkeyval/keyval.tex)))
(/usr/local/texlive/2012/texmf-dist/tex/latex/adjustbox/adjcalc.sty
Package: adjcalc 2012/05/16 v1.1 Provides advanced setlength with multiple back
-ends (calc, etex, pgfmath)
)
(/usr/local/texlive/2012/texmf-dist/tex/latex/adjustbox/trimclip.sty
Package: trimclip 2012/05/16 v1.0 Trim and clip general TeX material

(/usr/local/texlive/2012/texmf-dist/tex/latex/graphics/graphicx.sty
Package: graphicx 1999/02/16 v1.0f Enhanced LaTeX Graphics (DPC,SPQR)

(/usr/local/texlive/2012/texmf-dist/tex/latex/graphics/graphics.sty
Package: graphics 2009/02/05 v1.0o Standard LaTeX Graphics (DPC,SPQR)

(/usr/local/texlive/2012/texmf-dist/tex/latex/graphics/trig.sty
Package: trig 1999/03/16 v1.09 sin cos tan (DPC)
)
(/usr/local/texlive/2012/texmf-dist/tex/latex/latexconfig/graphics.cfg
File: graphics.cfg 2010/04/23 v1.9 graphics configuration of TeX Live
)
Package graphics Info: Driver file: pdftex.def on input line 91.

(/usr/local/texlive/2012/texmf-dist/tex/latex/pdftex-def/pdftex.def
File: pdftex.def 2011/05/27 v0.06d Graphics/color for pdfTeX

(/usr/local/texlive/2012/texmf-dist/tex/generic/oberdiek/infwarerr.sty
Package: infwarerr 2010/04/08 v1.3 Providing info/warning/error messages (HO)
)
(/usr/local/texlive/2012/texmf-dist/tex/generic/oberdiek/ltxcmds.sty
Package: ltxcmds 2011/11/09 v1.22 LaTeX kernel commands for general use (HO)
)
\Gread@gobject=\count89
))
\Gin@req@height=\dimen103
\Gin@req@width=\dimen104
)
(/usr/local/texlive/2012/texmf-dist/tex/latex/collectbox/collectbox.sty
Package: collectbox 2012/05/17 v0.4b Collect macro arguments as boxes
\collectedbox=\box26
)
\tc@llx=\dimen105
\tc@lly=\dimen106
\tc@urx=\dimen107
\tc@ury=\dimen108
Package trimclip Info: Using driver 'tc-pdftex.def'.

(/usr/local/texlive/2012/texmf-dist/tex/latex/adjustbox/tc-pdftex.def
File: tc-pdftex.def 2012/05/13 v1.0 Clipping driver for pdftex
))
\adjbox@Width=\dimen109
\adjbox@Height=\dimen110
\adjbox@Depth=\dimen111
\adjbox@Totalheight=\dimen112

(/usr/local/texlive/2012/texmf-dist/tex/latex/ifoddpage/ifoddpage.sty
Package: ifoddpage 2011/09/13 v1.0 Conditionals for odd/even page detection
\c@checkoddpage=\count90
)
(/usr/local/texlive/2012/texmf-dist/tex/latex/varwidth/varwidth.sty
Package: varwidth 2009/03/30 ver 0.92;  Variable-width minipages
\@vwid@box=\box27
\sift@deathcycles=\count91
\@vwid@loff=\dimen113
\@vwid@roff=\dimen114
))
(/usr/local/texlive/2012/texmf-dist/tex/latex/base/makeidx.sty
Package: makeidx 2000/03/29 v1.0m Standard LaTeX package
)
(/usr/local/texlive/2012/texmf-dist/tex/latex/base/inputenc.sty
Package: inputenc 2008/03/30 v1.1d Input encoding file
\inpenc@prehook=\toks16
\inpenc@posthook=\toks17

(/usr/local/texlive/2012/texmf-dist/tex/latex/base/utf8.def
File: utf8.def 2008/04/05 v1.1m UTF-8 support for inputenc
Now handling font encoding OML ...
... no UTF-8 mapping file for font encoding OML
Now handling font encoding T1 ...
... processing UTF-8 mapping file for font encoding T1

(/usr/local/texlive/2012/texmf-dist/tex/latex/base/t1enc.dfu
File: t1enc.dfu 2008/04/05 v1.1m UTF-8 support for inputenc
   defining Unicode char U+00A1 (decimal 161)
   defining Unicode char U+00A3 (decimal 163)
   defining Unicode char U+00AB (decimal 171)
   defining Unicode char U+00BB (decimal 187)
   defining Unicode char U+00BF (decimal 191)
   defining Unicode char U+00C0 (decimal 192)
   defining Unicode char U+00C1 (decimal 193)
   defining Unicode char U+00C2 (decimal 194)
   defining Unicode char U+00C3 (decimal 195)
   defining Unicode char U+00C4 (decimal 196)
   defining Unicode char U+00C5 (decimal 197)
   defining Unicode char U+00C6 (decimal 198)
   defining Unicode char U+00C7 (decimal 199)
   defining Unicode char U+00C8 (decimal 200)
   defining Unicode char U+00C9 (decimal 201)
   defining Unicode char U+00CA (decimal 202)
   defining Unicode char U+00CB (decimal 203)
   defining Unicode char U+00CC (decimal 204)
   defining Unicode char U+00CD (decimal 205)
   defining Unicode char U+00CE (decimal 206)
   defining Unicode char U+00CF (decimal 207)
   defining Unicode char U+00D0 (decimal 208)
   defining Unicode char U+00D1 (decimal 209)
   defining Unicode char U+00D2 (decimal 210)
   defining Unicode char U+00D3 (decimal 211)
   defining Unicode char U+00D4 (decimal 212)
   defining Unicode char U+00D5 (decimal 213)
   defining Unicode char U+00D6 (decimal 214)
   defining Unicode char U+00D8 (decimal 216)
   defining Unicode char U+00D9 (decimal 217)
   defining Unicode char U+00DA (decimal 218)
   defining Unicode char U+00DB (decimal 219)
   defining Unicode char U+00DC (decimal 220)
   defining Unicode char U+00DD (decimal 221)
   defining Unicode char U+00DE (decimal 222)
   defining Unicode char U+00DF (decimal 223)
   defining Unicode char U+00E0 (decimal 224)
   defining Unicode char U+00E1 (decimal 225)
   defining Unicode char U+00E2 (decimal 226)
   defining Unicode char U+00E3 (decimal 227)
   defining Unicode char U+00E4 (decimal 228)
   defining Unicode char U+00E5 (decimal 229)
   defining Unicode char U+00E6 (decimal 230)
   defining Unicode char U+00E7 (decimal 231)
   defining Unicode char U+00E8 (decimal 232)
   defining Unicode char U+00E9 (decimal 233)
   defining Unicode char U+00EA (decimal 234)
   defining Unicode char U+00EB (decimal 235)
   defining Unicode char U+00EC (decimal 236)
   defining Unicode char U+00ED (decimal 237)
   defining Unicode char U+00EE (decimal 238)
   defining Unicode char U+00EF (decimal 239)
   defining Unicode char U+00F0 (decimal 240)
   defining Unicode char U+00F1 (decimal 241)
   defining Unicode char U+00F2 (decimal 242)
   defining Unicode char U+00F3 (decimal 243)
   defining Unicode char U+00F4 (decimal 244)
   defining Unicode char U+00F5 (decimal 245)
   defining Unicode char U+00F6 (decimal 246)
   defining Unicode char U+00F8 (decimal 248)
   defining Unicode char U+00F9 (decimal 249)
   defining Unicode char U+00FA (decimal 250)
   defining Unicode char U+00FB (decimal 251)
   defining Unicode char U+00FC (decimal 252)
   defining Unicode char U+00FD (decimal 253)
   defining Unicode char U+00FE (decimal 254)
   defining Unicode char U+00FF (decimal 255)
   defining Unicode char U+0102 (decimal 258)
   defining Unicode char U+0103 (decimal 259)
   defining Unicode char U+0104 (decimal 260)
   defining Unicode char U+0105 (decimal 261)
   defining Unicode char U+0106 (decimal 262)
   defining Unicode char U+0107 (decimal 263)
   defining Unicode char U+010C (decimal 268)
   defining Unicode char U+010D (decimal 269)
   defining Unicode char U+010E (decimal 270)
   defining Unicode char U+010F (decimal 271)
   defining Unicode char U+0110 (decimal 272)
   defining Unicode char U+0111 (decimal 273)
   defining Unicode char U+0118 (decimal 280)
   defining Unicode char U+0119 (decimal 281)
   defining Unicode char U+011A (decimal 282)
   defining Unicode char U+011B (decimal 283)
   defining Unicode char U+011E (decimal 286)
   defining Unicode char U+011F (decimal 287)
   defining Unicode char U+0130 (decimal 304)
   defining Unicode char U+0131 (decimal 305)
   defining Unicode char U+0132 (decimal 306)
   defining Unicode char U+0133 (decimal 307)
   defining Unicode char U+0139 (decimal 313)
   defining Unicode char U+013A (decimal 314)
   defining Unicode char U+013D (decimal 317)
   defining Unicode char U+013E (decimal 318)
   defining Unicode char U+0141 (decimal 321)
   defining Unicode char U+0142 (decimal 322)
   defining Unicode char U+0143 (decimal 323)
   defining Unicode char U+0144 (decimal 324)
   defining Unicode char U+0147 (decimal 327)
   defining Unicode char U+0148 (decimal 328)
   defining Unicode char U+014A (decimal 330)
   defining Unicode char U+014B (decimal 331)
   defining Unicode char U+0150 (decimal 336)
   defining Unicode char U+0151 (decimal 337)
   defining Unicode char U+0152 (decimal 338)
   defining Unicode char U+0153 (decimal 339)
   defining Unicode char U+0154 (decimal 340)
   defining Unicode char U+0155 (decimal 341)
   defining Unicode char U+0158 (decimal 344)
   defining Unicode char U+0159 (decimal 345)
   defining Unicode char U+015A (decimal 346)
   defining Unicode char U+015B (decimal 347)
   defining Unicode char U+015E (decimal 350)
   defining Unicode char U+015F (decimal 351)
   defining Unicode char U+0160 (decimal 352)
   defining Unicode char U+0161 (decimal 353)
   defining Unicode char U+0162 (decimal 354)
   defining Unicode char U+0163 (decimal 355)
   defining Unicode char U+0164 (decimal 356)
   defining Unicode char U+0165 (decimal 357)
   defining Unicode char U+016E (decimal 366)
   defining Unicode char U+016F (decimal 367)
   defining Unicode char U+0170 (decimal 368)
   defining Unicode char U+0171 (decimal 369)
   defining Unicode char U+0178 (decimal 376)
   defining Unicode char U+0179 (decimal 377)
   defining Unicode char U+017A (decimal 378)
   defining Unicode char U+017B (decimal 379)
   defining Unicode char U+017C (decimal 380)
   defining Unicode char U+017D (decimal 381)
   defining Unicode char U+017E (decimal 382)
   defining Unicode char U+200C (decimal 8204)
   defining Unicode char U+2013 (decimal 8211)
   defining Unicode char U+2014 (decimal 8212)
   defining Unicode char U+2018 (decimal 8216)
   defining Unicode char U+2019 (decimal 8217)
   defining Unicode char U+201A (decimal 8218)
   defining Unicode char U+201C (decimal 8220)
   defining Unicode char U+201D (decimal 8221)
   defining Unicode char U+201E (decimal 8222)
   defining Unicode char U+2030 (decimal 8240)
   defining Unicode char U+2031 (decimal 8241)
   defining Unicode char U+2039 (decimal 8249)
   defining Unicode char U+203A (decimal 8250)
   defining Unicode char U+2423 (decimal 9251)
)
Now handling font encoding OT1 ...
... processing UTF-8 mapping file for font encoding OT1

(/usr/local/texlive/2012/texmf-dist/tex/latex/base/ot1enc.dfu
File: ot1enc.dfu 2008/04/05 v1.1m UTF-8 support for inputenc
   defining Unicode char U+00A1 (decimal 161)
   defining Unicode char U+00A3 (decimal 163)
   defining Unicode char U+00B8 (decimal 184)
   defining Unicode char U+00BF (decimal 191)
   defining Unicode char U+00C5 (decimal 197)
   defining Unicode char U+00C6 (decimal 198)
   defining Unicode char U+00D8 (decimal 216)
   defining Unicode char U+00DF (decimal 223)
   defining Unicode char U+00E6 (decimal 230)
   defining Unicode char U+00EC (decimal 236)
   defining Unicode char U+00ED (decimal 237)
   defining Unicode char U+00EE (decimal 238)
   defining Unicode char U+00EF (decimal 239)
   defining Unicode char U+00F8 (decimal 248)
   defining Unicode char U+0131 (decimal 305)
   defining Unicode char U+0141 (decimal 321)
   defining Unicode char U+0142 (decimal 322)
   defining Unicode char U+0152 (decimal 338)
   defining Unicode char U+0153 (decimal 339)
   defining Unicode char U+2013 (decimal 8211)
   defining Unicode char U+2014 (decimal 8212)
   defining Unicode char U+2018 (decimal 8216)
   defining Unicode char U+2019 (decimal 8217)
   defining Unicode char U+201C (decimal 8220)
   defining Unicode char U+201D (decimal 8221)
)
Now handling font encoding OMS ...
... processing UTF-8 mapping file for font encoding OMS

(/usr/local/texlive/2012/texmf-dist/tex/latex/base/omsenc.dfu
File: omsenc.dfu 2008/04/05 v1.1m UTF-8 support for inputenc
   defining Unicode char U+00A7 (decimal 167)
   defining Unicode char U+00B6 (decimal 182)
   defining Unicode char U+00B7 (decimal 183)
   defining Unicode char U+2020 (decimal 8224)
   defining Unicode char U+2021 (decimal 8225)
   defining Unicode char U+2022 (decimal 8226)
)
Now handling font encoding OMX ...
... no UTF-8 mapping file for font encoding OMX
Now handling font encoding U ...
... no UTF-8 mapping file for font encoding U
   defining Unicode char U+00A9 (decimal 169)
   defining Unicode char U+00AA (decimal 170)
   defining Unicode char U+00AE (decimal 174)
   defining Unicode char U+00BA (decimal 186)
   defining Unicode char U+02C6 (decimal 710)
   defining Unicode char U+02DC (decimal 732)
   defining Unicode char U+200C (decimal 8204)
   defining Unicode char U+2026 (decimal 8230)
   defining Unicode char U+2122 (decimal 8482)
   defining Unicode char U+2423 (decimal 9251)
))
(/usr/local/texlive/2012/texmf-dist/tex/latex/base/fontenc.sty
Package: fontenc 2005/09/27 v1.99g Standard LaTeX package

(/usr/local/texlive/2012/texmf-dist/tex/latex/base/t1enc.def
File: t1enc.def 2005/09/27 v1.99g Standard LaTeX file
LaTeX Font Info:    Redeclaring font encoding T1 on input line 43.
))
(/usr/local/texlive/2012/texmf-dist/tex/latex/ae/ae.sty
Package: ae 2001/02/12 1.3 Almost European Computer Modern

(/usr/local/texlive/2012/texmf-dist/tex/latex/base/fontenc.sty
Package: fontenc 2005/09/27 v1.99g Standard LaTeX package

(/usr/local/texlive/2012/texmf-dist/tex/latex/base/t1enc.def
File: t1enc.def 2005/09/27 v1.99g Standard LaTeX file
LaTeX Font Info:    Redeclaring font encoding T1 on input line 43.
)
LaTeX Font Info:    Try loading font information for T1+aer on input line 100.

(/usr/local/texlive/2012/texmf-dist/tex/latex/ae/t1aer.fd
File: t1aer.fd 1997/11/16 Font definitions for T1/aer.
)))
(/usr/local/texlive/2012/texmf-dist/tex/latex/base/textcomp.sty
Package: textcomp 2005/09/27 v1.99g Standard LaTeX package
Package textcomp Info: Sub-encoding information:
(textcomp)               5 = only ISO-Adobe without \textcurrency
(textcomp)               4 = 5 + \texteuro
(textcomp)               3 = 4 + \textohm
(textcomp)               2 = 3 + \textestimated + \textcurrency
(textcomp)               1 = TS1 - \textcircled - \t
(textcomp)               0 = TS1 (full)
(textcomp)             Font families with sub-encoding setting implement
(textcomp)             only a restricted character set as indicated.
(textcomp)             Family '?' is the default used for unknown fonts.
(textcomp)             See the documentation for details.
Package textcomp Info: Setting ? sub-encoding to TS1/1 on input line 71.

(/usr/local/texlive/2012/texmf-dist/tex/latex/base/ts1enc.def
File: ts1enc.def 2001/06/05 v3.0e (jk/car/fm) Standard LaTeX file
Now handling font encoding TS1 ...
... processing UTF-8 mapping file for font encoding TS1

(/usr/local/texlive/2012/texmf-dist/tex/latex/base/ts1enc.dfu
File: ts1enc.dfu 2008/04/05 v1.1m UTF-8 support for inputenc
   defining Unicode char U+00A2 (decimal 162)
   defining Unicode char U+00A3 (decimal 163)
   defining Unicode char U+00A4 (decimal 164)
   defining Unicode char U+00A5 (decimal 165)
   defining Unicode char U+00A6 (decimal 166)
   defining Unicode char U+00A7 (decimal 167)
   defining Unicode char U+00A8 (decimal 168)
   defining Unicode char U+00A9 (decimal 169)
   defining Unicode char U+00AA (decimal 170)
   defining Unicode char U+00AC (decimal 172)
   defining Unicode char U+00AE (decimal 174)
   defining Unicode char U+00AF (decimal 175)
   defining Unicode char U+00B0 (decimal 176)
   defining Unicode char U+00B1 (decimal 177)
   defining Unicode char U+00B2 (decimal 178)
   defining Unicode char U+00B3 (decimal 179)
   defining Unicode char U+00B4 (decimal 180)
   defining Unicode char U+00B5 (decimal 181)
   defining Unicode char U+00B6 (decimal 182)
   defining Unicode char U+00B7 (decimal 183)
   defining Unicode char U+00B9 (decimal 185)
   defining Unicode char U+00BA (decimal 186)
   defining Unicode char U+00BC (decimal 188)
   defining Unicode char U+00BD (decimal 189)
   defining Unicode char U+00BE (decimal 190)
   defining Unicode char U+00D7 (decimal 215)
   defining Unicode char U+00F7 (decimal 247)
   defining Unicode char U+0192 (decimal 402)
   defining Unicode char U+02C7 (decimal 711)
   defining Unicode char U+02D8 (decimal 728)
   defining Unicode char U+02DD (decimal 733)
   defining Unicode char U+0E3F (decimal 3647)
   defining Unicode char U+2016 (decimal 8214)
   defining Unicode char U+2020 (decimal 8224)
   defining Unicode char U+2021 (decimal 8225)
   defining Unicode char U+2022 (decimal 8226)
   defining Unicode char U+2030 (decimal 8240)
   defining Unicode char U+2031 (decimal 8241)
   defining Unicode char U+203B (decimal 8251)
   defining Unicode char U+203D (decimal 8253)
   defining Unicode char U+2044 (decimal 8260)
   defining Unicode char U+204E (decimal 8270)
   defining Unicode char U+2052 (decimal 8274)
   defining Unicode char U+20A1 (decimal 8353)
   defining Unicode char U+20A4 (decimal 8356)
   defining Unicode char U+20A6 (decimal 8358)
   defining Unicode char U+20A9 (decimal 8361)
   defining Unicode char U+20AB (decimal 8363)
   defining Unicode char U+20AC (decimal 8364)
   defining Unicode char U+20B1 (decimal 8369)
   defining Unicode char U+2103 (decimal 8451)
   defining Unicode char U+2116 (decimal 8470)
   defining Unicode char U+2117 (decimal 8471)
   defining Unicode char U+211E (decimal 8478)
   defining Unicode char U+2120 (decimal 8480)
   defining Unicode char U+2122 (decimal 8482)
   defining Unicode char U+2126 (decimal 8486)
   defining Unicode char U+2127 (decimal 8487)
   defining Unicode char U+212E (decimal 8494)
   defining Unicode char U+2190 (decimal 8592)
   defining Unicode char U+2191 (decimal 8593)
   defining Unicode char U+2192 (decimal 8594)
   defining Unicode char U+2193 (decimal 8595)
   defining Unicode char U+2329 (decimal 9001)
   defining Unicode char U+232A (decimal 9002)
   defining Unicode char U+2422 (decimal 9250)
   defining Unicode char U+25E6 (decimal 9702)
   defining Unicode char U+25EF (decimal 9711)
   defining Unicode char U+266A (decimal 9834)
))
LaTeX Info: Redefining \oldstylenums on input line 266.
Package textcomp Info: Setting cmr sub-encoding to TS1/0 on input line 281.
Package textcomp Info: Setting cmss sub-encoding to TS1/0 on input line 282.
Package textcomp Info: Setting cmtt sub-encoding to TS1/0 on input line 283.
Package textcomp Info: Setting cmvtt sub-encoding to TS1/0 on input line 284.
Package textcomp Info: Setting cmbr sub-encoding to TS1/0 on input line 285.
Package textcomp Info: Setting cmtl sub-encoding to TS1/0 on input line 286.
Package textcomp Info: Setting ccr sub-encoding to TS1/0 on input line 287.
Package textcomp Info: Setting ptm sub-encoding to TS1/4 on input line 288.
Package textcomp Info: Setting pcr sub-encoding to TS1/4 on input line 289.
Package textcomp Info: Setting phv sub-encoding to TS1/4 on input line 290.
Package textcomp Info: Setting ppl sub-encoding to TS1/3 on input line 291.
Package textcomp Info: Setting pag sub-encoding to TS1/4 on input line 292.
Package textcomp Info: Setting pbk sub-encoding to TS1/4 on input line 293.
Package textcomp Info: Setting pnc sub-encoding to TS1/4 on input line 294.
Package textcomp Info: Setting pzc sub-encoding to TS1/4 on input line 295.
Package textcomp Info: Setting bch sub-encoding to TS1/4 on input line 296.
Package textcomp Info: Setting put sub-encoding to TS1/5 on input line 297.
Package textcomp Info: Setting uag sub-encoding to TS1/5 on input line 298.
Package textcomp Info: Setting ugq sub-encoding to TS1/5 on input line 299.
Package textcomp Info: Setting ul8 sub-encoding to TS1/4 on input line 300.
Package textcomp Info: Setting ul9 sub-encoding to TS1/4 on input line 301.
Package textcomp Info: Setting augie sub-encoding to TS1/5 on input line 302.
Package textcomp Info: Setting dayrom sub-encoding to TS1/3 on input line 303.
Package textcomp Info: Setting dayroms sub-encoding to TS1/3 on input line 304.

Package textcomp Info: Setting pxr sub-encoding to TS1/0 on input line 305.
Package textcomp Info: Setting pxss sub-encoding to TS1/0 on input line 306.
Package textcomp Info: Setting pxtt sub-encoding to TS1/0 on input line 307.
Package textcomp Info: Setting txr sub-encoding to TS1/0 on input line 308.
Package textcomp Info: Setting txss sub-encoding to TS1/0 on input line 309.
Package textcomp Info: Setting txtt sub-encoding to TS1/0 on input line 310.
Package textcomp Info: Setting lmr sub-encoding to TS1/0 on input line 311.
Package textcomp Info: Setting lmdh sub-encoding to TS1/0 on input line 312.
Package textcomp Info: Setting lmss sub-encoding to TS1/0 on input line 313.
Package textcomp Info: Setting lmssq sub-encoding to TS1/0 on input line 314.
Package textcomp Info: Setting lmvtt sub-encoding to TS1/0 on input line 315.
Package textcomp Info: Setting qhv sub-encoding to TS1/0 on input line 316.
Package textcomp Info: Setting qag sub-encoding to TS1/0 on input line 317.
Package textcomp Info: Setting qbk sub-encoding to TS1/0 on input line 318.
Package textcomp Info: Setting qcr sub-encoding to TS1/0 on input line 319.
Package textcomp Info: Setting qcs sub-encoding to TS1/0 on input line 320.
Package textcomp Info: Setting qpl sub-encoding to TS1/0 on input line 321.
Package textcomp Info: Setting qtm sub-encoding to TS1/0 on input line 322.
Package textcomp Info: Setting qzc sub-encoding to TS1/0 on input line 323.
Package textcomp Info: Setting qhvc sub-encoding to TS1/0 on input line 324.
Package textcomp Info: Setting futs sub-encoding to TS1/4 on input line 325.
Package textcomp Info: Setting futx sub-encoding to TS1/4 on input line 326.
Package textcomp Info: Setting futj sub-encoding to TS1/4 on input line 327.
Package textcomp Info: Setting hlh sub-encoding to TS1/3 on input line 328.
Package textcomp Info: Setting hls sub-encoding to TS1/3 on input line 329.
Package textcomp Info: Setting hlst sub-encoding to TS1/3 on input line 330.
Package textcomp Info: Setting hlct sub-encoding to TS1/5 on input line 331.
Package textcomp Info: Setting hlx sub-encoding to TS1/5 on input line 332.
Package textcomp Info: Setting hlce sub-encoding to TS1/5 on input line 333.
Package textcomp Info: Setting hlcn sub-encoding to TS1/5 on input line 334.
Package textcomp Info: Setting hlcw sub-encoding to TS1/5 on input line 335.
Package textcomp Info: Setting hlcf sub-encoding to TS1/5 on input line 336.
Package textcomp Info: Setting pplx sub-encoding to TS1/3 on input line 337.
Package textcomp Info: Setting pplj sub-encoding to TS1/3 on input line 338.
Package textcomp Info: Setting ptmx sub-encoding to TS1/4 on input line 339.
Package textcomp Info: Setting ptmj sub-encoding to TS1/4 on input line 340.
)
(/usr/local/texlive/2012/texmf-dist/tex/generic/babel/babel.sty
Package: babel 2008/07/08 v3.8m The Babel package

(/usr/local/texlive/2012/texmf-dist/tex/generic/babel/english.ldf
Language: english 2005/03/30 v3.3o English support from the babel system

(/usr/local/texlive/2012/texmf-dist/tex/generic/babel/babel.def
File: babel.def 2008/07/08 v3.8m Babel common definitions
\babel@savecnt=\count92
\U@D=\dimen115
)
\l@canadian = a dialect from \language\l@american 
\l@australian = a dialect from \language\l@british 
\l@newzealand = a dialect from \language\l@british 
))
(/usr/local/texlive/2012/texmf-dist/tex/latex/lm/lmodern.sty
Package: lmodern 2009/10/30 v1.6 Latin Modern Fonts
LaTeX Font Info:    Overwriting symbol font `operators' in version `normal'
(Font)                  OT1/cmr/m/n --> OT1/lmr/m/n on input line 22.
LaTeX Font Info:    Overwriting symbol font `letters' in version `normal'
(Font)                  OML/cmm/m/it --> OML/lmm/m/it on input line 23.
LaTeX Font Info:    Overwriting symbol font `symbols' in version `normal'
(Font)                  OMS/cmsy/m/n --> OMS/lmsy/m/n on input line 24.
LaTeX Font Info:    Overwriting symbol font `largesymbols' in version `normal'
(Font)                  OMX/cmex/m/n --> OMX/lmex/m/n on input line 25.
LaTeX Font Info:    Overwriting symbol font `operators' in version `bold'
(Font)                  OT1/cmr/bx/n --> OT1/lmr/bx/n on input line 26.
LaTeX Font Info:    Overwriting symbol font `letters' in version `bold'
(Font)                  OML/cmm/b/it --> OML/lmm/b/it on input line 27.
LaTeX Font Info:    Overwriting symbol font `symbols' in version `bold'
(Font)                  OMS/cmsy/b/n --> OMS/lmsy/b/n on input line 28.
LaTeX Font Info:    Overwriting symbol font `largesymbols' in version `bold'
(Font)                  OMX/cmex/m/n --> OMX/lmex/m/n on input line 29.
LaTeX Font Info:    Overwriting math alphabet `\mathbf' in version `normal'
(Font)                  OT1/cmr/bx/n --> OT1/lmr/bx/n on input line 31.
LaTeX Font Info:    Overwriting math alphabet `\mathsf' in version `normal'
(Font)                  OT1/cmss/m/n --> OT1/lmss/m/n on input line 32.
LaTeX Font Info:    Overwriting math alphabet `\mathit' in version `normal'
(Font)                  OT1/cmr/m/it --> OT1/lmr/m/it on input line 33.
LaTeX Font Info:    Overwriting math alphabet `\mathtt' in version `normal'
(Font)                  OT1/cmtt/m/n --> OT1/lmtt/m/n on input line 34.
LaTeX Font Info:    Overwriting math alphabet `\mathbf' in version `bold'
(Font)                  OT1/cmr/bx/n --> OT1/lmr/bx/n on input line 35.
LaTeX Font Info:    Overwriting math alphabet `\mathsf' in version `bold'
(Font)                  OT1/cmss/bx/n --> OT1/lmss/bx/n on input line 36.
LaTeX Font Info:    Overwriting math alphabet `\mathit' in version `bold'
(Font)                  OT1/cmr/bx/it --> OT1/lmr/bx/it on input line 37.
LaTeX Font Info:    Overwriting math alphabet `\mathtt' in version `bold'
(Font)                  OT1/cmtt/m/n --> OT1/lmtt/m/n on input line 38.
)
(/usr/local/texlive/2012/texmf-dist/tex/latex/pdfpages/pdfpages.sty
Package: pdfpages 2012/04/03 v0.4s Insert pages of external PDF documents (AM)

(/usr/local/texlive/2012/texmf-dist/tex/latex/base/ifthen.sty
Package: ifthen 2001/05/26 v1.1c Standard LaTeX ifthen package (DPC)
)
(/usr/local/texlive/2012/texmf-dist/tex/latex/tools/calc.sty
Package: calc 2007/08/22 v4.3 Infix arithmetic (KKT,FJ)
\calc@Acount=\count93
\calc@Bcount=\count94
\calc@Adimen=\dimen116
\calc@Bdimen=\dimen117
\calc@Askip=\skip43
\calc@Bskip=\skip44
LaTeX Info: Redefining \setlength on input line 76.
LaTeX Info: Redefining \addtolength on input line 77.
\calc@Ccount=\count95
\calc@Cskip=\skip45
)
(/usr/local/texlive/2012/texmf-dist/tex/latex/eso-pic/eso-pic.sty
Package: eso-pic 2010/10/06 v2.0c eso-pic (RN)

(/usr/local/texlive/2012/texmf-dist/tex/generic/oberdiek/atbegshi.sty
Package: atbegshi 2011/10/05 v1.16 At begin shipout hook (HO)

(/usr/local/texlive/2012/texmf-dist/tex/generic/oberdiek/ifpdf.sty
Package: ifpdf 2011/01/30 v2.3 Provides the ifpdf switch (HO)
Package ifpdf Info: pdfTeX in PDF mode is detected.
))
(/usr/local/texlive/2012/texmf-dist/tex/latex/xcolor/xcolor.sty
Package: xcolor 2007/01/21 v2.11 LaTeX color extensions (UK)

(/usr/local/texlive/2012/texmf-dist/tex/latex/latexconfig/color.cfg
File: color.cfg 2007/01/18 v1.5 color configuration of teTeX/TeXLive
)
Package xcolor Info: Driver file: pdftex.def on input line 225.
Package xcolor Info: Model `cmy' substituted by `cmy0' on input line 1337.
Package xcolor Info: Model `hsb' substituted by `rgb' on input line 1341.
Package xcolor Info: Model `RGB' extended on input line 1353.
Package xcolor Info: Model `HTML' substituted by `rgb' on input line 1355.
Package xcolor Info: Model `Hsb' substituted by `hsb' on input line 1356.
Package xcolor Info: Model `tHsb' substituted by `hsb' on input line 1357.
Package xcolor Info: Model `HSB' substituted by `hsb' on input line 1358.
Package xcolor Info: Model `Gray' substituted by `gray' on input line 1359.
Package xcolor Info: Model `wave' substituted by `hsb' on input line 1360.
))
(/usr/local/texlive/2012/texmf-dist/tex/latex/pdfpages/pppdftex.def
File: pppdftex.def 2012/04/03 v0.4s Pdfpages driver for pdfTeX (AM)
)
\AM@pagebox=\box28
\AM@toc@title=\toks18
\c@AM@survey=\count96
\AM@templatesizebox=\box29
)
(/usr/local/texlive/2012/texmf-dist/tex/latex/amsmath/amsmath.sty
Package: amsmath 2000/07/18 v2.13 AMS math features
\@mathmargin=\skip46

For additional information on amsmath, use the `?' option.
(/usr/local/texlive/2012/texmf-dist/tex/latex/amsmath/amstext.sty
Package: amstext 2000/06/29 v2.01

(/usr/local/texlive/2012/texmf-dist/tex/latex/amsmath/amsgen.sty
File: amsgen.sty 1999/11/30 v2.0
\@emptytoks=\toks19
\ex@=\dimen118
))
(/usr/local/texlive/2012/texmf-dist/tex/latex/amsmath/amsbsy.sty
Package: amsbsy 1999/11/29 v1.2d
\pmbraise@=\dimen119
)
(/usr/local/texlive/2012/texmf-dist/tex/latex/amsmath/amsopn.sty
Package: amsopn 1999/12/14 v2.01 operator names
)
\inf@bad=\count97
LaTeX Info: Redefining \frac on input line 211.
\uproot@=\count98
\leftroot@=\count99
LaTeX Info: Redefining \overline on input line 307.
\classnum@=\count100
\DOTSCASE@=\count101
LaTeX Info: Redefining \ldots on input line 379.
LaTeX Info: Redefining \dots on input line 382.
LaTeX Info: Redefining \cdots on input line 467.
\Mathstrutbox@=\box30
\strutbox@=\box31
\big@size=\dimen120
LaTeX Font Info:    Redeclaring font encoding OML on input line 567.
LaTeX Font Info:    Redeclaring font encoding OMS on input line 568.
\macc@depth=\count102
\c@MaxMatrixCols=\count103
\dotsspace@=\muskip10
\c@parentequation=\count104
\dspbrk@lvl=\count105
\tag@help=\toks20
\row@=\count106
\column@=\count107
\maxfields@=\count108
\andhelp@=\toks21
\eqnshift@=\dimen121
\alignsep@=\dimen122
\tagshift@=\dimen123
\tagwidth@=\dimen124
\totwidth@=\dimen125
\lineht@=\dimen126
\@envbody=\toks22
\multlinegap=\skip47
\multlinetaggap=\skip48
\mathdisplay@stack=\toks23
LaTeX Info: Redefining \[ on input line 2666.
LaTeX Info: Redefining \] on input line 2667.
)
(/usr/local/texlive/2012/texmf-dist/tex/latex/algorithm2e/algorithm2e.sty
Package: algorithm2e 2008/00/00 v3.10 algorithms environments
\c@AlgoLine=\count109

(/usr/local/texlive/2012/texmf-dist/tex/latex/tools/xspace.sty
Package: xspace 2009/10/20 v1.13 Space after command names (DPC,MH)
)
(/usr/local/texlive/2012/texmf-dist/tex/latex/relsize/relsize.sty
Package: relsize 2011/09/21 ver 4.0

Examine \normalsize starts \@setfontsize size may be \@xiipt. 
Examine \small starts \@setfontsize size may be \@xipt. 
Examine \footnotesize starts \@setfontsize size may be \@xpt. 
Examine \large starts \@setfontsize size may be \@xivpt. 
Examine \Large starts \@setfontsize size may be \@xviipt. 
Examine \LARGE starts \@setfontsize size may be \@xxpt. 
Examine \scriptsize starts \@setfontsize size may be \@viiipt. 
Examine \tiny starts \@setfontsize size may be \@vipt. 
Examine \huge starts \@setfontsize size may be \@xxvpt. 
Examine \Huge starts \@setfontsize size may be \@xxvpt. )
********************************************************
Package `algorithm2e' Release 4.01 -- december 14 2009 --
- algorithm2e-announce@lirmm.fr mailing list for announcement about releases
- algorithm2e-discussion@lirmm.fr mailing list for discussion about package
subscribe by emailing sympa@lirmm.fr with 'subscribe <list> <firstname name>'
- Author: Christophe Fiorio (fiorio@lirmm.fr)
********************************************************
\skiptotal=\skip49
\skiplinenumber=\skip50
\skiprule=\skip51
\skiphlne=\skip52
\skiptext=\skip53
\skiplength=\skip54
\algomargin=\skip55
\skipalgocfslide=\skip56
\algowidth=\dimen127
\inoutsize=\dimen128
\inoutline=\dimen129
\interspacetitleruled=\dimen130
\interspacealgoruled=\dimen131
\interspacetitleboxruled=\dimen132
\algocf@inoutbox=\box32
\algocf@inputbox=\box33
\AlCapSkip=\skip57
\AlCapHSkip=\skip58
\algocf@nlbox=\box34
\algocf@hangingbox=\box35
\algocf@capbox=\box36
\algoheightruledefault=\skip59
\algoheightrule=\skip60
\algotitleheightruledefault=\skip61
\algotitleheightrule=\skip62
\c@algocfline=\count110
\c@algocfproc=\count111
\c@algocf=\count112
\algocf@algoframe=\box37
\algocf@algobox=\box38
) (/usr/local/texlive/2012/texmf-dist/tex/latex/amsfonts/amsfonts.sty
Package: amsfonts 2009/06/22 v3.00 Basic AMSFonts support
\symAMSa=\mathgroup4
\symAMSb=\mathgroup5
LaTeX Font Info:    Overwriting math alphabet `\mathfrak' in version `bold'
(Font)                  U/euf/m/n --> U/euf/b/n on input line 96.
)
(/usr/local/texlive/2012/texmf-dist/tex/latex/amsfonts/amssymb.sty
Package: amssymb 2009/06/22 v3.00
)
(/usr/local/texlive/2012/texmf-dist/tex/latex/natbib/natbib.sty
Package: natbib 2010/09/13 8.31b (PWD, AO)
\bibhang=\skip63
\bibsep=\skip64
LaTeX Info: Redefining \cite on input line 694.
\c@NAT@ctr=\count113
)
(/usr/local/texlive/2012/texmf-dist/tex/latex/listings/listings.sty
\lst@mode=\count114
\lst@gtempboxa=\box39
\lst@token=\toks24
\lst@length=\count115
\lst@currlwidth=\dimen133
\lst@column=\count116
\lst@pos=\count117
\lst@lostspace=\dimen134
\lst@width=\dimen135
\lst@newlines=\count118
\lst@lineno=\count119
\lst@maxwidth=\dimen136

(/usr/local/texlive/2012/texmf-dist/tex/latex/listings/lstmisc.sty
File: lstmisc.sty 2007/02/22 1.4 (Carsten Heinz)
\c@lstnumber=\count120
\lst@skipnumbers=\count121
\lst@framebox=\box40
)
(/usr/local/texlive/2012/texmf-dist/tex/latex/listings/listings.cfg
File: listings.cfg 2007/02/22 1.4 listings configuration
))
Package: listings 2007/02/22 1.4 (Carsten Heinz)

(/usr/local/texlive/2012/texmf-dist/tex/latex/multirow/multirow.sty
\bigstrutjot=\dimen137
)
(/usr/local/texlive/2012/texmf-dist/tex/latex/listings/lstlang1.sty
File: lstlang1.sty 2004/09/05 1.3 listings language file
)
(/usr/local/texlive/2012/texmf-dist/tex/latex/beamer/translator/translator.sty
Package: translator 2010/06/12 ver 1.10

(/usr/local/texlive/2012/texmf-dist/tex/latex/beamer/translator/translator-lang
uage-mappings.tex))
(/usr/local/texlive/2012/texmf-dist/tex/latex/glossaries/base/glossaries.sty
Package: glossaries 2012/05/21 v3.02 (NLCT)

(/usr/local/texlive/2012/texmf-dist/tex/latex/glossaries/base/mfirstuc.sty
Package: mfirstuc 2012/05/21 v1.06 (NLCT)

(/usr/local/texlive/2012/texmf-dist/tex/latex/etoolbox/etoolbox.sty
Package: etoolbox 2011/01/03 v2.1 e-TeX tools for LaTeX

(/usr/local/texlive/2012/texmf-dist/tex/latex/etex-pkg/etex.sty
Package: etex 1998/03/26 v2.0 eTeX basic definition package (PEB)
\et@xins=\count122
)
\etb@tempcnta=\count123
)
\@glsmfirst=\toks25
\@glsmrest=\toks26
)
(/usr/local/texlive/2012/texmf-dist/tex/latex/xfor/xfor.sty
Package: xfor 2009/02/05 v1.05 (NLCT)
)
\gls@level=\count124
\@gls@tmpb=\toks27
\gls@tmplen=\skip65
\glswrite=\write3
\glskeylisttok=\toks28
\glslabeltok=\toks29
\glsshorttok=\toks30
\glslongtok=\toks31

(/usr/local/texlive/2012/texmf-dist/tex/latex/glossaries/styles/glossary-hypern
av.sty
Package: glossary-hypernav 2007/07/04 v1.01 (NLCT)
)
(/usr/local/texlive/2012/texmf-dist/tex/latex/glossaries/styles/glossary-list.s
ty
Package: glossary-list 2011/03/28 v3.0 (NLCT)
\glslistdottedwidth=\skip66
)
(/usr/local/texlive/2012/texmf-dist/tex/latex/glossaries/styles/glossary-long.s
ty
Package: glossary-long 2011/03/28 v3.0 (NLCT)
 (/usr/local/texlive/2012/texmf-dist/tex/latex/tools/longtable.sty
Package: longtable 2004/02/01 v4.11 Multi-page Table package (DPC)
\LTleft=\skip67
\LTright=\skip68
\LTpre=\skip69
\LTpost=\skip70
\LTchunksize=\count125
\LTcapwidth=\dimen138
\LT@head=\box41
\LT@firsthead=\box42
\LT@foot=\box43
\LT@lastfoot=\box44
\LT@cols=\count126
\LT@rows=\count127
\c@LT@tables=\count128
\c@LT@chunks=\count129
\LT@p@ftn=\toks32
)
\glsdescwidth=\skip71
\glspagelistwidth=\skip72
)
(/usr/local/texlive/2012/texmf-dist/tex/latex/glossaries/styles/glossary-super.
sty
Package: glossary-super 2011/03/28 v3.0 (NLCT)
 (/usr/local/texlive/2012/texmf-dist/tex/latex/supertabular/supertabular.sty
Package: supertabular 2004/02/20 v4.1e the supertabular environment
\c@tracingst=\count130
\ST@wd=\dimen139
\ST@rightskip=\skip73
\ST@leftskip=\skip74
\ST@parfillskip=\skip75
\ST@pageleft=\dimen140
\ST@headht=\dimen141
\ST@tailht=\dimen142
\ST@pagesofar=\dimen143
\ST@pboxht=\dimen144
\ST@lineht=\dimen145
\ST@stretchht=\dimen146
\ST@prevht=\dimen147
\ST@toadd=\dimen148
\ST@dimen=\dimen149
\ST@pbox=\box45
))
(/usr/local/texlive/2012/texmf-dist/tex/latex/glossaries/styles/glossary-tree.s
ty
Package: glossary-tree 2011/03/28 v3.0 (NLCT)
\glstreeindent=\skip76
)) (/usr/local/texlive/2012/texmf-dist/tex/latex/hyperref/hyperref.sty
Package: hyperref 2012/05/13 v6.82q Hypertext links for LaTeX

(/usr/local/texlive/2012/texmf-dist/tex/generic/oberdiek/hobsub-hyperref.sty
Package: hobsub-hyperref 2012/05/28 v1.13 Bundle oberdiek, subset hyperref (HO)


(/usr/local/texlive/2012/texmf-dist/tex/generic/oberdiek/hobsub-generic.sty
Package: hobsub-generic 2012/05/28 v1.13 Bundle oberdiek, subset generic (HO)
Package: hobsub 2012/05/28 v1.13 Construct package bundles (HO)
Package hobsub Info: Skipping package `infwarerr' (already loaded).
Package hobsub Info: Skipping package `ltxcmds' (already loaded).
Package: ifluatex 2010/03/01 v1.3 Provides the ifluatex switch (HO)
Package ifluatex Info: LuaTeX not detected.
Package: ifvtex 2010/03/01 v1.5 Detect VTeX and its facilities (HO)
Package ifvtex Info: VTeX not detected.
Package: intcalc 2007/09/27 v1.1 Expandable calculations with integers (HO)
Package hobsub Info: Skipping package `ifpdf' (already loaded).
Package: etexcmds 2011/02/16 v1.5 Avoid name clashes with e-TeX commands (HO)
Package etexcmds Info: Could not find \expanded.
(etexcmds)             That can mean that you are not using pdfTeX 1.50 or
(etexcmds)             that some package has redefined \expanded.
(etexcmds)             In the latter case, load this package earlier.
Package: kvsetkeys 2012/04/25 v1.16 Key value parser (HO)
Package: kvdefinekeys 2011/04/07 v1.3 Define keys (HO)
Package: pdftexcmds 2011/11/29 v0.20 Utility functions of pdfTeX for LuaTeX (HO
)
Package pdftexcmds Info: LuaTeX not detected.
Package pdftexcmds Info: \pdf@primitive is available.
Package pdftexcmds Info: \pdf@ifprimitive is available.
Package pdftexcmds Info: \pdfdraftmode found.
Package: pdfescape 2011/11/25 v1.13 Implements pdfTeX's escape features (HO)
Package: bigintcalc 2012/04/08 v1.3 Expandable calculations on big integers (HO
)
Package: bitset 2011/01/30 v1.1 Handle bit-vector datatype (HO)
Package: uniquecounter 2011/01/30 v1.2 Provide unlimited unique counter (HO)
)
Package hobsub Info: Skipping package `hobsub' (already loaded).
Package: letltxmacro 2010/09/02 v1.4 Let assignment for LaTeX macros (HO)
Package: hopatch 2012/05/28 v1.2 Wrapper for package hooks (HO)
Package: xcolor-patch 2011/01/30 xcolor patch
Package: atveryend 2011/06/30 v1.8 Hooks at the very end of document (HO)
Package hobsub Info: Skipping package `atbegshi' (already loaded).
Package: refcount 2011/10/16 v3.4 Data extraction from label references (HO)
Package: hycolor 2011/01/30 v1.7 Color options for hyperref/bookmark (HO)
)
(/usr/local/texlive/2012/texmf-dist/tex/generic/ifxetex/ifxetex.sty
Package: ifxetex 2010/09/12 v0.6 Provides ifxetex conditional
)
(/usr/local/texlive/2012/texmf-dist/tex/latex/oberdiek/kvoptions.sty
Package: kvoptions 2011/06/30 v3.11 Key value format for package options (HO)
)
\@linkdim=\dimen150
\Hy@linkcounter=\count131
\Hy@pagecounter=\count132

(/usr/local/texlive/2012/texmf-dist/tex/latex/hyperref/pd1enc.def
File: pd1enc.def 2012/05/13 v6.82q Hyperref: PDFDocEncoding definition (HO)
Now handling font encoding PD1 ...
... no UTF-8 mapping file for font encoding PD1
)
\Hy@SavedSpaceFactor=\count133

(/usr/local/texlive/2012/texmf-dist/tex/latex/latexconfig/hyperref.cfg
File: hyperref.cfg 2002/06/06 v1.2 hyperref configuration of TeXLive
)
Package hyperref Info: Option `final' set `true' on input line 3941.
Package hyperref Info: Hyper figures OFF on input line 4062.
Package hyperref Info: Link nesting OFF on input line 4067.
Package hyperref Info: Hyper index ON on input line 4070.
Package hyperref Info: Plain pages OFF on input line 4077.
Package hyperref Info: Backreferencing OFF on input line 4082.
Package hyperref Info: Implicit mode ON; LaTeX internals redefined.
Package hyperref Info: Bookmarks ON on input line 4300.
\c@Hy@tempcnt=\count134

(/usr/local/texlive/2012/texmf-dist/tex/latex/url/url.sty
\Urlmuskip=\muskip11
Package: url 2006/04/12  ver 3.3  Verb mode for urls, etc.
)
LaTeX Info: Redefining \url on input line 4653.
\Fld@menulength=\count135
\Field@Width=\dimen151
\Fld@charsize=\dimen152
Package hyperref Info: Hyper figures OFF on input line 5773.
Package hyperref Info: Link nesting OFF on input line 5778.
Package hyperref Info: Hyper index ON on input line 5781.
Package hyperref Info: backreferencing OFF on input line 5788.
Package hyperref Info: Link coloring OFF on input line 5793.
Package hyperref Info: Link coloring with OCG OFF on input line 5798.
Package hyperref Info: PDF/A mode OFF on input line 5803.
LaTeX Info: Redefining \ref on input line 5843.
LaTeX Info: Redefining \pageref on input line 5847.
\Hy@abspage=\count136
\c@Item=\count137
\c@Hfootnote=\count138
)

Package hyperref Message: Driver (autodetected): hpdftex.

(/usr/local/texlive/2012/texmf-dist/tex/latex/hyperref/hpdftex.def
File: hpdftex.def 2012/05/13 v6.82q Hyperref driver for pdfTeX
\Fld@listcount=\count139
\c@bookmark@seq@number=\count140

(/usr/local/texlive/2012/texmf-dist/tex/latex/oberdiek/rerunfilecheck.sty
Package: rerunfilecheck 2011/04/15 v1.7 Rerun checks for auxiliary files (HO)
Package uniquecounter Info: New unique counter `rerunfilecheck' on input line 2
82.
)
\Hy@SectionHShift=\skip77
)
(/usr/local/texlive/2012/texmf-dist/tex/latex/tools/tabularx.sty
Package: tabularx 1999/01/07 v2.07 `tabularx' package (DPC)

(/usr/local/texlive/2012/texmf-dist/tex/latex/tools/array.sty
Package: array 2008/09/09 v2.4c Tabular extension package (FMi)
\col@sep=\dimen153
\extrarowheight=\dimen154
\NC@list=\toks33
\extratabsurround=\skip78
\backup@length=\skip79
)
\TX@col@width=\dimen155
\TX@old@table=\dimen156
\TX@old@col=\dimen157
\TX@target=\dimen158
\TX@delta=\dimen159
\TX@cols=\count141
\TX@ftn=\toks34
)
(/usr/local/texlive/2012/texmf-dist/tex/latex/geometry/geometry.sty
Package: geometry 2010/09/12 v5.6 Page Geometry
\Gm@cnth=\count142
\Gm@cntv=\count143
\c@Gm@tempcnt=\count144
\Gm@bindingoffset=\dimen160
\Gm@wd@mp=\dimen161
\Gm@odd@mp=\dimen162
\Gm@even@mp=\dimen163
\Gm@layoutwidth=\dimen164
\Gm@layoutheight=\dimen165
\Gm@layouthoffset=\dimen166
\Gm@layoutvoffset=\dimen167
\Gm@dimlist=\toks35
)
\glo@main@file=\write4
\openout4 = `EAI-Book.glo'.

Package glossaries Info: Writing glossary file EAI-Book.glo on input line 115.
\glo@acronym@file=\write5
\openout5 = `EAI-Book.acn'.

Package glossaries Info: Writing glossary file EAI-Book.acn on input line 115.
\glo@symbolslist@file=\write6
\openout6 = `EAI-Book.syg'.

Package glossaries Info: Writing glossary file EAI-Book.syg on input line 115.
\@indexfile=\write7
\openout7 = `EAI-Book.idx'.


Writing index file EAI-Book.idx
(./EAI-Book.aux)
\openout1 = `EAI-Book.aux'.

LaTeX Font Info:    Checking defaults for OML/cmm/m/it on input line 317.
LaTeX Font Info:    ... okay on input line 317.
LaTeX Font Info:    Checking defaults for T1/cmr/m/n on input line 317.
LaTeX Font Info:    ... okay on input line 317.
LaTeX Font Info:    Checking defaults for OT1/cmr/m/n on input line 317.
LaTeX Font Info:    ... okay on input line 317.
LaTeX Font Info:    Checking defaults for OMS/cmsy/m/n on input line 317.
LaTeX Font Info:    ... okay on input line 317.
LaTeX Font Info:    Checking defaults for OMX/cmex/m/n on input line 317.
LaTeX Font Info:    ... okay on input line 317.
LaTeX Font Info:    Checking defaults for U/cmr/m/n on input line 317.
LaTeX Font Info:    ... okay on input line 317.
LaTeX Font Info:    Checking defaults for TS1/cmr/m/n on input line 317.
LaTeX Font Info:    Try loading font information for TS1+cmr on input line 317.

 (/usr/local/texlive/2012/texmf-dist/tex/latex/base/ts1cmr.fd
File: ts1cmr.fd 1999/05/25 v2.5h Standard LaTeX font definitions
)
LaTeX Font Info:    ... okay on input line 317.
LaTeX Font Info:    Checking defaults for PD1/pdf/m/n on input line 317.
LaTeX Font Info:    ... okay on input line 317.
LaTeX Font Info:    Try loading font information for T1+lmr on input line 317.

(/usr/local/texlive/2012/texmf-dist/tex/latex/lm/t1lmr.fd
File: t1lmr.fd 2009/10/30 v1.6 Font defs for Latin Modern
)
(/usr/local/texlive/2012/texmf-dist/tex/context/base/supp-pdf.mkii
[Loading MPS to PDF converter (version 2006.09.02).]
\scratchcounter=\count145
\scratchdimen=\dimen168
\scratchbox=\box46
\nofMPsegments=\count146
\nofMParguments=\count147
\everyMPshowfont=\toks36
\MPscratchCnt=\count148
\MPscratchDim=\dimen169
\MPnumerator=\count149
\makeMPintoPDFobject=\count150
\everyMPtoPDFconversion=\toks37
) (/usr/local/texlive/2012/texmf-dist/tex/latex/oberdiek/epstopdf-base.sty
Package: epstopdf-base 2010/02/09 v2.5 Base part for package epstopdf

(/usr/local/texlive/2012/texmf-dist/tex/latex/oberdiek/grfext.sty
Package: grfext 2010/08/19 v1.1 Manage graphics extensions (HO)
)
Package grfext Info: Graphics extension search list:
(grfext)             [.png,.pdf,.jpg,.mps,.jpeg,.jbig2,.jb2,.PNG,.PDF,.JPG,.JPE
G,.JBIG2,.JB2,.eps]
(grfext)             \AppendGraphicsExtensions on input line 452.

(/usr/local/texlive/2012/texmf-dist/tex/latex/latexconfig/epstopdf-sys.cfg
File: epstopdf-sys.cfg 2010/07/13 v1.3 Configuration of (r)epstopdf for TeX Liv
e
))
\AtBeginShipoutBox=\box47
\c@lstlisting=\count151

(/usr/local/texlive/2012/texmf-dist/tex/latex/glossaries/dict/glossaries-dictio
nary-English.dict
Dictionary: glossaries-dictionary, Language: English 
)
Package hyperref Info: Link coloring OFF on input line 317.

(/usr/local/texlive/2012/texmf-dist/tex/latex/hyperref/nameref.sty
Package: nameref 2010/04/30 v2.40 Cross-referencing by name of section

(/usr/local/texlive/2012/texmf-dist/tex/generic/oberdiek/gettitlestring.sty
Package: gettitlestring 2010/12/03 v1.4 Cleanup title references (HO)
)
\c@section@level=\count152
)
LaTeX Info: Redefining \ref on input line 317.
LaTeX Info: Redefining \pageref on input line 317.
LaTeX Info: Redefining \nameref on input line 317.

(./EAI-Book.out) (./EAI-Book.out)
\@outlinefile=\write8
\openout8 = `EAI-Book.out'.


*geometry* driver: auto-detecting
*geometry* detected driver: pdftex
*geometry* verbose mode - [ preamble ] result:
* driver: pdftex
* paper: a4paper
* layout: <same size as paper>
* layoutoffset:(h,v)=(0.0pt,0.0pt)
* modes: twoside 
* h-part:(L,W,R)=(85.35826pt, 426.79135pt, 85.35826pt)
* v-part:(T,H,B)=(85.35826pt, 674.33032pt, 85.35826pt)
* \paperwidth=597.50787pt
* \paperheight=845.04684pt
* \textwidth=426.79135pt
* \textheight=674.33032pt
* \oddsidemargin=13.08827pt
* \evensidemargin=13.08827pt
* \topmargin=-18.78552pt
* \headheight=12.0pt
* \headsep=19.8738pt
* \topskip=12.0pt
* \footskip=30.0pt
* \marginparwidth=88.0pt
* \marginparsep=7.0pt
* \columnsep=10.0pt
* \skip\footins=10.8pt plus 4.0pt minus 2.0pt
* \hoffset=0.0pt
* \voffset=0.0pt
* \mag=1000
* \@twocolumnfalse
* \@twosidetrue
* \@mparswitchtrue
* \@reversemarginfalse
* (1in=72.27pt=25.4mm, 1cm=28.453pt)

[1

\openout3 = `EAI-Book.ist'.


{/usr/local/texlive/2012/texmf-var/fonts/map/pdftex/updmap/pdftex.map}]
[2

] [3] [4

] [5

] [6

] (./EAI-Book.lof
LaTeX Font Info:    Try loading font information for OT1+lmr on input line 5.

(/usr/local/texlive/2012/texmf-dist/tex/latex/lm/ot1lmr.fd
File: ot1lmr.fd 2009/10/30 v1.6 Font defs for Latin Modern
)
LaTeX Font Info:    Try loading font information for OML+lmm on input line 5.

(/usr/local/texlive/2012/texmf-dist/tex/latex/lm/omllmm.fd
File: omllmm.fd 2009/10/30 v1.6 Font defs for Latin Modern
)
LaTeX Font Info:    Try loading font information for OMS+lmsy on input line 5.

(/usr/local/texlive/2012/texmf-dist/tex/latex/lm/omslmsy.fd
File: omslmsy.fd 2009/10/30 v1.6 Font defs for Latin Modern
)
LaTeX Font Info:    Try loading font information for OMX+lmex on input line 5.

(/usr/local/texlive/2012/texmf-dist/tex/latex/lm/omxlmex.fd
File: omxlmex.fd 2009/10/30 v1.6 Font defs for Latin Modern
)
LaTeX Font Info:    External font `lmex10' loaded for size
(Font)              <12> on input line 5.
LaTeX Font Info:    External font `lmex10' loaded for size
(Font)              <8> on input line 5.
LaTeX Font Info:    External font `lmex10' loaded for size
(Font)              <6> on input line 5.
LaTeX Font Info:    Try loading font information for U+msa on input line 5.

(/usr/local/texlive/2012/texmf-dist/tex/latex/amsfonts/umsa.fd
File: umsa.fd 2009/06/22 v3.00 AMS symbols A
)
LaTeX Font Info:    Try loading font information for U+msb on input line 5.

(/usr/local/texlive/2012/texmf-dist/tex/latex/amsfonts/umsb.fd
File: umsb.fd 2009/06/22 v3.00 AMS symbols B
) [7

] [8]
Overfull \hbox (7.46094pt too wide) in paragraph at lines 125--125
 [][] [][]\T1/lmr/m/n/12 Hosts' Ac-tions upon []Mo-bile News Agent Sys-tem (MNA
S) Move method 
 []

[9])
\tf@lof=\write9
\openout9 = `EAI-Book.lof'.

 [10] (./EAI-Book.lot)
\tf@lot=\write10
\openout10 = `EAI-Book.lot'.

 [11

] [12

] (./EAI-Book.toc [13] [14] [15] [16]
[17] [18])
\tf@toc=\write11
\openout11 = `EAI-Book.toc'.

 [19] [20

] [21]
Underfull \vbox (badness 1478) has occurred while \output is active []

 [22]
Underfull \vbox (badness 10000) has occurred while \output is active []

 [23]
[24]
Chapter 1.
LaTeX Font Info:    Try loading font information for TS1+lmr on input line 414.

(/usr/local/texlive/2012/texmf-dist/tex/latex/lm/ts1lmr.fd
File: ts1lmr.fd 2009/10/30 v1.6 Font defs for Latin Modern
) [1


] [2] [3]
[4] [5] [6] [7]
LaTeX Font Info:    External font `lmex10' loaded for size
(Font)              <10> on input line 511.
LaTeX Font Info:    External font `lmex10' loaded for size
(Font)              <7> on input line 511.
LaTeX Font Info:    External font `lmex10' loaded for size
(Font)              <5> on input line 511.
 [8] <ES1.png, id=1945, 2007.5pt x 1125.20375pt>
File: ES1.png Graphic file (type png)
 <use ES1.png>
Package pdftex.def Info: ES1.png used on input line 537.
(pdftex.def)             Requested size: 602.25465pt x 337.56374pt.

[9] [10 <./ES1.png>] [11] [12] [13] [14]
<SOA1-1.png, id=2017, 573.342pt x 461.725pt>
File: SOA1-1.png Graphic file (type png)
 <use SOA1-1.png>
Package pdftex.def Info: SOA1-1.png used on input line 623.
(pdftex.def)             Requested size: 286.67029pt x 230.86194pt.

<SOA1-2.png, id=2020, 1443.794pt x 542.025pt>
File: SOA1-2.png Graphic file (type png)
 <use SOA1-2.png>
Package pdftex.def Info: SOA1-2.png used on input line 631.
(pdftex.def)             Requested size: 433.14154pt x 162.60875pt.
 [15 <./SOA1-1.png>] [16 <./SOA1-2.png>] [17]
<InfraSOA.png, id=2037, 488.82625pt x 384.43625pt>
File: InfraSOA.png Graphic file (type png)
 <use InfraSOA.png>
Package pdftex.def Info: InfraSOA.png used on input line 662.
(pdftex.def)             Requested size: 391.06152pt x 307.54941pt.
 [18]
[19 <./InfraSOA.png>] [20] [21] [22

]
Chapter 2.
<M1.png, id=2074, 438.438pt x 257.763pt>
File: M1.png Graphic file (type png)
 <use M1.png>
Package pdftex.def Info: M1.png used on input line 716.
(pdftex.def)             Requested size: 350.75087pt x 206.21068pt.
 [23] [24 <./M1.png>]
<M2.png, id=2103, 433.62pt x 255.8358pt>
File: M2.png Graphic file (type png)
 <use M2.png>
Package pdftex.def Info: M2.png used on input line 734.
(pdftex.def)             Requested size: 303.53192pt x 179.08383pt.

<M3.png, id=2107, 989.6975pt x 292.09125pt>
File: M3.png Graphic file (type png)
 <use M3.png>
Package pdftex.def Info: M3.png used on input line 748.
(pdftex.def)             Requested size: 395.87198pt x 116.83441pt.
 [25 <./M2.png>]
<M4.png, id=2120, 277.035pt x 277.9986pt>
File: M4.png Graphic file (type png)
 <use M4.png>
Package pdftex.def Info: M4.png used on input line 766.
(pdftex.def)             Requested size: 415.55147pt x 416.99686pt.
 [26 <./M3.png>] [27 <./M4.png>] [28] [29] [30] <M5.png, id=2175, 433.62pt x 25
5.8358pt>
File: M5.png Graphic file (type png)
 <use M5.png>
Package pdftex.def Info: M5.png used on input line 845.
(pdftex.def)             Requested size: 303.53192pt x 179.08383pt.

[31 <./M5.png>] <M6.png, id=2193, 469.2732pt x 244.2726pt>
File: M6.png Graphic file (type png)
 <use M6.png>
Package pdftex.def Info: M6.png used on input line 878.
(pdftex.def)             Requested size: 469.27205pt x 244.272pt.

[32 <./M6.png>] <M7.png, id=2205, 447.6725pt x 59.22125pt>
File: M7.png Graphic file (type png)
 <use M7.png>
Package pdftex.def Info: M7.png used on input line 894.
(pdftex.def)             Requested size: 447.6714pt x 59.22108pt.

<StandardDataElement.png, id=2210, 348.3414pt x 255.8358pt>
File: StandardDataElement.png Graphic file (type png)

<use StandardDataElement.png>
Package pdftex.def Info: StandardDataElement.png used on input line 930.
(pdftex.def)             Requested size: 348.34055pt x 255.83517pt.
 [33 <./M7.png>] [34 <./StandardDataElement.png>]
<M8.png, id=2234, 257.96375pt x 157.58875pt>
File: M8.png Graphic file (type png)
 <use M8.png>
Package pdftex.def Info: M8.png used on input line 942.
(pdftex.def)             Requested size: 257.9631pt x 157.58835pt.
 [35 <./M8.png>]
<DataWarehouse.png, id=2253, 360.3864pt x 292.9344pt>
File: DataWarehouse.png Graphic file (type png)
 <use DataWarehouse.png>
Package pdftex.def Info: DataWarehouse.png used on input line 973.
(pdftex.def)             Requested size: 360.38551pt x 292.93369pt.

[36] <M9-1.png, id=2274, 112.42pt x 148.555pt>
File: M9-1.png Graphic file (type png)
 <use M9-1.png>
Package pdftex.def Info: M9-1.png used on input line 997.
(pdftex.def)             Requested size: 112.41972pt x 148.55463pt.

<M9-2.png, id=2275, 188.705pt x 148.555pt>
File: M9-2.png Graphic file (type png)
 <use M9-2.png>
Package pdftex.def Info: M9-2.png used on input line 998.
(pdftex.def)             Requested size: 188.70453pt x 148.55463pt.

<ClientServerInteraction.png, id=2286, 557.4426pt x 306.9066pt>
File: ClientServerInteraction.png Graphic file (type png)

<use ClientServerInteraction.png>
Package pdftex.def Info: ClientServerInteraction.png used on input line 1007.
(pdftex.def)             Requested size: 445.95467pt x 245.5256pt.
 [37 <./DataWarehouse.png>]
<M10.png, id=2301, 811.833pt x 1155.517pt>
File: M10.png Graphic file (type png)
 <use M10.png>
Package pdftex.def Info: M10.png used on input line 1015.
(pdftex.def)             Requested size: 405.9155pt x 577.7571pt.

<M11.png, id=2305, 112.42pt x 148.555pt>
File: M11.png Graphic file (type png)
 <use M11.png>
Package pdftex.def Info: M11.png used on input line 1023.
(pdftex.def)             Requested size: 146.14598pt x 193.12146pt.
 [38 <./M9-1.png> <./M9-2.png>] <FourTier.png, id=2319, 480.8364pt x 264.5082pt
>
File: FourTier.png Graphic file (type png)
 <use FourTier.png>
Package pdftex.def Info: FourTier.png used on input line 1043.
(pdftex.def)             Requested size: 577.0008pt x 317.40823pt.

<M12.png, id=2327, 1287.209pt x 536.404pt>
File: M12.png Graphic file (type png)
 <use M12.png>
Package pdftex.def Info: M12.png used on input line 1053.
(pdftex.def)             Requested size: 386.16568pt x 160.92244pt.
 [39 <./ClientServerInteraction.png>] [40 <./M10.png>] [41 <./M11.png> <./FourT
ier.png>]
<M13.png, id=2351, 1287.209pt x 1043.9pt>
File: M13.png Graphic file (type png)
 <use M13.png>
Package pdftex.def Info: M13.png used on input line 1063.
(pdftex.def)             Requested size: 386.16568pt x 313.17241pt.

<M14.png, id=2354, 1287.209pt x 1157.926pt>
File: M14.png Graphic file (type png)
 <use M14.png>
Package pdftex.def Info: M14.png used on input line 1073.
(pdftex.def)             Requested size: 386.16568pt x 347.38048pt.

<M15.png, id=2363, 1287.209pt x 1043.9pt>
File: M15.png Graphic file (type png)
 <use M15.png>
Package pdftex.def Info: M15.png used on input line 1083.
(pdftex.def)             Requested size: 386.16568pt x 313.17241pt.

<EnterpriseSoftware.png, id=2364, 436.5108pt x 255.8358pt>
File: EnterpriseSoftware.png Graphic file (type png)

<use EnterpriseSoftware.png>
Package pdftex.def Info: EnterpriseSoftware.png used on input line 1106.
(pdftex.def)             Requested size: 436.50972pt x 255.83517pt.
 [42 <./M12.png>] [43 <./M13.png>] [44 <./M14.png>] [45 <./M15.png> <./Enterpri
seSoftware.png>]
<MessageRouting.png, id=2396, 397.0032pt x 249.0906pt>
File: MessageRouting.png Graphic file (type png)

<use MessageRouting.png>
Package pdftex.def Info: MessageRouting.png used on input line 1143.
(pdftex.def)             Requested size: 635.20598pt x 398.54549pt.
 [46] [47 <./MessageRouting.png>]
Overfull \hbox (7.89294pt too wide) in paragraph at lines 1154--1155
[]\T1/lmr/m/n/12 List-Based Pub-lish/-Sub-scribe: There are man-aged lists for 
sub-scribers.
 []

<M16.png, id=2419, 402.50375pt x 148.555pt>
File: M16.png Graphic file (type png)
 <use M16.png>
Package pdftex.def Info: M16.png used on input line 1161.
(pdftex.def)             Requested size: 402.50276pt x 148.55463pt.

<CORBA.png, id=2420, 436.5108pt x 255.8358pt>
File: CORBA.png Graphic file (type png)
 <use CORBA.png>
Package pdftex.def Info: CORBA.png used on input line 1187.
(pdftex.def)             Requested size: 436.50972pt x 255.83517pt.
 [48] [49 <./M16.png> <./CORBA.png>] <M17.png, id=2449, 257.96375pt x 203.76125
pt>
File: M17.png Graphic file (type png)
 <use M17.png>
Package pdftex.def Info: M17.png used on input line 1201.
(pdftex.def)             Requested size: 257.9631pt x 203.76074pt.

<M18.png, id=2450, 220.825pt x 151.56625pt>
File: M18.png Graphic file (type png)
 <use M18.png>
Package pdftex.def Info: M18.png used on input line 1209.
(pdftex.def)             Requested size: 220.82445pt x 151.56587pt.

<Webservices.png, id=2451, 436.029pt x 285.7074pt>
File: Webservices.png Graphic file (type png)
 <use Webservices.png>
Package pdftex.def Info: Webservices.png used on input line 1238.
(pdftex.def)             Requested size: 436.02792pt x 285.70668pt.

<M19.png, id=2452, 1654.18pt x 896.951pt>
File: M19.png Graphic file (type png)
 <use M19.png>
Package pdftex.def Info: M19.png used on input line 1247.
(pdftex.def)             Requested size: 578.97168pt x 313.93756pt.

Underfull \vbox (badness 8170) has occurred while \output is active []

 [50 <./M17.png>] [51 <./M18.png>]
Underfull \vbox (badness 10000) has occurred while \output is active []

 [52 <./Webservices.png>] [53 <./M19.png>] [54] [55] [56]
Chapter 3.
[57

] [58] [59] <SOA1.png, id=2520, 402.50375pt x 149.55875pt>
File: SOA1.png Graphic file (type png)
 <use SOA1.png>
Package pdftex.def Info: SOA1.png used on input line 1372.
(pdftex.def)             Requested size: 402.50276pt x 149.55838pt.

<SOA2.png, id=2523, 275.0275pt x 238.8925pt>
File: SOA2.png Graphic file (type png)
 <use SOA2.png>
Package pdftex.def Info: SOA2.png used on input line 1382.
(pdftex.def)             Requested size: 275.02682pt x 238.8919pt.

<SOA3.png, id=2526, 202.7575pt x 185.69376pt>
File: SOA3.png Graphic file (type png)
 <use SOA3.png>
Package pdftex.def Info: SOA3.png used on input line 1392.
(pdftex.def)             Requested size: 202.757pt x 185.6933pt.

<SOA4.png, id=2529, 374.39874pt x 302.12875pt>
File: SOA4.png Graphic file (type png)
 <use SOA4.png>
Package pdftex.def Info: SOA4.png used on input line 1402.
(pdftex.def)             Requested size: 374.39783pt x 302.128pt.
 [60 <./SOA1.png>] [61 <./SOA2.png> <./SOA3.png>] [62 <./SOA4.png>]
<SOA5.png, id=2550, 420.57124pt x 232.87pt>
File: SOA5.png Graphic file (type png)
 <use SOA5.png>
Package pdftex.def Info: SOA5.png used on input line 1418.
(pdftex.def)             Requested size: 420.57022pt x 232.86942pt.
 [63] [64 <./SOA5.png>] [65] [66] [67]
Overfull \hbox (0.99335pt too wide) in paragraph at lines 1494--1495
[][]\T1/lmr/m/n/12 SOAP and REST are not in-com-pat-i-ble and it is pos-si-ble 
for web ser-vices providers
 []

<SOAincar.png, id=2587, 514.92375pt x 499.8675pt>
File: SOAincar.png Graphic file (type png)
 <use SOAincar.png>
Package pdftex.def Info: SOAincar.png used on input line 1503.
(pdftex.def)             Requested size: 411.93954pt x 399.89453pt.
 [68]
[69 <./SOAincar.png>] [70] [71]
Overfull \hbox (0.90594pt too wide) in paragraph at lines 1553--1554
[]\T1/lmr/m/n/12 Security: Au-then-ti-ca-tion, au-tho-riza-tion, non-repudiatio
n, con-fi-den-tial-ity, stan-
 []


Overfull \hbox (8.24112pt too wide) in paragraph at lines 1555--1556
[]\T1/lmr/m/n/12 Message Pro-cess-ing: Mes-sage and data trans-for-ma-tions, in
-ter-me-di-aries, content-
 []

[72] [73] [74] [75] [76] [77] [78]
Chapter 4.

Underfull \vbox (badness 10000) has occurred while \output is active []

 [79

]
[80] <BS1.png, id=2714, 433.62pt x 252.945pt>
File: BS1.png Graphic file (type png)
 <use BS1.png>
Package pdftex.def Info: BS1.png used on input line 1674.
(pdftex.def)             Requested size: 433.61894pt x 252.94438pt.
 [81 <./BS1.png>]
[82] [83] [84] [85] [86] <BS2.png, id=2838, 342.27875pt x 412.54124pt>
File: BS2.png Graphic file (type png)

<use BS2.png>
Package pdftex.def Info: BS2.png used on input line 1752.
(pdftex.def)             Requested size: 342.2779pt x 412.54024pt.
 [87] [88 <./BS2.png>]
Overfull \hbox (6.74344pt too wide) in paragraph at lines 1772--1773
[][]\T1/lmr/m/n/12 BPMN maps to []Busi-ness Pro-cess Ex-e-cu-tion Lan-guage for
 Web-ser-vice (BPEL4WS)
 []

[89] [90] [91] [92] [93] [94] [95] [96

]
Chapter 5.
[97] <Ms1.png, id=2928, 308.8338pt x 254.8722pt>
File: Ms1.png Graphic file (type png)
 <use Ms1.png>
Package pdftex.def Info: Ms1.png used on input line 1890.
(pdftex.def)             Requested size: 308.83304pt x 254.87157pt.
 [98 <./Ms1.png>] <Ms2.png, id=2956, 280.8894pt x 255.8358pt>
File: Ms2.png Graphic file (type png)
 <use Ms2.png>
Package pdftex.def Info: Ms2.png used on input line 1909.
(pdftex.def)             Requested size: 280.88872pt x 255.83517pt.
 [99 <./Ms2.png>]
[100] [101] <Ms3.png, id=3030, 466.8642pt x 265.4718pt>
File: Ms3.png Graphic file (type png)
 <use Ms3.png>
Package pdftex.def Info: Ms3.png used on input line 1974.
(pdftex.def)             Requested size: 373.49185pt x 212.37772pt.
 [102]
<Ms4.png, id=3052, 206.6922pt x 113.223pt>
File: Ms4.png Graphic file (type png)
 <use Ms4.png>
Package pdftex.def Info: Ms4.png used on input line 1992.
(pdftex.def)             Requested size: 206.69168pt x 113.22272pt.

<Ms5.png, id=3053, 470.2368pt x 335.3328pt>
File: Ms5.png Graphic file (type png)
 <use Ms5.png>
Package pdftex.def Info: Ms5.png used on input line 1999.
(pdftex.def)             Requested size: 470.23564pt x 335.33197pt.
 [103 <./Ms3.png> <./Ms4.png>] [104 <./Ms5.png>] [105]
Underfull \hbox (badness 10000) in paragraph at lines 2054--2054
[]|\T1/lmr/m/n/12 KnowEdge eLearn-ing
 []


Underfull \hbox (badness 3503) in paragraph at lines 2054--2054
[]|\T1/lmr/m/n/12 Internet Cam-pus So-lu-
 []

<Ms6.png, id=3089, 469.755pt x 621.32124pt>
File: Ms6.png Graphic file (type png)
 <use Ms6.png>
Package pdftex.def Info: Ms6.png used on input line 2072.
(pdftex.def)             Requested size: 422.7756pt x 559.18396pt.

Underfull \vbox (badness 1194) has occurred while \output is active []

 [106]
<Ms7.png, id=3098, 260.172pt x 243.7908pt>
File: Ms7.png Graphic file (type png)
 <use Ms7.png>
Package pdftex.def Info: Ms7.png used on input line 2083.
(pdftex.def)             Requested size: 234.15262pt x 219.40968pt.
 [107] [108 <./Ms6.png>] [109 <./Ms7.png>] <Ms8.png, id=3117, 433.62pt x 255.83
58pt>
File: Ms8.png Graphic file (type png)
 <use Ms8.png>
Package pdftex.def Info: Ms8.png used on input line 2097.
(pdftex.def)             Requested size: 390.2544pt x 230.25009pt.

<Ms9.png, id=3120, 381.1038pt x 255.8358pt>
File: Ms9.png Graphic file (type png)
 <use Ms9.png>
Package pdftex.def Info: Ms9.png used on input line 2107.
(pdftex.def)             Requested size: 342.99023pt x 230.25009pt.
 [110 <./Ms8.png>]
[111 <./Ms9.png>] [112] <Ms10.png, id=3149, 433.62pt x 254.8722pt>
File: Ms10.png Graphic file (type png)

<use Ms10.png>
Package pdftex.def Info: Ms10.png used on input line 2140.
(pdftex.def)             Requested size: 433.61894pt x 254.87157pt.
 [113] [114 <./Ms10.png>] [115] [116

]
Chapter 6.
[117] [118]
Underfull \vbox (badness 1360) has occurred while \output is active []

 [119]
[120] [121] [122]
Overfull \hbox (1.23434pt too wide) in paragraph at lines 2244--2245
\T1/lmr/m/n/12 back-ground, hy-per-space ex-pe-ri-ence, pref-er-ences, in-ter-e
sts and in-di-vid-ual traits,
 []

[123] <AHT*.png, id=3263, 701.019pt x 543.9522pt>
File: AHT*.png Graphic file (type png)
 <use AHT*.png>
Package pdftex.def Info: AHT*.png used on input line 2251.
(pdftex.def)             Requested size: 560.81596pt x 435.16234pt.
 [124] [125 <./AHT*.png>] [126] [127] [128] [129] [130] [131] [132] [133]
<ITS.png, id=3381, 523.556pt x 580.569pt>
File: ITS.png Graphic file (type png)
 <use ITS.png>
Package pdftex.def Info: ITS.png used on input line 2384.
(pdftex.def)             Requested size: 209.41869pt x 232.22348pt.
 [134] [135 <./ITS.png>]
Underfull \vbox (badness 2020) has occurred while \output is active []

 [136]
[137] [138] [139] [140] [141] <OKI.png, id=3461, 359.744pt x 394.273pt>
File: OKI.png Graphic file (type png)

<use OKI.png>
Package pdftex.def Info: OKI.png used on input line 2459.
(pdftex.def)             Requested size: 143.89505pt x 157.7064pt.

Underfull \vbox (badness 10000) has occurred while \output is active []

 [142]
[143 <./OKI.png>] [144] [145] [146]
Chapter 7.
<CMS1.png, id=3503, 379.4175pt x 108.405pt>
File: CMS1.png Graphic file (type png)
 <use CMS1.png>
Package pdftex.def Info: CMS1.png used on input line 2516.
(pdftex.def)             Requested size: 379.41656pt x 108.40472pt.

Underfull \vbox (badness 1005) has occurred while \output is active []

 [147

 <./CMS1.png>] <CMS2.png, id=3511, 650.43pt x 450.68375pt>
File: CMS2.png Graphic file (type png)
 <use CMS2.png>
Package pdftex.def Info: CMS2.png used on input line 2526.
(pdftex.def)             Requested size: 520.3447pt x 360.54747pt.
 [148]
[149 <./CMS2.png>] <CMS3.png, id=3523, 387.849pt x 411.136pt>
File: CMS3.png Graphic file (type png)
 <use CMS3.png>
Package pdftex.def Info: CMS3.png used on input line 2560.
(pdftex.def)             Requested size: 387.84804pt x 411.135pt.

<CMS4.png, id=3524, 477.785pt x 531.9875pt>
File: CMS4.png Graphic file (type png)
 <use CMS4.png>
Package pdftex.def Info: CMS4.png used on input line 2571.
(pdftex.def)             Requested size: 477.78383pt x 531.9862pt.
 [150] [151 <./CMS3.png>] [152 <./CMS4.png>] <CMS5.png, id=3542, 333.245pt x 27
2.01625pt>
File: CMS5.png Graphic file (type png)

<use CMS5.png>
Package pdftex.def Info: CMS5.png used on input line 2585.
(pdftex.def)             Requested size: 333.24417pt x 272.01558pt.
 <CMS6.png, id=3545, 467.7475pt x 449.68pt>
File: CMS6.png Graphic file (type png)
 <use CMS6.png>
Package pdftex.def Info: CMS6.png used on input line 2596.
(pdftex.def)             Requested size: 467.74634pt x 449.6789pt.

<CMS7.png, id=3548, 469.755pt x 523.9575pt>
File: CMS7.png Graphic file (type png)
 <use CMS7.png>
Package pdftex.def Info: CMS7.png used on input line 2605.
(pdftex.def)             Requested size: 469.75386pt x 523.95622pt.

Underfull \vbox (badness 1708) has occurred while \output is active []

 [153 <./CMS5.png>] [154 <./CMS6.png>] <CMS8.png, id=3561, 469.755pt x 220.825p
t>
File: CMS8.png Graphic file (type png)

<use CMS8.png>
Package pdftex.def Info: CMS8.png used on input line 2614.
(pdftex.def)             Requested size: 469.75386pt x 220.82445pt.
 <CMS9.png, id=3564, 425.59pt x 525.965pt>
File: CMS9.png Graphic file (type png)
 <use CMS9.png>
Package pdftex.def Info: CMS9.png used on input line 2627.
(pdftex.def)             Requested size: 425.58894pt x 525.9637pt.

<CMS10.png, id=3569, 288.07625pt x 195.73125pt>
File: CMS10.png Graphic file (type png)
 <use CMS10.png>
Package pdftex.def Info: CMS10.png used on input line 2638.
(pdftex.def)             Requested size: 288.07553pt x 195.73076pt.
 [155] [156 <./CMS7.png>] <CMS11.png, id=3586, 322.20375pt x 258.9675pt>
File: CMS11.png Graphic file (type png)
 <use CMS11.png>
Package pdftex.def Info: CMS11.png used on input line 2653.
(pdftex.def)             Requested size: 322.20296pt x 258.96684pt.

<CMS12.png, id=3589, 469.755pt x 396.48125pt>
File: CMS12.png Graphic file (type png)
 <use CMS12.png>
Package pdftex.def Info: CMS12.png used on input line 2665.
(pdftex.def)             Requested size: 469.75386pt x 396.48027pt.
 [157 <./CMS8.png>] [158 <./CMS9.png>] [159 <./CMS10.png> <./CMS11.png>]
<CMS13.png, id=3614, 112.42pt x 116.435pt>
File: CMS13.png Graphic file (type png)
 <use CMS13.png>
Package pdftex.def Info: CMS13.png used on input line 2676.
(pdftex.def)             Requested size: 112.41972pt x 116.43471pt.
 [160 <./CMS12.png>]
<CMS14.png, id=3625, 469.755pt x 173.64874pt>
File: CMS14.png Graphic file (type png)
 <use CMS14.png>
Package pdftex.def Info: CMS14.png used on input line 2685.
(pdftex.def)             Requested size: 469.75386pt x 173.64832pt.

<CMS15.png, id=3628, 430.60875pt x 435.6275pt>
File: CMS15.png Graphic file (type png)
 <use CMS15.png>
Package pdftex.def Info: CMS15.png used on input line 2694.
(pdftex.def)             Requested size: 430.60768pt x 435.62643pt.

<CMS16.png, id=3629, 426.59375pt x 186.6975pt>
File: CMS16.png Graphic file (type png)
 <use CMS16.png>
Package pdftex.def Info: CMS16.png used on input line 2705.
(pdftex.def)             Requested size: 426.5927pt x 186.69704pt.

Underfull \vbox (badness 1460) has occurred while \output is active []

 [161 <./CMS13.png> <./CMS14.png>] [162 <./CMS15.png>]
<CMS17.png, id=3646, 139.52126pt x 91.34125pt>
File: CMS17.png Graphic file (type png)
 <use CMS17.png>
Package pdftex.def Info: CMS17.png used on input line 2718.
(pdftex.def)             Requested size: 139.5209pt x 91.34102pt.

<CMS18.png, id=3649, 469.755pt x 311.1625pt>
File: CMS18.png Graphic file (type png)
 <use CMS18.png>
Package pdftex.def Info: CMS18.png used on input line 2726.
(pdftex.def)             Requested size: 469.75386pt x 311.16174pt.
 [163 <./CMS16.png>] [164 <./CMS17.png>] [165 <./CMS18.png>] [166

]
Chapter 8.
<AMS1.png, id=3679, 433.62pt x 124.3044pt>
File: AMS1.png Graphic file (type png)
 <use AMS1.png>
Package pdftex.def Info: AMS1.png used on input line 2760.
(pdftex.def)             Requested size: 433.61894pt x 124.30408pt.
 [167]
<AMS2.png, id=3689, 239.4546pt x 118.5228pt>
File: AMS2.png Graphic file (type png)
 <use AMS2.png>
Package pdftex.def Info: AMS2.png used on input line 2769.
(pdftex.def)             Requested size: 239.45401pt x 118.52249pt.

<AMS3.png, id=3690, 414.8298pt x 230.7822pt>
File: AMS3.png Graphic file (type png)
 <use AMS3.png>
Package pdftex.def Info: AMS3.png used on input line 2776.
(pdftex.def)             Requested size: 414.82878pt x 230.78163pt.
 [168 <./AMS1.png> <./AMS2.png>] <AMS4.png, id=3699, 644.6484pt x 412.9026pt>
File: AMS4.png Graphic file (type png)
 <use AMS4.png>
Package pdftex.def Info: AMS4.png used on input line 2786.
(pdftex.def)             Requested size: 580.1782pt x 371.6089pt.

<AMS5.png, id=3704, 433.62pt x 631.6398pt>
File: AMS5.png Graphic file (type png)
 <use AMS5.png>
Package pdftex.def Info: AMS5.png used on input line 2798.
(pdftex.def)             Requested size: 433.61894pt x 631.63826pt.

<AMS6.png, id=3707, 433.62pt x 491.9178pt>
File: AMS6.png Graphic file (type png)
 <use AMS6.png>
Package pdftex.def Info: AMS6.png used on input line 2807.
(pdftex.def)             Requested size: 433.61894pt x 491.9166pt.

Underfull \vbox (badness 10000) has occurred while \output is active []

 [169 <./AMS3.png>] [170 <./AMS4.png>] [171 <./AMS5.png>]
<AMS7.png, id=3726, 433.62pt x 617.6676pt>
File: AMS7.png Graphic file (type png)
 <use AMS7.png>
Package pdftex.def Info: AMS7.png used on input line 2818.
(pdftex.def)             Requested size: 433.61894pt x 617.66609pt.

<AMS8.png, id=3729, 82.8696pt x 92.0238pt>
File: AMS8.png Graphic file (type png)
 <use AMS8.png>
Package pdftex.def Info: AMS8.png used on input line 2829.
(pdftex.def)             Requested size: 82.86937pt x 92.02357pt.

<AMS9.png, id=3732, 433.62pt x 251.4996pt>
File: AMS9.png Graphic file (type png)
 <use AMS9.png>
Package pdftex.def Info: AMS9.png used on input line 2838.
(pdftex.def)             Requested size: 433.61894pt x 251.49898pt.
 [172] [173 <./AMS6.png>] [174 <./AMS7.png>] <AMS10.png, id=3751, 320.397pt x 1
28.1588pt>
File: AMS10.png Graphic file (type png)

<use AMS10.png>
Package pdftex.def Info: AMS10.png used on input line 2847.
(pdftex.def)             Requested size: 320.39621pt x 128.15848pt.
 [175 <./AMS8.png> <./AMS9.png>]
<AMS11.png, id=3762, 337.26pt x 128.1588pt>
File: AMS11.png Graphic file (type png)
 <use AMS11.png>
Package pdftex.def Info: AMS11.png used on input line 2856.
(pdftex.def)             Requested size: 337.25917pt x 128.15848pt.
 [176 <./AMS10.png> <./AMS11.png>] <AMS12.png, id=3772, 292.9344pt x 92.0238pt>
File: AMS12.png Graphic file (type png)
 <use AMS12.png>
Package pdftex.def Info: AMS12.png used on input line 2868.
(pdftex.def)             Requested size: 292.93369pt x 92.02357pt.

<AMS13.png, id=3777, 94.4328pt x 101.178pt>
File: AMS13.png Graphic file (type png)
 <use AMS13.png>
Package pdftex.def Info: AMS13.png used on input line 2877.
(pdftex.def)             Requested size: 94.43256pt x 101.17773pt.

<AMS14.png, id=3778, 433.62pt x 282.3348pt>
File: AMS14.png Graphic file (type png)
 <use AMS14.png>
Package pdftex.def Info: AMS14.png used on input line 2884.
(pdftex.def)             Requested size: 433.61894pt x 282.33409pt.

<AMS15.png, id=3781, 112.2594pt x 92.0238pt>
File: AMS15.png Graphic file (type png)
 <use AMS15.png>
Package pdftex.def Info: AMS15.png used on input line 2895.
(pdftex.def)             Requested size: 112.25911pt x 92.02357pt.
 [177 <./AMS12.png>] [178 <./AMS13.png> <./AMS14.png>]
<AMS16-1.png, id=3800, 320.397pt x 204.765pt>
File: AMS16-1.png Graphic file (type png)
 <use AMS16-1.png>
Package pdftex.def Info: AMS16-1.png used on input line 2904.
(pdftex.def)             Requested size: 320.39621pt x 204.76448pt.

<AMS16-2.png, id=3801, 103.587pt x 185.9748pt>
File: AMS16-2.png Graphic file (type png)
 <use AMS16-2.png>
Package pdftex.def Info: AMS16-2.png used on input line 2905.
(pdftex.def)             Requested size: 103.58675pt x 185.97433pt.

<AMS17.png, id=3802, 423.984pt x 377.2494pt>
File: AMS17.png Graphic file (type png)
 <use AMS17.png>
Package pdftex.def Info: AMS17.png used on input line 2912.
(pdftex.def)             Requested size: 423.98294pt x 377.24847pt.

<AMS18.png, id=3805, 210.0648pt x 162.8484pt>
File: AMS18.png Graphic file (type png)
 <use AMS18.png>
Package pdftex.def Info: AMS18.png used on input line 2924.
(pdftex.def)             Requested size: 210.06429pt x 162.848pt.

<AMS19.png, id=3808, 402.303pt x 83.8332pt>
File: AMS19.png Graphic file (type png)
 <use AMS19.png>
Package pdftex.def Info: AMS19.png used on input line 2933.
(pdftex.def)             Requested size: 402.302pt x 83.83298pt.
 [179 <./AMS15.png>] [180 <./AMS16-1.png> <./AMS16-2.png>] [181 <./AMS17.png> <
./AMS18.png>]
[182 <./AMS19.png>]
Chapter 9.
[183

] [184] <Web2-1.png, id=3852, 318.43968pt x 286.82156pt>
File: Web2-1.png Graphic file (type png)
 <use Web2-1.png>
Package pdftex.def Info: Web2-1.png used on input line 2971.
(pdftex.def)             Requested size: 318.4389pt x 286.82085pt.

<Web2-2.png, id=3857, 436.63126pt x 436.63126pt>
File: Web2-2.png Graphic file (type png)
 <use Web2-2.png>
Package pdftex.def Info: Web2-2.png used on input line 2980.
(pdftex.def)             Requested size: 436.63019pt x 436.63019pt.

Overfull \hbox (2.47647pt too wide) in paragraph at lines 3003--3003
[]|\T1/lmr/m/n/12 Cookies| 
 []


Overfull \hbox (2.21097pt too wide) in paragraph at lines 3003--3003
[]|\T1/lmr/m/n/12 Visitors| 
 []


Underfull \hbox (badness 10000) in paragraph at lines 3003--3003
[]|\T1/lmr/m/n/12 Page
 []


Underfull \hbox (badness 10000) in paragraph at lines 3003--3003
[]|\T1/lmr/m/n/12 Total
 []


Underfull \hbox (badness 10000) in paragraph at lines 3003--3003
[]|\T1/lmr/m/n/12 Avg.
 []


Underfull \hbox (badness 10000) in paragraph at lines 3003--3003
[]|\T1/lmr/m/n/12 Avg.
 []

[185 <./Web2-1.png>] [186 <./Web2-2.png>] [187]
<Web2-3.png, id=3888, 380.92313pt x 143.78719pt>
File: Web2-3.png Graphic file (type png)
 <use Web2-3.png>
Package pdftex.def Info: Web2-3.png used on input line 3059.
(pdftex.def)             Requested size: 380.92218pt x 143.78683pt.
 [188 <./Web2-3.png>] <Web2-4.png, id=3901, 755.07094pt x 228.855pt>
File: Web2-4.png Graphic file (type png)
 <use Web2-4.png>
Package pdftex.def Info: Web2-4.png used on input line 3068.
(pdftex.def)             Requested size: 377.53455pt x 114.42722pt.

<Web2-5.png, id=3902, 759.58781pt x 228.855pt>
File: Web2-5.png Graphic file (type png)
 <use Web2-5.png>
Package pdftex.def Info: Web2-5.png used on input line 3075.
(pdftex.def)             Requested size: 379.79297pt x 114.42722pt.

<Web2-6.png, id=3903, 753.5653pt x 228.855pt>
File: Web2-6.png Graphic file (type png)
 <use Web2-6.png>
Package pdftex.def Info: Web2-6.png used on input line 3082.
(pdftex.def)             Requested size: 376.78172pt x 114.42722pt.

Underfull \vbox (badness 10000) has occurred while \output is active []

 [189 <./Web2-4.png (PNG copy)> <./Web2-5.png (PNG copy)>]
Underfull \vbox (badness 1418) has occurred while \output is active []

 [190 <./Web2-6.png (PNG copy)>] [191]
Underfull \vbox (badness 1478) has occurred while \output is active []

 [192]
[193] [194] <Web2-7.png, id=3963, 625.3764pt x 633.567pt>
File: Web2-7.png Graphic file (type png)
 <use Web2-7.png>
Package pdftex.def Info: Web2-7.png used on input line 3182.
(pdftex.def)             Requested size: 500.30179pt x 506.8543pt.

[195] [196 <./Web2-7.png>] [197] [198]
<Web2-8.png, id=3986, 131.7723pt x 235.6002pt>
File: Web2-8.png Graphic file (type png)
 <use Web2-8.png>
Package pdftex.def Info: Web2-8.png used on input line 3228.
(pdftex.def)             Requested size: 131.77196pt x 235.59961pt.
 [199] [200 <./Web2-8.png (PNG copy)>] [201] [202] [203]
<Web2-9.png, id=4032, 444.91219pt x 271.0125pt>
File: Web2-9.png Graphic file (type png)
 <use Web2-9.png>
Package pdftex.def Info: Web2-9.png used on input line 3279.
(pdftex.def)             Requested size: 444.91109pt x 271.01183pt.

Overfull \hbox (0.77234pt too wide) in paragraph at lines 3284--3286
[]\T1/lmr/m/n/12 Adopting web 2.0 tech-nolo-gies in cur-rent at-tended classes 
re-quires cer-tain amount
 []

[204 <./Web2-9.png>] <Web2-10.png, id=4045, 278.54062pt x 250.68657pt>
File: Web2-10.png Graphic file (type png)

<use Web2-10.png>
Package pdftex.def Info: Web2-10.png used on input line 3299.
(pdftex.def)             Requested size: 278.53993pt x 250.68594pt.
 [205] [206 <./Web2-10.png>] [207] [208] [209] [210

]
Chapter 10.

Underfull \vbox (badness 10000) has occurred while \output is active []

 [211]
Underfull \hbox (badness 1968) in paragraph at lines 3391--3391
[]|\T1/lmr/m/n/12 Most object-relational map-ping sys-
 []


Underfull \hbox (badness 6445) in paragraph at lines 3391--3391
[]|\T1/lmr/m/n/12 Improve ap-pli-ca-tion porta-bil-ity by
 []

[212] <EV1.png, id=4106, 360.3864pt x 284.7438pt>
File: EV1.png Graphic file (type png)
 <use EV1.png>
Package pdftex.def Info: EV1.png used on input line 3407.
(pdftex.def)             Requested size: 360.38551pt x 284.7431pt.

Underfull \vbox (badness 10000) has occurred while \output is active []

 [213]
<EV2.png, id=4116, 401.8212pt x 339.1872pt>
File: EV2.png Graphic file (type png)
 <use EV2.png>
Package pdftex.def Info: EV2.png used on input line 3417.
(pdftex.def)             Requested size: 401.8202pt x 339.18637pt.
 [214 <./EV1.png>]
[215 <./EV2.png>] [216] <EV3.png, id=4142, 399.4925pt x 252.945pt>
File: EV3.png Graphic file (type png)

<use EV3.png>
Package pdftex.def Info: EV3.png used on input line 3476.
(pdftex.def)             Requested size: 399.49152pt x 252.94438pt.
 [217] [218 <./EV3.png>]
<EV4.png, id=4158, 409.53pt x 246.9225pt>
File: EV4.png Graphic file (type png)
 <use EV4.png>
Package pdftex.def Info: EV4.png used on input line 3494.
(pdftex.def)             Requested size: 409.52899pt x 246.92188pt.

<EV5.png, id=4163, 410.53375pt x 244.915pt>
File: EV5.png Graphic file (type png)
 <use EV5.png>
Package pdftex.def Info: EV5.png used on input line 3517.
(pdftex.def)             Requested size: 410.53275pt x 244.91438pt.
 [219 <./EV4.png>]
<EV6.png, id=4174, 409.53pt x 228.855pt>
File: EV6.png Graphic file (type png)
 <use EV6.png>
Package pdftex.def Info: EV6.png used on input line 3540.
(pdftex.def)             Requested size: 409.52899pt x 228.85443pt.

<EV7.png, id=4177, 410.53375pt x 237.88875pt>
File: EV7.png Graphic file (type png)
 <use EV7.png>
Package pdftex.def Info: EV7.png used on input line 3562.
(pdftex.def)             Requested size: 410.53275pt x 237.88815pt.

Underfull \vbox (badness 10000) has occurred while \output is active []

 [220 <./EV5.png>] [221 <./EV6.png> <./EV7.png>]
Overfull \hbox (3.04791pt too wide) in paragraph at lines 3580--3581
 []\T1/lmr/bx/n/12 Security[] \T1/lmr/m/n/12 Se-cu-rity refers to soft-ware abi
l-ity to pre-vent unau-tho-rized ac-cess, whether
 []

[222] [223] <ClassicalSOA.png, id=4211, 131.49126pt x 63.23625pt>
File: ClassicalSOA.png Graphic file (type png)

<use ClassicalSOA.png>
Package pdftex.def Info: ClassicalSOA.png used on input line 3617.
(pdftex.def)             Requested size: 131.49092pt x 63.23608pt.
 <LoadBalancedSOA.png, id=4212, 188.705pt x 114.4275pt>
File: LoadBalancedSOA.png Graphic file (type png)

<use LoadBalancedSOA.png>
Package pdftex.def Info: LoadBalancedSOA.png used on input line 3625.
(pdftex.def)             Requested size: 188.70453pt x 114.42722pt.
 [224] [225 <./ClassicalSOA.png> <./LoadBalancedSOA.png>] [226] [227] [228] [22
9] [230

]
Chapter 11.
[231] [232] [233]
Overfull \hbox (3.06096pt too wide) in paragraph at lines 3722--3723
[]\T1/lmr/m/n/12 Continuous op-er-a-tion: Mo-bile in-for-ma-tion agent's dead e
nd des-ti-na-tions should
 []

[234]
Overfull \hbox (3.84251pt too wide) in paragraph at lines 3726--3727
[]\T1/lmr/m/n/12 Network in-de-pen-dence: mo-bile in-for-ma-tion agent has to m
erge smoothly among
 []

[235] <MNAS1.png, id=4330, 461.725pt x 688.5725pt>
File: MNAS1.png Graphic file (type png)
 <use MNAS1.png>
Package pdftex.def Info: MNAS1.png used on input line 3744.
(pdftex.def)             Requested size: 369.38051pt x 550.85873pt.
 [236]
[237 <./MNAS1.png>]
Overfull \hbox (2.89738pt too wide) in paragraph at lines 3787--3788
[]\T1/lmr/m/n/12 Efficient and re-li-able of-fload-ing of in-for-ma-tion pro-ce
ss-ing en-forces high server(s)
 []

[238] <MNAS2*.png, id=4350, 362.956pt x 234.476pt>
File: MNAS2*.png Graphic file (type png)
 <use MNAS2*.png>
Package pdftex.def Info: MNAS2*.png used on input line 3807.
(pdftex.def)             Requested size: 362.9551pt x 234.47542pt.

<MNAS3.png, id=4355, 241.90375pt x 246.9225pt>
File: MNAS3.png Graphic file (type png)
 <use MNAS3.png>
Package pdftex.def Info: MNAS3.png used on input line 3815.
(pdftex.def)             Requested size: 241.90315pt x 246.92188pt.

<MNAS4.png, id=4356, 515.9275pt x 717.68124pt>
File: MNAS4.png Graphic file (type png)
 <use MNAS4.png>
Package pdftex.def Info: MNAS4.png used on input line 3821.
(pdftex.def)             Requested size: 464.33046pt x 645.90715pt.
 [239] [240 <./MNAS2*.png>] <MNAS5.png, id=4373, 430.60875pt x 216.81pt>
File: MNAS5.png Graphic file (type png)
 <use MNAS5.png>
Package pdftex.def Info: MNAS5.png used on input line 3831.
(pdftex.def)             Requested size: 430.60768pt x 216.80946pt.

Underfull \vbox (badness 1603) has occurred while \output is active []

 [241 <./MNAS3.png>] [242 <./MNAS4.png>] [243 <./MNAS5.png>] [244]
<MNAS6.png, id=4404, 372.39125pt x 182.6825pt>
File: MNAS6.png Graphic file (type png)
 <use MNAS6.png>
Package pdftex.def Info: MNAS6.png used on input line 3930.
(pdftex.def)             Requested size: 372.39034pt x 182.68204pt.

<MNAS7.png, id=4407, 341.275pt x 268.00125pt>
File: MNAS7.png Graphic file (type png)
 <use MNAS7.png>
Package pdftex.def Info: MNAS7.png used on input line 3939.
(pdftex.def)             Requested size: 341.27415pt x 268.00058pt.
 [245] [246 <./MNAS6.png>] <MNAS8.png, id=4425, 382.42876pt x 304.13625pt>
File: MNAS8.png Graphic file (type png)
 <use MNAS8.png>
Package pdftex.def Info: MNAS8.png used on input line 3957.
(pdftex.def)             Requested size: 305.9434pt x 243.30933pt.

[247 <./MNAS7.png>] [248 <./MNAS8.png>]
Underfull \hbox (badness 10000) in paragraph at lines 3991--3993

 []

[249]
Overfull \hbox (4.52596pt too wide) detected at line 4025
[]\OML/lmm/m/it/12 TC \OT1/lmr/m/n/12 = [] + [] \OML/lmm/m/it/12 Di \OT1/lmr/m/
n/12 + \OML/lmm/m/it/12 C \OMS/lmsy/m/n/12 ^^C \OML/lmm/m/it/12 N
 []

[250] <MNAS9.png, id=4471, 198.7425pt x 136.51pt>
File: MNAS9.png Graphic file (type png)
 <use MNAS9.png>
Package pdftex.def Info: MNAS9.png used on input line 4041.
(pdftex.def)             Requested size: 198.742pt x 136.50966pt.

<MNAS10.png, id=4472, 199.74625pt x 136.51pt>
File: MNAS10.png Graphic file (type png)
 <use MNAS10.png>
Package pdftex.def Info: MNAS10.png used on input line 4048.
(pdftex.def)             Requested size: 199.74576pt x 136.50966pt.

<MNAS11.png, id=4473, 198.7425pt x 134.5025pt>
File: MNAS11.png Graphic file (type png)
 <use MNAS11.png>
Package pdftex.def Info: MNAS11.png used on input line 4055.
(pdftex.def)             Requested size: 198.742pt x 134.50215pt.
 [251] [252 <./MNAS9.png> <./MNAS10.png> <./MNAS11.png>] [253] [254]
LaTeX Font Info:    Try loading font information for T1+lmtt on input line 4100
.

(/usr/local/texlive/2012/texmf-dist/tex/latex/lm/t1lmtt.fd
File: t1lmtt.fd 2009/10/30 v1.6 Font defs for Latin Modern
) [255] [256

]
Chapter 12.

Underfull \vbox (badness 6559) has occurred while \output is active []

 [257]
<Sanay3y-01.png, id=4525, 452.4102pt x 127.1952pt>
File: Sanay3y-01.png Graphic file (type png)
 <use Sanay3y-01.png>
Package pdftex.def Info: Sanay3y-01.png used on input line 4140.
(pdftex.def)             Requested size: 452.40909pt x 127.19489pt.

[258]

LaTeX Warning: Reference `Tabular-T02' on page 259 undefined on input line 4166
.

<Sanay3y-02.png, id=4539, 435.5472pt x 149.358pt>
File: Sanay3y-02.png Graphic file (type png)
 <use Sanay3y-02.png>
Package pdftex.def Info: Sanay3y-02.png used on input line 4170.
(pdftex.def)             Requested size: 435.54611pt x 149.35762pt.

Underfull \vbox (badness 2744) has occurred while \output is active []

 [259 <./Sanay3y-01.png>] <Sanay3y-03.png, id=4548, 424.9476pt x 353.6412pt>
File: Sanay3y-03.png Graphic file (type png)

<use Sanay3y-03.png>
Package pdftex.def Info: Sanay3y-03.png used on input line 4204.
(pdftex.def)             Requested size: 424.94655pt x 353.64032pt.
 [260 <./Sanay3y-02.png>] [261 <./Sanay3y-03.png>]
<Sanay3y-04.png, id=4569, 114.6684pt x 200.9106pt>
File: Sanay3y-04.png Graphic file (type png)
 <use Sanay3y-04.png>
Package pdftex.def Info: Sanay3y-04.png used on input line 4216.
(pdftex.def)             Requested size: 114.6681pt x 200.9101pt.

<Sanay3y-05.png, id=4570, 446.1468pt x 334.3692pt>
File: Sanay3y-05.png Graphic file (type png)
 <use Sanay3y-05.png>
Package pdftex.def Info: Sanay3y-05.png used on input line 4223.
(pdftex.def)             Requested size: 446.14572pt x 334.36838pt.

<Sanay3y-06.png, id=4571, 523.2348pt x 272.217pt>
File: Sanay3y-06.png Graphic file (type png)
 <use Sanay3y-06.png>
Package pdftex.def Info: Sanay3y-06.png used on input line 4230.
(pdftex.def)             Requested size: 523.23352pt x 272.21631pt.

<Sanay3y-07.png, id=4572, 523.2348pt x 288.1164pt>
File: Sanay3y-07.png Graphic file (type png)
 <use Sanay3y-07.png>
Package pdftex.def Info: Sanay3y-07.png used on input line 4237.
(pdftex.def)             Requested size: 523.23352pt x 288.11568pt.

<Sanay3y-11.png, id=4573, 523.2348pt x 323.2878pt>
File: Sanay3y-11.png Graphic file (type png)
 <use Sanay3y-11.png>
Package pdftex.def Info: Sanay3y-11.png used on input line 4244.
(pdftex.def)             Requested size: 523.23352pt x 323.287pt.

[262 <./Sanay3y-04.png>] [263 <./Sanay3y-05.png> <./Sanay3y-06.png>] [264 <./Sa
nay3y-07.png> <./Sanay3y-11.png>]
<Sanay3y-08.png, id=4593, 334.3692pt x 242.3454pt>
File: Sanay3y-08.png Graphic file (type png)
 <use Sanay3y-08.png>
Package pdftex.def Info: Sanay3y-08.png used on input line 4263.
(pdftex.def)             Requested size: 334.36838pt x 242.3448pt.

[265] <Sanay3y-09.png, id=4601, 473.1276pt x 182.1204pt>
File: Sanay3y-09.png Graphic file (type png)
 <use Sanay3y-09.png>
Package pdftex.def Info: Sanay3y-09.png used on input line 4273.
(pdftex.def)             Requested size: 473.12643pt x 182.11995pt.

Overfull \hbox (10.87697pt too wide) in paragraph at lines 4283--4285
[]\T1/lmr/m/n/12 Database Layer: con-tains Database and Database Man-age-ment S
ys-tem (DBMS).
 []

<Sanay3y-10.png, id=4604, 514.0806pt x 350.7504pt>
File: Sanay3y-10.png Graphic file (type png)
 <use Sanay3y-10.png>
Package pdftex.def Info: Sanay3y-10.png used on input line 4290.
(pdftex.def)             Requested size: 514.07935pt x 350.74954pt.

[266 <./Sanay3y-08.png>] [267 <./Sanay3y-09.png> <./Sanay3y-10.png>] [268]
[269] [270

]
Appendix A.
[271] [272]
Appendix B.
(./EAI-Book.acr
Underfull \hbox (badness 2073) in paragraph at lines 33--34
[]|\T1/lmr/m/n/12 Business Pro-cess Ex-e-cu-tion Lan-guage for
 []


Underfull \hbox (badness 1515) in paragraph at lines 282--282
[]|\T1/lmr/m/n/12 Knowledge Query and Ma-nip-u-la-tion Lan-
 []

[273

] [274]) [275] (./EAI-Book.gls [276] [277]
Overfull \hbox (0.19023pt too wide) in paragraph at lines 73--76
\T1/lmr/m/n/12 age-ment in-for-ma-tion across an en-tire or-ga-ni-za-tion, em-b
rac-ing fi-nance/ac-count-
 []

[278] [279] [280]) (./EAI-Book.bbl [281] [282

] [283]
Underfull \hbox (badness 1052) in paragraph at lines 94--96
[]\T1/lmr/m/n/12 Joint in-for-ma-tion sys-tems com-mit-tee (jisc): Sup-port-ing
 ed-u-ca-tion and
 []

[284] [285] [286] [287] [288] [289] [290] [291] [292] [293] [294] [295]
[296] [297] [298] [299]) (./EAI-Book.ind [300]
Overfull \hbox (0.6817pt too wide) in paragraph at lines 19--21
[]\T1/lmr/m/n/12 Knowledge Man-age-ment Sys-tem, []5[], []6[], []21[],
 []

[301


])
Package atveryend Info: Empty hook `BeforeClearDocument' on input line 4375.
Package atveryend Info: Empty hook `AfterLastShipout' on input line 4375.
 (./EAI-Book.aux)
Package atveryend Info: Executing hook `AtVeryEndDocument' on input line 4375.
Package atveryend Info: Executing hook `AtEndAfterFileList' on input line 4375.

Package rerunfilecheck Info: File `EAI-Book.out' has not changed.
(rerunfilecheck)             Checksum: 35E98C7D4F1C7EB02140B3FC557883FE;19617.


LaTeX Warning: There were undefined references.

 ) 
Here is how much of TeX's memory you used:
 21270 strings out of 493488
 302349 string characters out of 3141347
 484815 words of memory out of 3000000
 22743 multiletter control sequences out of 15000+200000
 83284 words of font info for 68 fonts, out of 3000000 for 9000
 957 hyphenation exceptions out of 8191
 40i,12n,72p,3505b,1551s stack positions out of 5000i,500n,10000p,200000b,50000s
{/usr/local/texlive/2012/texmf-dist/fonts/enc/dvips/lm/lm-ts1.enc}{/usr/local
/texlive/2012/texmf-dist/fonts/enc/dvips/lm/lm-ec.enc}{/usr/local/texlive/2012/
texmf-dist/fonts/enc/dvips/lm/lm-rm.enc}{/usr/local/texlive/2012/texmf-dist/fon
ts/enc/dvips/lm/lm-mathex.enc}{/usr/local/texlive/2012/texmf-dist/fonts/enc/dvi
ps/lm/lm-mathsy.enc}{/usr/local/texlive/2012/texmf-dist/fonts/enc/dvips/lm/lm-m
athit.enc}</usr/local/texlive/2012/texmf-dist/fonts/type1/public/lm/lmbx12.pfb>
</usr/local/texlive/2012/texmf-dist/fonts/type1/public/lm/lmcsc10.pfb></usr/loc
al/texlive/2012/texmf-dist/fonts/type1/public/lm/lmex10.pfb></usr/local/texlive
/2012/texmf-dist/fonts/type1/public/lm/lmmi12.pfb></usr/local/texlive/2012/texm
f-dist/fonts/type1/public/lm/lmmi8.pfb></usr/local/texlive/2012/texmf-dist/font
s/type1/public/lm/lmr10.pfb></usr/local/texlive/2012/texmf-dist/fonts/type1/pub
lic/lm/lmr12.pfb></usr/local/texlive/2012/texmf-dist/fonts/type1/public/lm/lmr1
7.pfb></usr/local/texlive/2012/texmf-dist/fonts/type1/public/lm/lmr7.pfb></usr/
local/texlive/2012/texmf-dist/fonts/type1/public/lm/lmr8.pfb></usr/local/texliv
e/2012/texmf-dist/fonts/type1/public/lm/lmri12.pfb></usr/local/texlive/2012/tex
mf-dist/fonts/type1/public/lm/lmro12.pfb></usr/local/texlive/2012/texmf-dist/fo
nts/type1/public/lm/lmsy10.pfb></usr/local/texlive/2012/texmf-dist/fonts/type1/
public/lm/lmtt12.pfb>
Output written on EAI-Book.pdf (325 pages, 10830284 bytes).
PDF statistics:
 5173 PDF objects out of 6186 (max. 8388607)
 4528 compressed objects within 46 object streams
 1369 named destinations out of 1440 (max. 500000)
 2869 words of extra memory for PDF output out of 10000 (max. 10000000)

