This is pdfTeX, Version 3.1415926-2.3-1.40.12 (TeX Live 2011) (format=pdflatex 2011.7.3)  8 OCT 2012 06:51
entering extended mode
 restricted \write18 enabled.
 %&-line parsing enabled.
**DSA.tex
(./DSA.tex
LaTeX2e <2009/09/24>
Babel <v3.8l> and hyphenation patterns for english, dumylang, nohyphenation, ge
rman-x-2009-06-19, ngerman-x-2009-06-19, afrikaans, ancientgreek, ibycus, arabi
c, armenian, basque, bulgarian, catalan, pinyin, coptic, croatian, czech, danis
h, dutch, ukenglish, usenglishmax, esperanto, estonian, ethiopic, farsi, finnis
h, french, galician, german, ngerman, swissgerman, monogreek, greek, hungarian,
 icelandic, assamese, bengali, gujarati, hindi, kannada, malayalam, marathi, or
iya, panjabi, tamil, telugu, indonesian, interlingua, irish, italian, kurmanji,
 lao, latin, latvian, lithuanian, mongolian, mongolianlmc, bokmal, nynorsk, pol
ish, portuguese, romanian, russian, sanskrit, serbian, serbianc, slovak, sloven
ian, spanish, swedish, turkish, turkmen, ukrainian, uppersorbian, welsh, loaded
.
(/usr/local/texlive/2011/texmf-dist/tex/latex/base/book.cls
Document Class: book 2007/10/19 v1.4h Standard LaTeX document class
(/usr/local/texlive/2011/texmf-dist/tex/latex/base/bk12.clo
File: bk12.clo 2007/10/19 v1.4h Standard LaTeX file (size option)
)
\c@part=\count79
\c@chapter=\count80
\c@section=\count81
\c@subsection=\count82
\c@subsubsection=\count83
\c@paragraph=\count84
\c@subparagraph=\count85
\c@figure=\count86
\c@table=\count87
\abovecaptionskip=\skip41
\belowcaptionskip=\skip42
\bibindent=\dimen102
)
(/usr/local/texlive/2011/texmf-dist/tex/latex/base/inputenc.sty
Package: inputenc 2008/03/30 v1.1d Input encoding file
\inpenc@prehook=\toks14
\inpenc@posthook=\toks15

(/usr/local/texlive/2011/texmf-dist/tex/latex/base/utf8.def
File: utf8.def 2008/04/05 v1.1m UTF-8 support for inputenc
Now handling font encoding OML ...
... no UTF-8 mapping file for font encoding OML
Now handling font encoding T1 ...
... processing UTF-8 mapping file for font encoding T1

(/usr/local/texlive/2011/texmf-dist/tex/latex/base/t1enc.dfu
File: t1enc.dfu 2008/04/05 v1.1m UTF-8 support for inputenc
   defining Unicode char U+00A1 (decimal 161)
   defining Unicode char U+00A3 (decimal 163)
   defining Unicode char U+00AB (decimal 171)
   defining Unicode char U+00BB (decimal 187)
   defining Unicode char U+00BF (decimal 191)
   defining Unicode char U+00C0 (decimal 192)
   defining Unicode char U+00C1 (decimal 193)
   defining Unicode char U+00C2 (decimal 194)
   defining Unicode char U+00C3 (decimal 195)
   defining Unicode char U+00C4 (decimal 196)
   defining Unicode char U+00C5 (decimal 197)
   defining Unicode char U+00C6 (decimal 198)
   defining Unicode char U+00C7 (decimal 199)
   defining Unicode char U+00C8 (decimal 200)
   defining Unicode char U+00C9 (decimal 201)
   defining Unicode char U+00CA (decimal 202)
   defining Unicode char U+00CB (decimal 203)
   defining Unicode char U+00CC (decimal 204)
   defining Unicode char U+00CD (decimal 205)
   defining Unicode char U+00CE (decimal 206)
   defining Unicode char U+00CF (decimal 207)
   defining Unicode char U+00D0 (decimal 208)
   defining Unicode char U+00D1 (decimal 209)
   defining Unicode char U+00D2 (decimal 210)
   defining Unicode char U+00D3 (decimal 211)
   defining Unicode char U+00D4 (decimal 212)
   defining Unicode char U+00D5 (decimal 213)
   defining Unicode char U+00D6 (decimal 214)
   defining Unicode char U+00D8 (decimal 216)
   defining Unicode char U+00D9 (decimal 217)
   defining Unicode char U+00DA (decimal 218)
   defining Unicode char U+00DB (decimal 219)
   defining Unicode char U+00DC (decimal 220)
   defining Unicode char U+00DD (decimal 221)
   defining Unicode char U+00DE (decimal 222)
   defining Unicode char U+00DF (decimal 223)
   defining Unicode char U+00E0 (decimal 224)
   defining Unicode char U+00E1 (decimal 225)
   defining Unicode char U+00E2 (decimal 226)
   defining Unicode char U+00E3 (decimal 227)
   defining Unicode char U+00E4 (decimal 228)
   defining Unicode char U+00E5 (decimal 229)
   defining Unicode char U+00E6 (decimal 230)
   defining Unicode char U+00E7 (decimal 231)
   defining Unicode char U+00E8 (decimal 232)
   defining Unicode char U+00E9 (decimal 233)
   defining Unicode char U+00EA (decimal 234)
   defining Unicode char U+00EB (decimal 235)
   defining Unicode char U+00EC (decimal 236)
   defining Unicode char U+00ED (decimal 237)
   defining Unicode char U+00EE (decimal 238)
   defining Unicode char U+00EF (decimal 239)
   defining Unicode char U+00F0 (decimal 240)
   defining Unicode char U+00F1 (decimal 241)
   defining Unicode char U+00F2 (decimal 242)
   defining Unicode char U+00F3 (decimal 243)
   defining Unicode char U+00F4 (decimal 244)
   defining Unicode char U+00F5 (decimal 245)
   defining Unicode char U+00F6 (decimal 246)
   defining Unicode char U+00F8 (decimal 248)
   defining Unicode char U+00F9 (decimal 249)
   defining Unicode char U+00FA (decimal 250)
   defining Unicode char U+00FB (decimal 251)
   defining Unicode char U+00FC (decimal 252)
   defining Unicode char U+00FD (decimal 253)
   defining Unicode char U+00FE (decimal 254)
   defining Unicode char U+00FF (decimal 255)
   defining Unicode char U+0102 (decimal 258)
   defining Unicode char U+0103 (decimal 259)
   defining Unicode char U+0104 (decimal 260)
   defining Unicode char U+0105 (decimal 261)
   defining Unicode char U+0106 (decimal 262)
   defining Unicode char U+0107 (decimal 263)
   defining Unicode char U+010C (decimal 268)
   defining Unicode char U+010D (decimal 269)
   defining Unicode char U+010E (decimal 270)
   defining Unicode char U+010F (decimal 271)
   defining Unicode char U+0110 (decimal 272)
   defining Unicode char U+0111 (decimal 273)
   defining Unicode char U+0118 (decimal 280)
   defining Unicode char U+0119 (decimal 281)
   defining Unicode char U+011A (decimal 282)
   defining Unicode char U+011B (decimal 283)
   defining Unicode char U+011E (decimal 286)
   defining Unicode char U+011F (decimal 287)
   defining Unicode char U+0130 (decimal 304)
   defining Unicode char U+0131 (decimal 305)
   defining Unicode char U+0132 (decimal 306)
   defining Unicode char U+0133 (decimal 307)
   defining Unicode char U+0139 (decimal 313)
   defining Unicode char U+013A (decimal 314)
   defining Unicode char U+013D (decimal 317)
   defining Unicode char U+013E (decimal 318)
   defining Unicode char U+0141 (decimal 321)
   defining Unicode char U+0142 (decimal 322)
   defining Unicode char U+0143 (decimal 323)
   defining Unicode char U+0144 (decimal 324)
   defining Unicode char U+0147 (decimal 327)
   defining Unicode char U+0148 (decimal 328)
   defining Unicode char U+014A (decimal 330)
   defining Unicode char U+014B (decimal 331)
   defining Unicode char U+0150 (decimal 336)
   defining Unicode char U+0151 (decimal 337)
   defining Unicode char U+0152 (decimal 338)
   defining Unicode char U+0153 (decimal 339)
   defining Unicode char U+0154 (decimal 340)
   defining Unicode char U+0155 (decimal 341)
   defining Unicode char U+0158 (decimal 344)
   defining Unicode char U+0159 (decimal 345)
   defining Unicode char U+015A (decimal 346)
   defining Unicode char U+015B (decimal 347)
   defining Unicode char U+015E (decimal 350)
   defining Unicode char U+015F (decimal 351)
   defining Unicode char U+0160 (decimal 352)
   defining Unicode char U+0161 (decimal 353)
   defining Unicode char U+0162 (decimal 354)
   defining Unicode char U+0163 (decimal 355)
   defining Unicode char U+0164 (decimal 356)
   defining Unicode char U+0165 (decimal 357)
   defining Unicode char U+016E (decimal 366)
   defining Unicode char U+016F (decimal 367)
   defining Unicode char U+0170 (decimal 368)
   defining Unicode char U+0171 (decimal 369)
   defining Unicode char U+0178 (decimal 376)
   defining Unicode char U+0179 (decimal 377)
   defining Unicode char U+017A (decimal 378)
   defining Unicode char U+017B (decimal 379)
   defining Unicode char U+017C (decimal 380)
   defining Unicode char U+017D (decimal 381)
   defining Unicode char U+017E (decimal 382)
   defining Unicode char U+200C (decimal 8204)
   defining Unicode char U+2013 (decimal 8211)
   defining Unicode char U+2014 (decimal 8212)
   defining Unicode char U+2018 (decimal 8216)
   defining Unicode char U+2019 (decimal 8217)
   defining Unicode char U+201A (decimal 8218)
   defining Unicode char U+201C (decimal 8220)
   defining Unicode char U+201D (decimal 8221)
   defining Unicode char U+201E (decimal 8222)
   defining Unicode char U+2030 (decimal 8240)
   defining Unicode char U+2031 (decimal 8241)
   defining Unicode char U+2039 (decimal 8249)
   defining Unicode char U+203A (decimal 8250)
   defining Unicode char U+2423 (decimal 9251)
)
Now handling font encoding OT1 ...
... processing UTF-8 mapping file for font encoding OT1

(/usr/local/texlive/2011/texmf-dist/tex/latex/base/ot1enc.dfu
File: ot1enc.dfu 2008/04/05 v1.1m UTF-8 support for inputenc
   defining Unicode char U+00A1 (decimal 161)
   defining Unicode char U+00A3 (decimal 163)
   defining Unicode char U+00B8 (decimal 184)
   defining Unicode char U+00BF (decimal 191)
   defining Unicode char U+00C5 (decimal 197)
   defining Unicode char U+00C6 (decimal 198)
   defining Unicode char U+00D8 (decimal 216)
   defining Unicode char U+00DF (decimal 223)
   defining Unicode char U+00E6 (decimal 230)
   defining Unicode char U+00EC (decimal 236)
   defining Unicode char U+00ED (decimal 237)
   defining Unicode char U+00EE (decimal 238)
   defining Unicode char U+00EF (decimal 239)
   defining Unicode char U+00F8 (decimal 248)
   defining Unicode char U+0131 (decimal 305)
   defining Unicode char U+0141 (decimal 321)
   defining Unicode char U+0142 (decimal 322)
   defining Unicode char U+0152 (decimal 338)
   defining Unicode char U+0153 (decimal 339)
   defining Unicode char U+2013 (decimal 8211)
   defining Unicode char U+2014 (decimal 8212)
   defining Unicode char U+2018 (decimal 8216)
   defining Unicode char U+2019 (decimal 8217)
   defining Unicode char U+201C (decimal 8220)
   defining Unicode char U+201D (decimal 8221)
)
Now handling font encoding OMS ...
... processing UTF-8 mapping file for font encoding OMS

(/usr/local/texlive/2011/texmf-dist/tex/latex/base/omsenc.dfu
File: omsenc.dfu 2008/04/05 v1.1m UTF-8 support for inputenc
   defining Unicode char U+00A7 (decimal 167)
   defining Unicode char U+00B6 (decimal 182)
   defining Unicode char U+00B7 (decimal 183)
   defining Unicode char U+2020 (decimal 8224)
   defining Unicode char U+2021 (decimal 8225)
   defining Unicode char U+2022 (decimal 8226)
)
Now handling font encoding OMX ...
... no UTF-8 mapping file for font encoding OMX
Now handling font encoding U ...
... no UTF-8 mapping file for font encoding U
   defining Unicode char U+00A9 (decimal 169)
   defining Unicode char U+00AA (decimal 170)
   defining Unicode char U+00AE (decimal 174)
   defining Unicode char U+00BA (decimal 186)
   defining Unicode char U+02C6 (decimal 710)
   defining Unicode char U+02DC (decimal 732)
   defining Unicode char U+200C (decimal 8204)
   defining Unicode char U+2026 (decimal 8230)
   defining Unicode char U+2122 (decimal 8482)
   defining Unicode char U+2423 (decimal 9251)
))
(/usr/local/texlive/2011/texmf-dist/tex/latex/amsmath/amsmath.sty
Package: amsmath 2000/07/18 v2.13 AMS math features
\@mathmargin=\skip43

For additional information on amsmath, use the `?' option.
(/usr/local/texlive/2011/texmf-dist/tex/latex/amsmath/amstext.sty
Package: amstext 2000/06/29 v2.01

(/usr/local/texlive/2011/texmf-dist/tex/latex/amsmath/amsgen.sty
File: amsgen.sty 1999/11/30 v2.0
\@emptytoks=\toks16
\ex@=\dimen103
))
(/usr/local/texlive/2011/texmf-dist/tex/latex/amsmath/amsbsy.sty
Package: amsbsy 1999/11/29 v1.2d
\pmbraise@=\dimen104
)
(/usr/local/texlive/2011/texmf-dist/tex/latex/amsmath/amsopn.sty
Package: amsopn 1999/12/14 v2.01 operator names
)
\inf@bad=\count88
LaTeX Info: Redefining \frac on input line 211.
\uproot@=\count89
\leftroot@=\count90
LaTeX Info: Redefining \overline on input line 307.
\classnum@=\count91
\DOTSCASE@=\count92
LaTeX Info: Redefining \ldots on input line 379.
LaTeX Info: Redefining \dots on input line 382.
LaTeX Info: Redefining \cdots on input line 467.
\Mathstrutbox@=\box26
\strutbox@=\box27
\big@size=\dimen105
LaTeX Font Info:    Redeclaring font encoding OML on input line 567.
LaTeX Font Info:    Redeclaring font encoding OMS on input line 568.
\macc@depth=\count93
\c@MaxMatrixCols=\count94
\dotsspace@=\muskip10
\c@parentequation=\count95
\dspbrk@lvl=\count96
\tag@help=\toks17
\row@=\count97
\column@=\count98
\maxfields@=\count99
\andhelp@=\toks18
\eqnshift@=\dimen106
\alignsep@=\dimen107
\tagshift@=\dimen108
\tagwidth@=\dimen109
\totwidth@=\dimen110
\lineht@=\dimen111
\@envbody=\toks19
\multlinegap=\skip44
\multlinetaggap=\skip45
\mathdisplay@stack=\toks20
LaTeX Info: Redefining \[ on input line 2666.
LaTeX Info: Redefining \] on input line 2667.
)
(/usr/local/texlive/2011/texmf-dist/tex/latex/algorithm2e/algorithm2e.sty
Package: algorithm2e 2008/00/00 v3.10 algorithms environments
\c@AlgoLine=\count100

(/usr/local/texlive/2011/texmf-dist/tex/latex/base/ifthen.sty
Package: ifthen 2001/05/26 v1.1c Standard LaTeX ifthen package (DPC)
)
(/usr/local/texlive/2011/texmf-dist/tex/latex/tools/xspace.sty
Package: xspace 2006/05/08 v1.12 Space after command names (DPC,MH)
)
(/usr/local/texlive/2011/texmf-dist/tex/latex/relsize/relsize.sty
Package: relsize 2003/07/04 ver 3.1
)
********************************************************
Package `algorithm2e' Release 4.01 -- december 14 2009 --
- algorithm2e-announce@lirmm.fr mailing list for announcement about releases
- algorithm2e-discussion@lirmm.fr mailing list for discussion about package
subscribe by emailing sympa@lirmm.fr with 'subscribe <list> <firstname name>'
- Author: Christophe Fiorio (fiorio@lirmm.fr)
********************************************************
\skiptotal=\skip46
\skiplinenumber=\skip47
\skiprule=\skip48
\skiphlne=\skip49
\skiptext=\skip50
\skiplength=\skip51
\algomargin=\skip52
\skipalgocfslide=\skip53
\algowidth=\dimen112
\inoutsize=\dimen113
\inoutline=\dimen114
\interspacetitleruled=\dimen115
\interspacealgoruled=\dimen116
\interspacetitleboxruled=\dimen117
\algocf@inoutbox=\box28
\algocf@inputbox=\box29
\AlCapSkip=\skip54
\AlCapHSkip=\skip55
\algocf@nlbox=\box30
\algocf@hangingbox=\box31
\algocf@capbox=\box32
\algoheightruledefault=\skip56
\algoheightrule=\skip57
\algotitleheightruledefault=\skip58
\algotitleheightrule=\skip59
\c@algocfline=\count101
\c@algocfproc=\count102
\c@algocf=\count103
\algocf@algoframe=\box33
\algocf@algobox=\box34
) (/usr/local/texlive/2011/texmf-dist/tex/latex/amsfonts/amsfonts.sty
Package: amsfonts 2009/06/22 v3.00 Basic AMSFonts support
\symAMSa=\mathgroup4
\symAMSb=\mathgroup5
LaTeX Font Info:    Overwriting math alphabet `\mathfrak' in version `bold'
(Font)                  U/euf/m/n --> U/euf/b/n on input line 96.
)
(/usr/local/texlive/2011/texmf-dist/tex/latex/amsfonts/amssymb.sty
Package: amssymb 2009/06/22 v3.00
)
(/usr/local/texlive/2011/texmf-dist/tex/latex/graphics/graphicx.sty
Package: graphicx 1999/02/16 v1.0f Enhanced LaTeX Graphics (DPC,SPQR)

(/usr/local/texlive/2011/texmf-dist/tex/latex/graphics/keyval.sty
Package: keyval 1999/03/16 v1.13 key=value parser (DPC)
\KV@toks@=\toks21
)
(/usr/local/texlive/2011/texmf-dist/tex/latex/graphics/graphics.sty
Package: graphics 2009/02/05 v1.0o Standard LaTeX Graphics (DPC,SPQR)

(/usr/local/texlive/2011/texmf-dist/tex/latex/graphics/trig.sty
Package: trig 1999/03/16 v1.09 sin cos tan (DPC)
)
(/usr/local/texlive/2011/texmf-dist/tex/latex/latexconfig/graphics.cfg
File: graphics.cfg 2010/04/23 v1.9 graphics configuration of TeX Live
)
Package graphics Info: Driver file: pdftex.def on input line 91.

(/usr/local/texlive/2011/texmf-dist/tex/latex/pdftex-def/pdftex.def
File: pdftex.def 2011/05/27 v0.06d Graphics/color for pdfTeX

(/usr/local/texlive/2011/texmf-dist/tex/generic/oberdiek/infwarerr.sty
Package: infwarerr 2010/04/08 v1.3 Providing info/warning/message (HO)
)
(/usr/local/texlive/2011/texmf-dist/tex/generic/oberdiek/ltxcmds.sty
Package: ltxcmds 2011/04/18 v1.20 LaTeX kernel commands for general use (HO)
)
\Gread@gobject=\count104
))
\Gin@req@height=\dimen118
\Gin@req@width=\dimen119
)
(/usr/local/texlive/2011/texmf-dist/tex/latex/natbib/natbib.sty
Package: natbib 2010/09/13 8.31b (PWD, AO)
\bibhang=\skip60
\bibsep=\skip61
LaTeX Info: Redefining \cite on input line 694.
\c@NAT@ctr=\count105
)
(/usr/local/texlive/2011/texmf-dist/tex/latex/listings/listings.sty
\lst@mode=\count106
\lst@gtempboxa=\box35
\lst@token=\toks22
\lst@length=\count107
\lst@currlwidth=\dimen120
\lst@column=\count108
\lst@pos=\count109
\lst@lostspace=\dimen121
\lst@width=\dimen122
\lst@newlines=\count110
\lst@lineno=\count111
\lst@maxwidth=\dimen123

(/usr/local/texlive/2011/texmf-dist/tex/latex/listings/lstmisc.sty
File: lstmisc.sty 2007/02/22 1.4 (Carsten Heinz)
\c@lstnumber=\count112
\lst@skipnumbers=\count113
\lst@framebox=\box36
)
(/usr/local/texlive/2011/texmf-dist/tex/latex/listings/listings.cfg
File: listings.cfg 2007/02/22 1.4 listings configuration
))
Package: listings 2007/02/22 1.4 (Carsten Heinz)

(/usr/local/texlive/2011/texmf-dist/tex/latex/graphics/color.sty
Package: color 2005/11/14 v1.0j Standard LaTeX Color (DPC)

(/usr/local/texlive/2011/texmf-dist/tex/latex/latexconfig/color.cfg
File: color.cfg 2007/01/18 v1.5 color configuration of teTeX/TeXLive
)
Package color Info: Driver file: pdftex.def on input line 130.
)
(/usr/local/texlive/2011/texmf-dist/tex/latex/base/textcomp.sty
Package: textcomp 2005/09/27 v1.99g Standard LaTeX package
Package textcomp Info: Sub-encoding information:
(textcomp)               5 = only ISO-Adobe without \textcurrency
(textcomp)               4 = 5 + \texteuro
(textcomp)               3 = 4 + \textohm
(textcomp)               2 = 3 + \textestimated + \textcurrency
(textcomp)               1 = TS1 - \textcircled - \t
(textcomp)               0 = TS1 (full)
(textcomp)             Font families with sub-encoding setting implement
(textcomp)             only a restricted character set as indicated.
(textcomp)             Family '?' is the default used for unknown fonts.
(textcomp)             See the documentation for details.
Package textcomp Info: Setting ? sub-encoding to TS1/1 on input line 71.

(/usr/local/texlive/2011/texmf-dist/tex/latex/base/ts1enc.def
File: ts1enc.def 2001/06/05 v3.0e (jk/car/fm) Standard LaTeX file
Now handling font encoding TS1 ...
... processing UTF-8 mapping file for font encoding TS1

(/usr/local/texlive/2011/texmf-dist/tex/latex/base/ts1enc.dfu
File: ts1enc.dfu 2008/04/05 v1.1m UTF-8 support for inputenc
   defining Unicode char U+00A2 (decimal 162)
   defining Unicode char U+00A3 (decimal 163)
   defining Unicode char U+00A4 (decimal 164)
   defining Unicode char U+00A5 (decimal 165)
   defining Unicode char U+00A6 (decimal 166)
   defining Unicode char U+00A7 (decimal 167)
   defining Unicode char U+00A8 (decimal 168)
   defining Unicode char U+00A9 (decimal 169)
   defining Unicode char U+00AA (decimal 170)
   defining Unicode char U+00AC (decimal 172)
   defining Unicode char U+00AE (decimal 174)
   defining Unicode char U+00AF (decimal 175)
   defining Unicode char U+00B0 (decimal 176)
   defining Unicode char U+00B1 (decimal 177)
   defining Unicode char U+00B2 (decimal 178)
   defining Unicode char U+00B3 (decimal 179)
   defining Unicode char U+00B4 (decimal 180)
   defining Unicode char U+00B5 (decimal 181)
   defining Unicode char U+00B6 (decimal 182)
   defining Unicode char U+00B7 (decimal 183)
   defining Unicode char U+00B9 (decimal 185)
   defining Unicode char U+00BA (decimal 186)
   defining Unicode char U+00BC (decimal 188)
   defining Unicode char U+00BD (decimal 189)
   defining Unicode char U+00BE (decimal 190)
   defining Unicode char U+00D7 (decimal 215)
   defining Unicode char U+00F7 (decimal 247)
   defining Unicode char U+0192 (decimal 402)
   defining Unicode char U+02C7 (decimal 711)
   defining Unicode char U+02D8 (decimal 728)
   defining Unicode char U+02DD (decimal 733)
   defining Unicode char U+0E3F (decimal 3647)
   defining Unicode char U+2016 (decimal 8214)
   defining Unicode char U+2020 (decimal 8224)
   defining Unicode char U+2021 (decimal 8225)
   defining Unicode char U+2022 (decimal 8226)
   defining Unicode char U+2030 (decimal 8240)
   defining Unicode char U+2031 (decimal 8241)
   defining Unicode char U+203B (decimal 8251)
   defining Unicode char U+203D (decimal 8253)
   defining Unicode char U+2044 (decimal 8260)
   defining Unicode char U+204E (decimal 8270)
   defining Unicode char U+2052 (decimal 8274)
   defining Unicode char U+20A1 (decimal 8353)
   defining Unicode char U+20A4 (decimal 8356)
   defining Unicode char U+20A6 (decimal 8358)
   defining Unicode char U+20A9 (decimal 8361)
   defining Unicode char U+20AB (decimal 8363)
   defining Unicode char U+20AC (decimal 8364)
   defining Unicode char U+20B1 (decimal 8369)
   defining Unicode char U+2103 (decimal 8451)
   defining Unicode char U+2116 (decimal 8470)
   defining Unicode char U+2117 (decimal 8471)
   defining Unicode char U+211E (decimal 8478)
   defining Unicode char U+2120 (decimal 8480)
   defining Unicode char U+2122 (decimal 8482)
   defining Unicode char U+2126 (decimal 8486)
   defining Unicode char U+2127 (decimal 8487)
   defining Unicode char U+212E (decimal 8494)
   defining Unicode char U+2190 (decimal 8592)
   defining Unicode char U+2191 (decimal 8593)
   defining Unicode char U+2192 (decimal 8594)
   defining Unicode char U+2193 (decimal 8595)
   defining Unicode char U+2329 (decimal 9001)
   defining Unicode char U+232A (decimal 9002)
   defining Unicode char U+2422 (decimal 9250)
   defining Unicode char U+25E6 (decimal 9702)
   defining Unicode char U+25EF (decimal 9711)
   defining Unicode char U+266A (decimal 9834)
))
LaTeX Info: Redefining \oldstylenums on input line 266.
Package textcomp Info: Setting cmr sub-encoding to TS1/0 on input line 281.
Package textcomp Info: Setting cmss sub-encoding to TS1/0 on input line 282.
Package textcomp Info: Setting cmtt sub-encoding to TS1/0 on input line 283.
Package textcomp Info: Setting cmvtt sub-encoding to TS1/0 on input line 284.
Package textcomp Info: Setting cmbr sub-encoding to TS1/0 on input line 285.
Package textcomp Info: Setting cmtl sub-encoding to TS1/0 on input line 286.
Package textcomp Info: Setting ccr sub-encoding to TS1/0 on input line 287.
Package textcomp Info: Setting ptm sub-encoding to TS1/4 on input line 288.
Package textcomp Info: Setting pcr sub-encoding to TS1/4 on input line 289.
Package textcomp Info: Setting phv sub-encoding to TS1/4 on input line 290.
Package textcomp Info: Setting ppl sub-encoding to TS1/3 on input line 291.
Package textcomp Info: Setting pag sub-encoding to TS1/4 on input line 292.
Package textcomp Info: Setting pbk sub-encoding to TS1/4 on input line 293.
Package textcomp Info: Setting pnc sub-encoding to TS1/4 on input line 294.
Package textcomp Info: Setting pzc sub-encoding to TS1/4 on input line 295.
Package textcomp Info: Setting bch sub-encoding to TS1/4 on input line 296.
Package textcomp Info: Setting put sub-encoding to TS1/5 on input line 297.
Package textcomp Info: Setting uag sub-encoding to TS1/5 on input line 298.
Package textcomp Info: Setting ugq sub-encoding to TS1/5 on input line 299.
Package textcomp Info: Setting ul8 sub-encoding to TS1/4 on input line 300.
Package textcomp Info: Setting ul9 sub-encoding to TS1/4 on input line 301.
Package textcomp Info: Setting augie sub-encoding to TS1/5 on input line 302.
Package textcomp Info: Setting dayrom sub-encoding to TS1/3 on input line 303.
Package textcomp Info: Setting dayroms sub-encoding to TS1/3 on input line 304.

Package textcomp Info: Setting pxr sub-encoding to TS1/0 on input line 305.
Package textcomp Info: Setting pxss sub-encoding to TS1/0 on input line 306.
Package textcomp Info: Setting pxtt sub-encoding to TS1/0 on input line 307.
Package textcomp Info: Setting txr sub-encoding to TS1/0 on input line 308.
Package textcomp Info: Setting txss sub-encoding to TS1/0 on input line 309.
Package textcomp Info: Setting txtt sub-encoding to TS1/0 on input line 310.
Package textcomp Info: Setting futs sub-encoding to TS1/4 on input line 311.
Package textcomp Info: Setting futx sub-encoding to TS1/4 on input line 312.
Package textcomp Info: Setting futj sub-encoding to TS1/4 on input line 313.
Package textcomp Info: Setting hlh sub-encoding to TS1/3 on input line 314.
Package textcomp Info: Setting hls sub-encoding to TS1/3 on input line 315.
Package textcomp Info: Setting hlst sub-encoding to TS1/3 on input line 316.
Package textcomp Info: Setting hlct sub-encoding to TS1/5 on input line 317.
Package textcomp Info: Setting hlx sub-encoding to TS1/5 on input line 318.
Package textcomp Info: Setting hlce sub-encoding to TS1/5 on input line 319.
Package textcomp Info: Setting hlcn sub-encoding to TS1/5 on input line 320.
Package textcomp Info: Setting hlcw sub-encoding to TS1/5 on input line 321.
Package textcomp Info: Setting hlcf sub-encoding to TS1/5 on input line 322.
Package textcomp Info: Setting pplx sub-encoding to TS1/3 on input line 323.
Package textcomp Info: Setting pplj sub-encoding to TS1/3 on input line 324.
Package textcomp Info: Setting ptmx sub-encoding to TS1/4 on input line 325.
Package textcomp Info: Setting ptmj sub-encoding to TS1/4 on input line 326.
)
(/usr/local/texlive/2011/texmf-dist/tex/latex/multirow/multirow.sty
\bigstrutjot=\dimen124
)
(/usr/local/texlive/2011/texmf-dist/tex/latex/listings/lstlang1.sty
File: lstlang1.sty 2004/09/05 1.3 listings language file
) (./DSA.aux

LaTeX Warning: Label `LegendObjectProperties' multiply defined.

)
\openout1 = `DSA.aux'.

LaTeX Font Info:    Checking defaults for OML/cmm/m/it on input line 39.
LaTeX Font Info:    ... okay on input line 39.
LaTeX Font Info:    Checking defaults for T1/cmr/m/n on input line 39.
LaTeX Font Info:    ... okay on input line 39.
LaTeX Font Info:    Checking defaults for OT1/cmr/m/n on input line 39.
LaTeX Font Info:    ... okay on input line 39.
LaTeX Font Info:    Checking defaults for OMS/cmsy/m/n on input line 39.
LaTeX Font Info:    ... okay on input line 39.
LaTeX Font Info:    Checking defaults for OMX/cmex/m/n on input line 39.
LaTeX Font Info:    ... okay on input line 39.
LaTeX Font Info:    Checking defaults for U/cmr/m/n on input line 39.
LaTeX Font Info:    ... okay on input line 39.
LaTeX Font Info:    Checking defaults for TS1/cmr/m/n on input line 39.
LaTeX Font Info:    Try loading font information for TS1+cmr on input line 39.
 (/usr/local/texlive/2011/texmf-dist/tex/latex/base/ts1cmr.fd
File: ts1cmr.fd 1999/05/25 v2.5h Standard LaTeX font definitions
)
LaTeX Font Info:    ... okay on input line 39.

(/usr/local/texlive/2011/texmf-dist/tex/context/base/supp-pdf.mkii
[Loading MPS to PDF converter (version 2006.09.02).]
\scratchcounter=\count114
\scratchdimen=\dimen125
\scratchbox=\box37
\nofMPsegments=\count115
\nofMParguments=\count116
\everyMPshowfont=\toks23
\MPscratchCnt=\count117
\MPscratchDim=\dimen126
\MPnumerator=\count118
\makeMPintoPDFobject=\count119
\everyMPtoPDFconversion=\toks24
) (/usr/local/texlive/2011/texmf-dist/tex/generic/oberdiek/pdftexcmds.sty
Package: pdftexcmds 2011/04/22 v0.16 Utilities of pdfTeX for LuaTeX (HO)

(/usr/local/texlive/2011/texmf-dist/tex/generic/oberdiek/ifluatex.sty
Package: ifluatex 2010/03/01 v1.3 Provides the ifluatex switch (HO)
Package ifluatex Info: LuaTeX not detected.
)
(/usr/local/texlive/2011/texmf-dist/tex/generic/oberdiek/ifpdf.sty
Package: ifpdf 2011/01/30 v2.3 Provides the ifpdf switch (HO)
Package ifpdf Info: pdfTeX in PDF mode is detected.
)
Package pdftexcmds Info: LuaTeX not detected.
Package pdftexcmds Info: \pdf@primitive is available.
Package pdftexcmds Info: \pdf@ifprimitive is available.
Package pdftexcmds Info: \pdfdraftmode found.
)
(/usr/local/texlive/2011/texmf-dist/tex/latex/oberdiek/epstopdf-base.sty
Package: epstopdf-base 2010/02/09 v2.5 Base part for package epstopdf

(/usr/local/texlive/2011/texmf-dist/tex/latex/oberdiek/grfext.sty
Package: grfext 2010/08/19 v1.1 Managing graphics extensions (HO)

(/usr/local/texlive/2011/texmf-dist/tex/generic/oberdiek/kvdefinekeys.sty
Package: kvdefinekeys 2011/04/07 v1.3 Defining keys (HO)
))
(/usr/local/texlive/2011/texmf-dist/tex/latex/oberdiek/kvoptions.sty
Package: kvoptions 2010/12/23 v3.10 Keyval support for LaTeX options (HO)

(/usr/local/texlive/2011/texmf-dist/tex/generic/oberdiek/kvsetkeys.sty
Package: kvsetkeys 2011/04/07 v1.13 Key value parser (HO)

(/usr/local/texlive/2011/texmf-dist/tex/generic/oberdiek/etexcmds.sty
Package: etexcmds 2011/02/16 v1.5 Prefix for e-TeX command names (HO)
Package etexcmds Info: Could not find \expanded.
(etexcmds)             That can mean that you are not using pdfTeX 1.50 or
(etexcmds)             that some package has redefined \expanded.
(etexcmds)             In the latter case, load this package earlier.
)))
Package grfext Info: Graphics extension search list:
(grfext)             [.png,.pdf,.jpg,.mps,.jpeg,.jbig2,.jb2,.PNG,.PDF,.JPG,.JPE
G,.JBIG2,.JB2,.eps]
(grfext)             \AppendGraphicsExtensions on input line 452.

(/usr/local/texlive/2011/texmf-dist/tex/latex/latexconfig/epstopdf-sys.cfg
File: epstopdf-sys.cfg 2010/07/13 v1.3 Configuration of (r)epstopdf for TeX Liv
e
))
\c@lstlisting=\count120

Underfull \hbox (badness 10000) in paragraph at lines 41--44

 []


Underfull \hbox (badness 10000) in paragraph at lines 56--60

 []

[1


{/usr/local/texlive/2011/texmf-var/fonts/map/pdftex/updmap/pdftex.map}]
[2

] (./DSA.toc
LaTeX Font Info:    Try loading font information for U+msa on input line 3.
 (/usr/local/texlive/2011/texmf-dist/tex/latex/amsfonts/umsa.fd
File: umsa.fd 2009/06/22 v3.00 AMS symbols A
)
LaTeX Font Info:    Try loading font information for U+msb on input line 3.

(/usr/local/texlive/2011/texmf-dist/tex/latex/amsfonts/umsb.fd
File: umsb.fd 2009/06/22 v3.00 AMS symbols B
) [3] [4]
[5] [6])
\tf@toc=\write3
\openout3 = `DSA.toc'.

 [7] [8

] (./DSA.lof)
\tf@lof=\write4
\openout4 = `DSA.lof'.

 [9] [10

] (./DSA.lot)
\tf@lot=\write5
\openout5 = `DSA.lot'.

 [11] [12

] (./DSA.loa)
\tf@loa=\write6
\openout6 = `DSA.loa'.


[13] [14

] [15] [16]
Chapter 1.
[17

] [18] [19]
Underfull \vbox (badness 2435) has occurred while \output is active []

 [20]
Overfull \hbox (8.38614pt too wide) in paragraph at lines 127--128
[]\OT1/cmr/m/n/12 Some (cor-rectly) con-sider op-er-a-tor over-load-ing to be m
ere syn-tac-tic "sugar"
 []

[21] [22] [23] [24] [25] [26]
Overfull \hbox (8.09776pt too wide) in paragraph at lines 187--187
[]\OT1/cmr/bx/n/17.28 Comparing based on Per-for-mance and Op-
 []


Overfull \hbox (5.9363pt too wide) has occurred while \output is active
\OT1/cmr/m/sl/12 1.2.  COMPARING BASED ON PERFORMANCE AND OPTIMIZATION \OT1/cmr
/m/n/12 27
 []

[27]
Overfull \hbox (1.53204pt too wide) in paragraph at lines 193--195
\OT1/cmr/m/n/12 com-pass-ing strong typ-ing, im-per-a-tive, declar-a-tive, func
-tional, generic, object-
 []

[28]
Overfull \hbox (5.52577pt too wide) in paragraph at lines 210--210
[]\OT1/cmr/bx/n/17.28 Teach Your-self Pro-gram-ming in Ten Years 
 []

[29] [30]
Chapter 2.
LaTeX Font Info:    Try loading font information for OMS+cmr on input line 232.

(/usr/local/texlive/2011/texmf-dist/tex/latex/base/omscmr.fd
File: omscmr.fd 1999/05/25 v2.5h Standard LaTeX font definitions
)
LaTeX Font Info:    Font shape `OMS/cmr/m/n' in size <8> not available
(Font)              Font shape `OMS/cmsy/m/n' tried instead on input line 232.
 [31

] [32]
[33]
Overfull \hbox (53.23782pt too wide) in paragraph at lines 295--297
\OT1/cmr/m/n/12 This means that \OT1/cmtt/m/n/12 ProfessorHaitham \OT1/cmr/m/n/
12 must pro-vide a def-i-ni-tion of the \OT1/cmtt/m/n/12 FavouriteBrowser
 []


Overfull \hbox (2.95656pt too wide) in paragraph at lines 318--319
\OT1/cmr/m/n/12 The enum val-ues can be re-ferred to in code us-ing \OT1/cmtt/m
/n/12 CoursesITeach.DataStruct 
 []

[34]
Underfull \vbox (badness 10000) has occurred while \output is active []

 [35]
[36] [37]
LaTeX Font Info:    Try loading font information for OML+cmr on input line 397.

 (/usr/local/texlive/2011/texmf-dist/tex/latex/base/omlcmr.fd
File: omlcmr.fd 1999/05/25 v2.5h Standard LaTeX font definitions
)
LaTeX Font Info:    Font shape `OML/cmr/m/n' in size <8> not available
(Font)              Font shape `OML/cmm/m/it' tried instead on input line 397.

[38] [39]
Underfull \vbox (badness 2547) has occurred while \output is active []

 [40]
[41] [42

] [43] [44]
Chapter 3.
[45

] <Array.png, id=158, 351.3125pt x 61.22874pt>
File: Array.png Graphic file (type png)
 <use Array.png>
Package pdftex.def Info: Array.png used on input line 522.
(pdftex.def)             Requested size: 263.48372pt x 45.92143pt.
 [46 <./Array.png>]
Underfull \vbox (badness 10000) has occurred while \output is active []

 [47]
<LinearList.png, id=165, 250.9375pt x 56.21pt>
File: LinearList.png Graphic file (type png)
 <use LinearList.png>
Package pdftex.def Info: LinearList.png used on input line 599.
(pdftex.def)             Requested size: 188.20265pt x 42.15738pt.
 [48]
<StackOperations.png, id=169, 318.18875pt x 109.40875pt>
File: StackOperations.png Graphic file (type png)

<use StackOperations.png>
Package pdftex.def Info: StackOperations.png used on input line 613.
(pdftex.def)             Requested size: 238.64096pt x 82.05634pt.

<QueueOperations.png, id=170, 250.9375pt x 137.51375pt>
File: QueueOperations.png Graphic file (type png)

<use QueueOperations.png>
Package pdftex.def Info: QueueOperations.png used on input line 622.
(pdftex.def)             Requested size: 188.20265pt x 103.13506pt.
 [49 <./LinearList.png>]
<ARecordToBeHashed.png, id=175, 184.69pt x 133.49875pt>
File: ARecordToBeHashed.png Graphic file (type png)

<use ARecordToBeHashed.png>
Package pdftex.def Info: ARecordToBeHashed.png used on input line 632.
(pdftex.def)             Requested size: 138.51714pt x 100.1238pt.
 [50 <./StackOperations.png> <./QueueOperations.png>] <ATreeCollection.png, id=
180, 420.57124pt x 231.86626pt>
File: ATreeCollection.png Graphic file (type png)

<use ATreeCollection.png>
Package pdftex.def Info: ATreeCollection.png used on input line 646.
(pdftex.def)             Requested size: 315.42766pt x 173.89925pt.
 [51 <./ARecordToBeHashed.png>]
<SetCollectionOperations.png, id=186, 428.60126pt x 134.5025pt>
File: SetCollectionOperations.png Graphic file (type png)

<use SetCollectionOperations.png>
Package pdftex.def Info: SetCollectionOperations.png used on input line 655.
(pdftex.def)             Requested size: 321.45015pt x 100.8766pt.

<TravelingSalesmanProblem.png, id=187, 457.71pt x 153.57375pt>
File: TravelingSalesmanProblem.png Graphic file (type png)

<use TravelingSalesmanProblem.png>
Package pdftex.def Info: TravelingSalesmanProblem.png used on input line 663.
(pdftex.def)             Requested size: 343.28166pt x 115.18002pt.

<NetworkCollection.png, id=188, 251.94125pt x 143.53625pt>
File: NetworkCollection.png Graphic file (type png)

<use NetworkCollection.png>
Package pdftex.def Info: NetworkCollection.png used on input line 671.
(pdftex.def)             Requested size: 188.95546pt x 107.65192pt.
 [52 <./ATreeCollection.png> <./SetCollectionOperations.png>]
Underfull \vbox (badness 3838) has occurred while \output is active []

 [53 <./TravelingSalesmanProblem.png> <./NetworkCollection.png>]
Overfull \hbox (2.79291pt too wide) in paragraph at lines 679--679
[]\OT1/cmr/bx/n/14.4 Collection Class Im-ple-men-ta-tion Us-ing Ar-rayList 
 []


Underfull \vbox (badness 2119) has occurred while \output is active []

 [54]
[55] [56] [57]

Package natbib Warning: Citation `benchmarking-wikipedia' on page 58 undefined 
on input line 820.

[58]
Underfull \vbox (badness 4967) has occurred while \output is active []

 [59]
[60] [61] [62] [63] [64] [65] [66]
Chapter 4.

Underfull \vbox (badness 4954) has occurred while \output is active []

 [67

]
[68] [69]
Underfull \hbox (badness 10000) in paragraph at lines 1117--1127

 []

[70] [71]
Overfull \hbox (11.3752pt too wide) in paragraph at lines 1172--1183
\OT1/cmtt/m/n/12 int sales[,] = new int[12,30]; ' Sales for each day of each mo
nth
 []

[72]
Underfull \vbox (badness 10000) has occurred while \output is active []

 [73]
[74] [75] [76] [77] <CLR-Value.png, id=272, 803.0pt x 393.47pt>
File: CLR-Value.png Graphic file (type png)

<use CLR-Value.png>
Package pdftex.def Info: CLR-Value.png used on input line 1318.
(pdftex.def)             Requested size: 401.49902pt x 196.73451pt.

Overfull \hbox (11.49902pt too wide) in paragraph at lines 1318--1319
 [] 
 []

<CLR-Value2.png, id=273, 803.0pt x 335.2525pt>
File: CLR-Value2.png Graphic file (type png)
 <use CLR-Value2.png>
Package pdftex.def Info: CLR-Value2.png used on input line 1326.
(pdftex.def)             Requested size: 401.49902pt x 167.62584pt.

Overfull \hbox (11.49902pt too wide) in paragraph at lines 1326--1327
 [] 
 []

[78 <./CLR-Value.png (PNG copy)>]
<CLR-Value3.png, id=277, 803.0pt x 443.6575pt>
File: CLR-Value3.png Graphic file (type png)
 <use CLR-Value3.png>
Package pdftex.def Info: CLR-Value3.png used on input line 1335.
(pdftex.def)             Requested size: 401.49902pt x 221.8282pt.

Overfull \hbox (11.49902pt too wide) in paragraph at lines 1335--1336
 [] 
 []

[79 <./CLR-Value2.png (PNG copy)>] [80 <./CLR-Value3.png (PNG copy)>] [81]
[82

]
Chapter 5.
<Stack.png, id=291, 612.2875pt x 231.86626pt>
File: Stack.png Graphic file (type png)
 <use Stack.png>
Package pdftex.def Info: Stack.png used on input line 1362.
(pdftex.def)             Requested size: 306.143pt x 115.93283pt.
 [83] [84 <./Stack.png>] [85] [86] [87] [88] [89] [90]
Overfull \hbox (9.37643pt too wide) in paragraph at lines 1580--1581
[]\OT1/cmr/m/n/12 GetEnumerator: Re-turns an enu-mer-a-tor that it-er-ates thro
ugh the Queue. 
 []

[91] [92] [93] [94] <ArrayList-1.png, id=331, 451.6875pt x 99.37125pt>
File: ArrayList-1.png Graphic file (type png)

<use ArrayList-1.png>
Package pdftex.def Info: ArrayList-1.png used on input line 1700.
(pdftex.def)             Requested size: 338.76479pt x 74.52824pt.
 <ArrayList-2.png, id=332, 451.6875pt x 99.37125pt>
File: ArrayList-2.png Graphic file (type png)

<use ArrayList-2.png>
Package pdftex.def Info: ArrayList-2.png used on input line 1708.
(pdftex.def)             Requested size: 338.76479pt x 74.52824pt.
 <ArrayList-3.png, id=333, 451.6875pt x 136.51pt>
File: ArrayList-3.png Graphic file (type png)

<use ArrayList-3.png>
Package pdftex.def Info: ArrayList-3.png used on input line 1716.
(pdftex.def)             Requested size: 338.76479pt x 102.38223pt.
 <CircularArray.png, id=334, 451.6875pt x 370.38374pt>
File: CircularArray.png Graphic file (type png)

<use CircularArray.png>
Package pdftex.def Info: CircularArray.png used on input line 1724.
(pdftex.def)             Requested size: 338.76479pt x 277.78711pt.
 [95 <./ArrayList-1.png (PNG copy)>] [96 <./ArrayList-2.png (PNG copy)> <./Arra
yList-3.png (PNG copy)>]
Underfull \vbox (badness 3557) has occurred while \output is active []

 [97 <./CircularArray.png (PNG copy)>]
<QueueOperations-.png, id=345, 303.1325pt x 263.98625pt>
File: QueueOperations-.png Graphic file (type png)

<use QueueOperations-.png>
Package pdftex.def Info: QueueOperations-.png used on input line 1743.
(pdftex.def)             Requested size: 227.34882pt x 197.9892pt.
 [98] [99 <./QueueOperations-.png>]
Underfull \vbox (badness 10000) has occurred while \output is active []

 [100]
Underfull \vbox (badness 2393) has occurred while \output is active []

 [101]
[102] [103] [104]
Chapter 6.
[105

]
Overfull \hbox (62.5551pt too wide) has occurred while \output is active
\OT1/cmr/m/n/12 106 \OT1/cmr/m/sl/12 CHAPTER 6.  STRING CLASS, STRING BUILDER, 
AND PATTERN MATCHING
 []

[106] [107]
Overfull \hbox (62.5551pt too wide) has occurred while \output is active
\OT1/cmr/m/n/12 108 \OT1/cmr/m/sl/12 CHAPTER 6.  STRING CLASS, STRING BUILDER, 
AND PATTERN MATCHING
 []

[108]
Overfull \hbox (5.2002pt too wide) in paragraph at lines 2046--2050
\OT1/cmtt/m/n/12 "Haitham, El-Ghareeb, Information Systems Department, Faculty 
of
 []


Overfull \hbox (36.07521pt too wide) in paragraph at lines 2046--2050
\OT1/cmtt/m/n/12 Computers and Information Sciences, Mansoura University, Egypt
,35516" 
 []

[109]
Overfull \hbox (5.8584pt too wide) in paragraph at lines 2068--2069
\OT1/cmr/m/n/12 Com-put-ers and In-for-ma-tion Sci-ences, Man-soura Uni-ver-sit
y, Egypt,35516 
 []


Overfull \hbox (62.5551pt too wide) has occurred while \output is active
\OT1/cmr/m/n/12 110 \OT1/cmr/m/sl/12 CHAPTER 6.  STRING CLASS, STRING BUILDER, 
AND PATTERN MATCHING
 []

[110] [111]
Overfull \hbox (62.5551pt too wide) has occurred while \output is active
\OT1/cmr/m/n/12 112 \OT1/cmr/m/sl/12 CHAPTER 6.  STRING CLASS, STRING BUILDER, 
AND PATTERN MATCHING
 []

[112] [113]
Overfull \hbox (26.36472pt too wide) in paragraph at lines 2190--2193
\OT1/cmr/m/n/12 The out-put is \OT1/cmtt/m/n/12 Hello, Ahmed. Welcome to Data S
tructures and Algorithms
 []


Overfull \hbox (62.5551pt too wide) has occurred while \output is active
\OT1/cmr/m/n/12 114 \OT1/cmr/m/sl/12 CHAPTER 6.  STRING CLASS, STRING BUILDER, 
AND PATTERN MATCHING
 []

[114] [115]
Overfull \hbox (62.5551pt too wide) has occurred while \output is active
\OT1/cmr/m/n/12 116 \OT1/cmr/m/sl/12 CHAPTER 6.  STRING CLASS, STRING BUILDER, 
AND PATTERN MATCHING
 []

[116] [117]
Overfull \hbox (62.5551pt too wide) has occurred while \output is active
\OT1/cmr/m/n/12 118 \OT1/cmr/m/sl/12 CHAPTER 6.  STRING CLASS, STRING BUILDER, 
AND PATTERN MATCHING
 []

[118] [119]
Underfull \vbox (badness 2351) has occurred while \output is active []


Overfull \hbox (62.5551pt too wide) has occurred while \output is active
\OT1/cmr/m/n/12 120 \OT1/cmr/m/sl/12 CHAPTER 6.  STRING CLASS, STRING BUILDER, 
AND PATTERN MATCHING
 []

[120] [121]
Overfull \hbox (62.5551pt too wide) has occurred while \output is active
\OT1/cmr/m/n/12 122 \OT1/cmr/m/sl/12 CHAPTER 6.  STRING CLASS, STRING BUILDER, 
AND PATTERN MATCHING
 []

[122] [123]
Overfull \hbox (62.5551pt too wide) has occurred while \output is active
\OT1/cmr/m/n/12 124 \OT1/cmr/m/sl/12 CHAPTER 6.  STRING CLASS, STRING BUILDER, 
AND PATTERN MATCHING
 []

[124] [125

] [126]
Chapter 7.
[127

] (/usr/local/texlive/2011/texmf-dist/tex/latex/listings/lstlang1.sty
File: lstlang1.sty 2004/09/05 1.3 listings language file
)
[128] [129] [130] [131] [132] [133] [134] [135] [136] [137] [138]
Overfull \hbox (445.26242pt too wide) in paragraph at lines 2933--2934
[][][] 
 []

[139] [140] [141] [142] [143] [144] [145] [146] [147]
Overfull \hbox (155.81644pt too wide) in paragraph at lines 3258--3268
\OT1/cmr/m/n/12 en-cod-ing al-go-rithm is sim-ple:  $[]$ 
 []

[148] [149] [150

]
Chapter 8.
[151] [152] [153] <IronPythonEngine.png, id=525, 471.7625pt x 395.4775pt>
File: IronPythonEngine.png Graphic file (type png)

<use IronPythonEngine.png>
Package pdftex.def Info: IronPythonEngine.png used on input line 3349.
(pdftex.def)             Requested size: 353.821pt x 296.60739pt.
 [154 <./IronPythonEngine.png>]
Overfull \hbox (0.62744pt too wide) in paragraph at lines 3391--3392
\OT1/cmr/m/n/12 IronPython is a full im-ple-men-ta-tion of Python. If you've al
-ready pro-grammed
 []

[155]
Underfull \hbox (badness 10000) in paragraph at lines 3415--3415
[]\OT1/cmr/m/n/12 System.Threading
 []


Overfull \hbox (8.28355pt too wide) in paragraph at lines 3416--3416
[]\OT1/cmr/m/n/12 System.Windows.Forms| 
 []


Overfull \hbox (32.33858pt too wide) in paragraph at lines 3395--3420
[][] 
 []

[156] [157] [158

]
Chapter 9.
[159] [160]
Chapter 10.
[161

] [162

] [163] [164]
Chapter 11.
[165

] [166

]
Chapter 12.

Package natbib Warning: Citation `doyle2007c' on page 167 undefined on input li
ne 3437.


Package natbib Warning: Citation `harris2009pro' on page 167 undefined on input
 line 3439.


Package natbib Warning: Citation `mueller2010professional' on page 167 undefine
d on input line 3440.

(./DSA.bbl [167] [168

])

Package natbib Warning: There were undefined citations.

[169] (./DSA.aux)

LaTeX Warning: There were multiply-defined labels.

 ) 
Here is how much of TeX's memory you used:
 7100 strings out of 493633
 93575 string characters out of 3143378
 365651 words of memory out of 3000000
 10257 multiletter control sequences out of 15000+200000
 13123 words of font info for 49 fonts, out of 3000000 for 9000
 831 hyphenation exceptions out of 8191
 38i,10n,40p,2709b,1648s stack positions out of 5000i,500n,10000p,200000b,50000s
{/usr/local/texlive/2011/texmf-dist/fonts/enc/dvips/cm-super/cm-super-ts1.enc
}</usr/local/texlive/2011/texmf-dist/fonts/type1/public/amsfonts/cm/cmbx12.pfb>
</usr/local/texlive/2011/texmf-dist/fonts/type1/public/amsfonts/cm/cmbxti10.pfb
></usr/local/texlive/2011/texmf-dist/fonts/type1/public/amsfonts/cm/cmex10.pfb>
</usr/local/texlive/2011/texmf-dist/fonts/type1/public/amsfonts/cm/cmmi12.pfb><
/usr/local/texlive/2011/texmf-dist/fonts/type1/public/amsfonts/cm/cmmi8.pfb></u
sr/local/texlive/2011/texmf-dist/fonts/type1/public/amsfonts/cm/cmr12.pfb></usr
/local/texlive/2011/texmf-dist/fonts/type1/public/amsfonts/cm/cmr8.pfb></usr/lo
cal/texlive/2011/texmf-dist/fonts/type1/public/amsfonts/cm/cmsl12.pfb></usr/loc
al/texlive/2011/texmf-dist/fonts/type1/public/amsfonts/cm/cmsy10.pfb></usr/loca
l/texlive/2011/texmf-dist/fonts/type1/public/amsfonts/cm/cmsy8.pfb></usr/local/
texlive/2011/texmf-dist/fonts/type1/public/amsfonts/cm/cmti12.pfb></usr/local/t
exlive/2011/texmf-dist/fonts/type1/public/amsfonts/cm/cmtt12.pfb></usr/local/te
xlive/2011/texmf-dist/fonts/type1/public/amsfonts/cm/cmtt8.pfb></usr/local/texl
ive/2011/texmf-dist/fonts/type1/public/cm-super/sfrm0800.pfb></usr/local/texliv
e/2011/texmf-dist/fonts/type1/public/cm-super/sfrm1200.pfb>
Output written on DSA.pdf (169 pages, 944220 bytes).
PDF statistics:
 633 PDF objects out of 1000 (max. 8388607)
 421 compressed objects within 5 object streams
 0 named destinations out of 1000 (max. 500000)
 96 words of extra memory for PDF output out of 10000 (max. 10000000)

